#
# A fatal error has been detected by the Java Runtime Environment:
#
#  EXCEPTION_ACCESS_VIOLATION (0xc0000005) at pc=0x00007ffd579a1ed4, pid=1228, tid=8676
#
# JRE version: Java(TM) SE Runtime Environment (8.0_65-b17) (build 1.8.0_65-b17)
# Java VM: Java HotSpot(TM) 64-Bit Server VM (25.65-b01 mixed mode windows-amd64 compressed oops)
# Problematic frame:
# C  [OPENGL32.dll+0xe1ed4]
#
# Failed to write core dump. Minidumps are not enabled by default on client versions of Windows
#
# If you would like to submit a bug report, please visit:
#   http://bugreport.java.com/bugreport/crash.jsp
#

---------------  T H R E A D  ---------------

Current thread (0x0000000016d87800):  VMThread [stack: 0x0000000017e10000,0x0000000017f10000] [id=8676]

siginfo: ExceptionCode=0xc0000005, reading address 0x0000000000000a38

Registers:
RAX=0x0000000000000000, RBX=0x0000000027792fa0, RCX=0x0000000000000001, RDX=0x0000000027792fa8
RSP=0x0000000017f0f408, RBP=0x0000000000000000, RSI=0x0000000027794140, RDI=0x0000000027794140
R8 =0x0000000017f0f488, R9 =0x0000000016c95400, R10=0x0000000000000000, R11=0x0000000000000286
R12=0x0000000000000000, R13=0x0000000027686e10, R14=0x0000000027686cc0, R15=0x0000000000000000
RIP=0x00007ffd579a1ed4, EFLAGS=0x0000000000010287

Top of Stack: (sp=0x0000000017f0f408)
0x0000000017f0f408:   00007ffd4d2e244b 0000000000000000
0x0000000017f0f418:   0000000000000002 0000000027686e10
0x0000000017f0f428:   0000000000000001 0000000000000000
0x0000000017f0f438:   00007ffd4d2e7f17 0000000027680000
0x0000000017f0f448:   0000000027680000 0000000000000000
0x0000000017f0f458:   0000000000000000 fffffffffffffffe
0x0000000017f0f468:   0000000017f0f4d0 0000000000000000
0x0000000017f0f478:   00007ffd4d2e87c9 0000000027794140
0x0000000017f0f488:   0000000027797160 00007ffd4d3d1940
0x0000000017f0f498:   00007ffd4d365700 fffffffffffffffe
0x0000000017f0f4a8:   0000000027686cc0 0000000000000001
0x0000000017f0f4b8:   0000000027686de8 0000000027686cc0
0x0000000017f0f4c8:   00007ffd4d36d7ad 00007ffd4d4a65b0
0x0000000017f0f4d8:   00007ffd4d3d1930 0000000016c95400
0x0000000017f0f4e8:   0000000002156490 0000000027686de8
0x0000000017f0f4f8:   0000000027686cc0 0000000027686cc0 

Instructions: (pc=0x00007ffd579a1ed4)
0x00007ffd579a1eb4:   cc cc cc cc cc cc 66 0f 1f 44 00 00 8b 05 42 71
0x00007ffd579a1ec4:   01 00 83 f8 40 73 0f 65 48 8b 04 c5 80 14 00 00
0x00007ffd579a1ed4:   ff a0 38 0a 00 00 b8 47 01 00 00 e9 ec d4 ff ff
0x00007ffd579a1ee4:   cc cc cc cc cc cc 66 0f 1f 44 00 00 8b 05 12 71 


Register to memory mapping:

RAX=0x0000000000000000 is an unknown value
RBX=0x0000000027792fa0 is an unknown value
RCX=0x0000000000000001 is an unknown value
RDX=0x0000000027792fa8 is an unknown value
RSP=0x0000000017f0f408 is an unknown value
RBP=0x0000000000000000 is an unknown value
RSI=0x0000000027794140 is an unknown value
RDI=0x0000000027794140 is an unknown value
R8 =0x0000000017f0f488 is an unknown value
R9 =0x0000000016c95400 is an unknown value
R10=0x0000000000000000 is an unknown value
R11=0x0000000000000286 is an unknown value
R12=0x0000000000000000 is an unknown value
R13=0x0000000027686e10 is an unknown value
R14=0x0000000027686cc0 is an unknown value
R15=0x0000000000000000 is an unknown value


Stack: [0x0000000017e10000,0x0000000017f10000],  sp=0x0000000017f0f408,  free space=1021k
Native frames: (J=compiled Java code, j=interpreted, Vv=VM code, C=native code)

VM_Operation (0x000000000210f440): Exit, mode: safepoint, requested by thread 0x0000000002110800


---------------  P R O C E S S  ---------------

Java Threads: ( => current thread )
  0x0000000025a3c800 JavaThread "AWT-Shutdown" [_thread_blocked, id=10380, stack(0x0000000031890000,0x0000000031990000)]
  0x000000001ebf4000 JavaThread "Java2D Disposer" daemon [_thread_blocked, id=2752, stack(0x000000001f210000,0x000000001f310000)]
  0x000000001873a000 JavaThread "Service Thread" daemon [_thread_blocked, id=4760, stack(0x0000000018b20000,0x0000000018c20000)]
  0x0000000016df1800 JavaThread "C1 CompilerThread2" daemon [_thread_blocked, id=11120, stack(0x0000000018620000,0x0000000018720000)]
  0x0000000016ddc000 JavaThread "C2 CompilerThread1" daemon [_thread_blocked, id=1244, stack(0x0000000018520000,0x0000000018620000)]
  0x0000000016dbd800 JavaThread "C2 CompilerThread0" daemon [_thread_blocked, id=8080, stack(0x0000000018420000,0x0000000018520000)]
  0x0000000016dbb800 JavaThread "Attach Listener" daemon [_thread_blocked, id=11608, stack(0x0000000018320000,0x0000000018420000)]
  0x0000000016dbb000 JavaThread "Signal Dispatcher" daemon [_thread_blocked, id=6960, stack(0x0000000018220000,0x0000000018320000)]
  0x0000000002207800 JavaThread "Finalizer" daemon [_thread_blocked, id=8148, stack(0x0000000018010000,0x0000000018110000)]
  0x00000000021ff800 JavaThread "Reference Handler" daemon [_thread_blocked, id=11420, stack(0x0000000017f10000,0x0000000018010000)]
  0x0000000002110800 JavaThread "main" [_thread_blocked, id=10660, stack(0x0000000002010000,0x0000000002110000)]

Other Threads:
=>0x0000000016d87800 VMThread [stack: 0x0000000017e10000,0x0000000017f10000] [id=8676]

VM state:at safepoint (shutting down)

VM Mutex/Monitor currently owned by a thread:  ([mutex/lock_event])
[0x000000000200cbe0] Threads_lock - owner thread: 0x0000000016d87800

Heap:
 PSYoungGen      total 26112K, used 8044K [0x00000000d5980000, 0x00000000d7500000, 0x0000000100000000)
  eden space 24064K, 32% used [0x00000000d5980000,0x00000000d6113140,0x00000000d7100000)
  from space 2048K, 14% used [0x00000000d7300000,0x00000000d7348000,0x00000000d7500000)
  to   space 2048K, 0% used [0x00000000d7100000,0x00000000d7100000,0x00000000d7300000)
 ParOldGen       total 87552K, used 1903K [0x0000000080c00000, 0x0000000086180000, 0x00000000d5980000)
  object space 87552K, 2% used [0x0000000080c00000,0x0000000080ddbc30,0x0000000086180000)
 Metaspace       used 8819K, capacity 8947K, committed 9216K, reserved 1056768K
  class space    used 907K, capacity 966K, committed 1024K, reserved 1048576K

Card table byte_map: [0x00000000115d0000,0x00000000119d0000] byte_map_base: 0x00000000111ca000

Marking Bits: (ParMarkBitMap*) 0x000000006f1fa5b0
 Begin Bits: [0x0000000012080000, 0x0000000014050000)
 End Bits:   [0x0000000014050000, 0x0000000016020000)

Polling page: 0x00000000006e0000

CodeCache: size=245760Kb used=5805Kb max_used=5816Kb free=239954Kb
 bounds [0x0000000002210000, 0x00000000027d0000, 0x0000000011210000]
 total_blobs=1846 nmethods=1335 adapters=424
 compilation: enabled

Compilation events (10 events):
Event: 19.710 Thread 0x0000000016df1800 1334   !   3       java.lang.ref.Finalizer::runFinalizer (62 bytes)
Event: 19.710 Thread 0x0000000016ddc000 1336       4       java.lang.System$2::invokeFinalize (5 bytes)
Event: 19.710 Thread 0x0000000016dbd800 1337       4       java.lang.ref.Finalizer::hasBeenFinalized (14 bytes)
Event: 19.710 Thread 0x0000000016df1800 nmethod 1334 0x0000000002797c90 code [0x0000000002797e40, 0x00000000027986b8]
Event: 19.710 Thread 0x0000000016dbd800 nmethod 1337 0x00000000026ad850 code [0x00000000026ad980, 0x00000000026ad9f8]
Event: 19.710 Thread 0x0000000016df1800 1335   !   3       java.lang.ref.Finalizer::remove (94 bytes)
Event: 19.710 Thread 0x0000000016df1800 nmethod 1335 0x0000000002797510 code [0x0000000002797680, 0x0000000002797b50]
Event: 19.711 Thread 0x0000000016ddc000 nmethod 1336 0x000000000231ce10 code [0x000000000231cf60, 0x000000000231d2e8]
Event: 21.969 Thread 0x0000000016dbd800 1338       4       java.lang.AbstractStringBuilder::ensureCapacityInternal (16 bytes)
Event: 21.971 Thread 0x0000000016dbd800 nmethod 1338 0x00000000027b5290 code [0x00000000027b53e0, 0x00000000027b5658]

GC Heap History (10 events):
Event: 19.400 GC heap before
{Heap before GC invocations=22 (full 0):
 PSYoungGen      total 25088K, used 24864K [0x00000000d5980000, 0x00000000d7580000, 0x0000000100000000)
  eden space 24576K, 100% used [0x00000000d5980000,0x00000000d7180000,0x00000000d7180000)
  from space 512K, 56% used [0x00000000d7200000,0x00000000d7248000,0x00000000d7280000)
  to   space 2048K, 0% used [0x00000000d7380000,0x00000000d7380000,0x00000000d7580000)
 ParOldGen       total 87552K, used 1831K [0x0000000080c00000, 0x0000000086180000, 0x00000000d5980000)
  object space 87552K, 2% used [0x0000000080c00000,0x0000000080dc9c30,0x0000000086180000)
 Metaspace       used 8802K, capacity 8947K, committed 9216K, reserved 1056768K
  class space    used 905K, capacity 966K, committed 1024K, reserved 1048576K
Event: 19.400 GC heap after
Heap after GC invocations=22 (full 0):
 PSYoungGen      total 25600K, used 288K [0x00000000d5980000, 0x00000000d7500000, 0x0000000100000000)
  eden space 24064K, 0% used [0x00000000d5980000,0x00000000d5980000,0x00000000d7100000)
  from space 1536K, 18% used [0x00000000d7380000,0x00000000d73c8000,0x00000000d7500000)
  to   space 2048K, 0% used [0x00000000d7100000,0x00000000d7100000,0x00000000d7300000)
 ParOldGen       total 87552K, used 1839K [0x0000000080c00000, 0x0000000086180000, 0x00000000d5980000)
  object space 87552K, 2% used [0x0000000080c00000,0x0000000080dcbc30,0x0000000086180000)
 Metaspace       used 8802K, capacity 8947K, committed 9216K, reserved 1056768K
  class space    used 905K, capacity 966K, committed 1024K, reserved 1048576K
}
Event: 19.708 GC heap before
{Heap before GC invocations=23 (full 0):
 PSYoungGen      total 25600K, used 24352K [0x00000000d5980000, 0x00000000d7500000, 0x0000000100000000)
  eden space 24064K, 100% used [0x00000000d5980000,0x00000000d7100000,0x00000000d7100000)
  from space 1536K, 18% used [0x00000000d7380000,0x00000000d73c8000,0x00000000d7500000)
  to   space 2048K, 0% used [0x00000000d7100000,0x00000000d7100000,0x00000000d7300000)
 ParOldGen       total 87552K, used 1839K [0x0000000080c00000, 0x0000000086180000, 0x00000000d5980000)
  object space 87552K, 2% used [0x0000000080c00000,0x0000000080dcbc30,0x0000000086180000)
 Metaspace       used 8802K, capacity 8947K, committed 9216K, reserved 1056768K
  class space    used 905K, capacity 966K, committed 1024K, reserved 1048576K
Event: 19.708 GC heap after
Heap after GC invocations=23 (full 0):
 PSYoungGen      total 26112K, used 288K [0x00000000d5980000, 0x00000000d7500000, 0x0000000100000000)
  eden space 24064K, 0% used [0x00000000d5980000,0x00000000d5980000,0x00000000d7100000)
  from space 2048K, 14% used [0x00000000d7100000,0x00000000d7148000,0x00000000d7300000)
  to   space 2048K, 0% used [0x00000000d7300000,0x00000000d7300000,0x00000000d7500000)
 ParOldGen       total 87552K, used 1855K [0x0000000080c00000, 0x0000000086180000, 0x00000000d5980000)
  object space 87552K, 2% used [0x0000000080c00000,0x0000000080dcfc30,0x0000000086180000)
 Metaspace       used 8802K, capacity 8947K, committed 9216K, reserved 1056768K
  class space    used 905K, capacity 966K, committed 1024K, reserved 1048576K
}
Event: 19.798 GC heap before
{Heap before GC invocations=24 (full 0):
 PSYoungGen      total 26112K, used 24352K [0x00000000d5980000, 0x00000000d7500000, 0x0000000100000000)
  eden space 24064K, 100% used [0x00000000d5980000,0x00000000d7100000,0x00000000d7100000)
  from space 2048K, 14% used [0x00000000d7100000,0x00000000d7148000,0x00000000d7300000)
  to   space 2048K, 0% used [0x00000000d7300000,0x00000000d7300000,0x00000000d7500000)
 ParOldGen       total 87552K, used 1855K [0x0000000080c00000, 0x0000000086180000, 0x00000000d5980000)
  object space 87552K, 2% used [0x0000000080c00000,0x0000000080dcfc30,0x0000000086180000)
 Metaspace       used 8802K, capacity 8947K, committed 9216K, reserved 1056768K
  class space    used 905K, capacity 966K, committed 1024K, reserved 1048576K
Event: 19.799 GC heap after
Heap after GC invocations=24 (full 0):
 PSYoungGen      total 26112K, used 288K [0x00000000d5980000, 0x00000000d7500000, 0x0000000100000000)
  eden space 24064K, 0% used [0x00000000d5980000,0x00000000d5980000,0x00000000d7100000)
  from space 2048K, 14% used [0x00000000d7300000,0x00000000d7348000,0x00000000d7500000)
  to   space 2048K, 0% used [0x00000000d7100000,0x00000000d7100000,0x00000000d7300000)
 ParOldGen       total 87552K, used 1871K [0x0000000080c00000, 0x0000000086180000, 0x00000000d5980000)
  object space 87552K, 2% used [0x0000000080c00000,0x0000000080dd3c30,0x0000000086180000)
 Metaspace       used 8802K, capacity 8947K, committed 9216K, reserved 1056768K
  class space    used 905K, capacity 966K, committed 1024K, reserved 1048576K
}
Event: 19.888 GC heap before
{Heap before GC invocations=25 (full 0):
 PSYoungGen      total 26112K, used 24352K [0x00000000d5980000, 0x00000000d7500000, 0x0000000100000000)
  eden space 24064K, 100% used [0x00000000d5980000,0x00000000d7100000,0x00000000d7100000)
  from space 2048K, 14% used [0x00000000d7300000,0x00000000d7348000,0x00000000d7500000)
  to   space 2048K, 0% used [0x00000000d7100000,0x00000000d7100000,0x00000000d7300000)
 ParOldGen       total 87552K, used 1871K [0x0000000080c00000, 0x0000000086180000, 0x00000000d5980000)
  object space 87552K, 2% used [0x0000000080c00000,0x0000000080dd3c30,0x0000000086180000)
 Metaspace       used 8802K, capacity 8947K, committed 9216K, reserved 1056768K
  class space    used 905K, capacity 966K, committed 1024K, reserved 1048576K
Event: 19.889 GC heap after
Heap after GC invocations=25 (full 0):
 PSYoungGen      total 26112K, used 288K [0x00000000d5980000, 0x00000000d7500000, 0x0000000100000000)
  eden space 24064K, 0% used [0x00000000d5980000,0x00000000d5980000,0x00000000d7100000)
  from space 2048K, 14% used [0x00000000d7100000,0x00000000d7148000,0x00000000d7300000)
  to   space 2048K, 0% used [0x00000000d7300000,0x00000000d7300000,0x00000000d7500000)
 ParOldGen       total 87552K, used 1887K [0x0000000080c00000, 0x0000000086180000, 0x00000000d5980000)
  object space 87552K, 2% used [0x0000000080c00000,0x0000000080dd7c30,0x0000000086180000)
 Metaspace       used 8802K, capacity 8947K, committed 9216K, reserved 1056768K
  class space    used 905K, capacity 966K, committed 1024K, reserved 1048576K
}
Event: 19.979 GC heap before
{Heap before GC invocations=26 (full 0):
 PSYoungGen      total 26112K, used 24352K [0x00000000d5980000, 0x00000000d7500000, 0x0000000100000000)
  eden space 24064K, 100% used [0x00000000d5980000,0x00000000d7100000,0x00000000d7100000)
  from space 2048K, 14% used [0x00000000d7100000,0x00000000d7148000,0x00000000d7300000)
  to   space 2048K, 0% used [0x00000000d7300000,0x00000000d7300000,0x00000000d7500000)
 ParOldGen       total 87552K, used 1887K [0x0000000080c00000, 0x0000000086180000, 0x00000000d5980000)
  object space 87552K, 2% used [0x0000000080c00000,0x0000000080dd7c30,0x0000000086180000)
 Metaspace       used 8802K, capacity 8947K, committed 9216K, reserved 1056768K
  class space    used 905K, capacity 966K, committed 1024K, reserved 1048576K
Event: 19.979 GC heap after
Heap after GC invocations=26 (full 0):
 PSYoungGen      total 26112K, used 288K [0x00000000d5980000, 0x00000000d7500000, 0x0000000100000000)
  eden space 24064K, 0% used [0x00000000d5980000,0x00000000d5980000,0x00000000d7100000)
  from space 2048K, 14% used [0x00000000d7300000,0x00000000d7348000,0x00000000d7500000)
  to   space 2048K, 0% used [0x00000000d7100000,0x00000000d7100000,0x00000000d7300000)
 ParOldGen       total 87552K, used 1903K [0x0000000080c00000, 0x0000000086180000, 0x00000000d5980000)
  object space 87552K, 2% used [0x0000000080c00000,0x0000000080ddbc30,0x0000000086180000)
 Metaspace       used 8802K, capacity 8947K, committed 9216K, reserved 1056768K
  class space    used 905K, capacity 966K, committed 1024K, reserved 1048576K
}

Deoptimization events (10 events):
Event: 0.928 Thread 0x0000000002110800 Uncommon trap: reason=unstable_if action=reinterpret pc=0x00000000024089c4 method=java.awt.image.ComponentColorModel.extractComponent(Ljava/lang/Object;II)I @ 4
Event: 0.950 Thread 0x0000000002110800 Uncommon trap: reason=bimorphic action=maybe_recompile pc=0x00000000025e1728 method=java.awt.image.BufferedImage.getRGB(IIII[III)[I @ 202
Event: 0.958 Thread 0x0000000002110800 Uncommon trap: reason=bimorphic action=maybe_recompile pc=0x00000000025e1728 method=java.awt.image.BufferedImage.getRGB(IIII[III)[I @ 202
Event: 3.235 Thread 0x0000000002110800 Uncommon trap: reason=unstable_if action=reinterpret pc=0x000000000269835c method=java.util.ArrayList.indexOf(Ljava/lang/Object;)I @ 41
Event: 4.018 Thread 0x0000000002110800 Uncommon trap: reason=unstable_if action=reinterpret pc=0x000000000259b140 method=sun.awt.AppContext.get(Ljava/lang/Object;)Ljava/lang/Object; @ 21
Event: 6.812 Thread 0x0000000002110800 Uncommon trap: reason=unstable_if action=reinterpret pc=0x00000000026ba664 method=org.lwjgl.opengl.WindowsKeyboard.flushRetained()V @ 4
Event: 7.115 Thread 0x0000000002110800 Uncommon trap: reason=unstable_if action=reinterpret pc=0x00000000026b5434 method=org.lwjgl.opengl.WindowsKeyboard.flushRetained()V @ 4
Event: 19.402 Thread 0x0000000002207800 Uncommon trap: reason=unstable_if action=reinterpret pc=0x0000000002779de8 method=java.lang.ref.Finalizer.remove()V @ 10
Event: 19.402 Thread 0x0000000002207800 Uncommon trap: reason=unstable_if action=reinterpret pc=0x000000000277b9d4 method=java.lang.ref.Finalizer.remove()V @ 10
Event: 19.402 Thread 0x0000000002207800 Uncommon trap: reason=unstable_if action=reinterpret pc=0x00000000027970e8 method=java.lang.ref.Finalizer.remove()V @ 10

Internal exceptions (10 events):
Event: 0.023 Thread 0x0000000002110800 Exception <a 'java/lang/NoSuchMethodError': Method sun.misc.Unsafe.defineClass(Ljava/lang/String;[BII)Ljava/lang/Class; name or signature does not match> (0x00000000d598d5c8) thrown at [C:\workspace\8-2-build-windows-amd64-cygwin\jdk8u65\4987\hotspot\src\seÃdC"˜?
Event: 0.023 Thread 0x0000000002110800 Exception <a 'java/lang/NoSuchMethodError': Method sun.misc.Unsafe.prefetchRead(Ljava/lang/Object;J)V name or signature does not match> (0x00000000d598d8b0) thrown at [C:\workspace\8-2-build-windows-amd64-cygwin\jdk8u65\4987\hotspot\src\share\vm\prims\jni.b¶Ú4ëøÐ?
Event: 0.265 Thread 0x0000000002110800 Exception <a 'java/security/PrivilegedActionException'> (0x00000000d5f15388) thrown at [C:\workspace\8-2-build-windows-amd64-cygwin\jdk8u65\4987\hotspot\src\share\vm\prims\jvm.cpp, line 1386]
Event: 0.265 Thread 0x0000000002110800 Exception <a 'java/security/PrivilegedActionException'> (0x00000000d5f15780) thrown at [C:\workspace\8-2-build-windows-amd64-cygwin\jdk8u65\4987\hotspot\src\share\vm\prims\jvm.cpp, line 1386]
Event: 0.266 Thread 0x0000000002110800 Exception <a 'java/security/PrivilegedActionException'> (0x00000000d5f196f8) thrown at [C:\workspace\8-2-build-windows-amd64-cygwin\jdk8u65\4987\hotspot\src\share\vm\prims\jvm.cpp, line 1386]
Event: 0.266 Thread 0x0000000002110800 Exception <a 'java/security/PrivilegedActionException'> (0x00000000d5f19af0) thrown at [C:\workspace\8-2-build-windows-amd64-cygwin\jdk8u65\4987\hotspot\src\share\vm\prims\jvm.cpp, line 1386]
Event: 0.268 Thread 0x0000000002110800 Exception <a 'java/io/FileNotFoundException'> (0x00000000d5f1c9f8) thrown at [C:\workspace\8-2-build-windows-amd64-cygwin\jdk8u65\4987\hotspot\src\share\vm\prims\jni.cpp, line 709]
Event: 0.289 Thread 0x0000000002110800 Exception <a 'java/lang/NoSuchFieldError': method resolution failed> (0x00000000d5fe9ca8) thrown at [C:\workspace\8-2-build-windows-amd64-cygwin\jdk8u65\4987\hotspot\src\share\vm\prims\methodHandles.cpp, line 1146]
Event: 0.290 Thread 0x0000000002110800 Exception <a 'java/lang/NoSuchFieldError': method resolution failed> (0x00000000d5ff73c8) thrown at [C:\workspace\8-2-build-windows-amd64-cygwin\jdk8u65\4987\hotspot\src\share\vm\prims\methodHandles.cpp, line 1146]
Event: 0.877 Thread 0x0000000002110800 Exception <a 'java/io/FileNotFoundException'> (0x00000000d5ca32f0) thrown at [C:\workspace\8-2-build-windows-amd64-cygwin\jdk8u65\4987\hotspot\src\share\vm\prims\jni.cpp, line 709]

Events (10 events):
Event: 34.676 loading class java/util/IdentityHashMap$KeySet done
Event: 34.676 loading class java/util/IdentityHashMap$KeyIterator
Event: 34.676 loading class java/util/IdentityHashMap$KeyIterator done
Event: 34.676 Thread 0x00000000206c2800 Thread added: 0x00000000206c2800
Event: 34.676 Thread 0x0000000025a3c800 Thread added: 0x0000000025a3c800
Event: 34.676 loading class sun/java2d/pipe/hw/AccelDeviceEventNotifier
Event: 34.676 loading class sun/java2d/pipe/hw/AccelDeviceEventNotifier done
Event: 34.686 Thread 0x000000001ec28800 Thread exited: 0x000000001ec28800
Event: 34.777 Thread 0x00000000206c2800 Thread exited: 0x00000000206c2800
Event: 34.777 Executing VM operation: Exit


Dynamic libraries:
0x00007ff72f8e0000 - 0x00007ff72f917000 	C:\Program Files\Java\jre1.8.0_65\bin\javaw.exe
0x00007ffd6f550000 - 0x00007ffd6f711000 	C:\WINDOWS\SYSTEM32\ntdll.dll
0x00007ffd6f070000 - 0x00007ffd6f11d000 	C:\WINDOWS\system32\KERNEL32.DLL
0x00007ffd6c920000 - 0x00007ffd6cafd000 	C:\WINDOWS\system32\KERNELBASE.dll
0x00007ffd6cc90000 - 0x00007ffd6cd36000 	C:\WINDOWS\system32\ADVAPI32.dll
0x00007ffd6f2e0000 - 0x00007ffd6f37d000 	C:\WINDOWS\system32\msvcrt.dll
0x00007ffd6cf60000 - 0x00007ffd6cfbb000 	C:\WINDOWS\system32\sechost.dll
0x00007ffd6e880000 - 0x00007ffd6e9a6000 	C:\WINDOWS\system32\RPCRT4.dll
0x00007ffd6ef20000 - 0x00007ffd6f06e000 	C:\WINDOWS\system32\USER32.dll
0x00007ffd6d180000 - 0x00007ffd6d306000 	C:\WINDOWS\system32\GDI32.dll
0x00007ffd60490000 - 0x00007ffd60704000 	C:\WINDOWS\WinSxS\amd64_microsoft.windows.common-controls_6595b64144ccf1df_6.0.10240.16384_none_f41f7b285750ef43\COMCTL32.dll
0x00007ffd6d310000 - 0x00007ffd6d346000 	C:\WINDOWS\system32\IMM32.DLL
0x00007ffd6f390000 - 0x00007ffd6f4ec000 	C:\WINDOWS\system32\MSCTF.dll
0x000000006e760000 - 0x000000006e832000 	C:\Program Files\Java\jre1.8.0_65\bin\msvcr100.dll
0x000000006e9f0000 - 0x000000006f279000 	C:\Program Files\Java\jre1.8.0_65\bin\server\jvm.dll
0x00007ffd6f380000 - 0x00007ffd6f388000 	C:\WINDOWS\system32\PSAPI.DLL
0x00007ffd682d0000 - 0x00007ffd682d9000 	C:\WINDOWS\SYSTEM32\WSOCK32.dll
0x00007ffd676b0000 - 0x00007ffd676ba000 	C:\WINDOWS\SYSTEM32\VERSION.dll
0x00007ffd67cd0000 - 0x00007ffd67cf3000 	C:\WINDOWS\SYSTEM32\WINMM.dll
0x00007ffd6ec30000 - 0x00007ffd6ec99000 	C:\WINDOWS\system32\WS2_32.dll
0x00007ffd6cda0000 - 0x00007ffd6cda8000 	C:\WINDOWS\system32\NSI.dll
0x00007ffd67ca0000 - 0x00007ffd67ccc000 	C:\WINDOWS\SYSTEM32\WINMMBASE.dll
0x00007ffd6c700000 - 0x00007ffd6c744000 	C:\WINDOWS\system32\cfgmgr32.dll
0x00007ffd6a910000 - 0x00007ffd6a937000 	C:\WINDOWS\SYSTEM32\DEVOBJ.dll
0x000000006e900000 - 0x000000006e90f000 	C:\Program Files\Java\jre1.8.0_65\bin\verify.dll
0x000000006e8d0000 - 0x000000006e8f9000 	C:\Program Files\Java\jre1.8.0_65\bin\java.dll
0x000000006e8b0000 - 0x000000006e8c6000 	C:\Program Files\Java\jre1.8.0_65\bin\zip.dll
0x00007ffd6d350000 - 0x00007ffd6e872000 	C:\WINDOWS\system32\SHELL32.dll
0x00007ffd6c020000 - 0x00007ffd6c648000 	C:\WINDOWS\system32\windows.storage.dll
0x00007ffd6eca0000 - 0x00007ffd6ef1c000 	C:\WINDOWS\system32\combase.dll
0x00007ffd6cf00000 - 0x00007ffd6cf51000 	C:\WINDOWS\system32\shlwapi.dll
0x00007ffd6bf80000 - 0x00007ffd6bf8f000 	C:\WINDOWS\system32\kernel.appcore.dll
0x00007ffd6cb00000 - 0x00007ffd6cbb3000 	C:\WINDOWS\system32\shcore.dll
0x00007ffd6bfb0000 - 0x00007ffd6bffa000 	C:\WINDOWS\system32\powrprof.dll
0x00007ffd6c000000 - 0x00007ffd6c013000 	C:\WINDOWS\system32\profapi.dll
0x0000000180000000 - 0x0000000180053000 	C:\Users\Benoit\git\colonie\Colonie\lib\lwjgl-2.9.3\native\windows\lwjgl64.dll
0x00007ffd578c0000 - 0x00007ffd579e8000 	C:\WINDOWS\SYSTEM32\OPENGL32.dll
0x00007ffd60390000 - 0x00007ffd60486000 	C:\WINDOWS\SYSTEM32\DDRAW.dll
0x00007ffd5f070000 - 0x00007ffd5f09e000 	C:\WINDOWS\SYSTEM32\GLU32.dll
0x00007ffd66b10000 - 0x00007ffd66b18000 	C:\WINDOWS\SYSTEM32\DCIMAN32.dll
0x00007ffd6a850000 - 0x00007ffd6a8e6000 	C:\WINDOWS\system32\uxtheme.dll
0x00007ffd649e0000 - 0x00007ffd64a08000 	C:\Program Files (x86)\Raptr\ltc_help64-106568.dll
0x00007ffd6cbc0000 - 0x00007ffd6cc14000 	C:\WINDOWS\system32\WINTRUST.dll
0x00007ffd6bf90000 - 0x00007ffd6bfa1000 	C:\WINDOWS\system32\MSASN1.dll
0x00007ffd6c750000 - 0x00007ffd6c911000 	C:\WINDOWS\system32\CRYPT32.dll
0x00007ffd69ad0000 - 0x00007ffd69af2000 	C:\WINDOWS\system32\dwmapi.dll
0x00007ffd6bda0000 - 0x00007ffd6be0b000 	C:\WINDOWS\SYSTEM32\bcryptPrimitives.dll
0x00007ffd61ce0000 - 0x00007ffd61cf8000 	C:\WINDOWS\SYSTEM32\atig6pxx.dll
0x000000006c8c0000 - 0x000000006e757000 	C:\WINDOWS\SYSTEM32\atio6axx.dll
0x00007ffd6e9b0000 - 0x00007ffd6eb75000 	C:\WINDOWS\system32\SETUPAPI.dll
0x00007ffd4f670000 - 0x00007ffd4f7b8000 	C:\WINDOWS\SYSTEM32\atiadlxx.dll
0x00007ffd6cdb0000 - 0x00007ffd6cef1000 	C:\WINDOWS\system32\ole32.dll
0x00007ffd69b70000 - 0x00007ffd69cf3000 	C:\WINDOWS\SYSTEM32\PROPSYS.dll
0x00007ffd6b5f0000 - 0x00007ffd6b60f000 	C:\WINDOWS\SYSTEM32\USERENV.dll
0x00007ffd69b00000 - 0x00007ffd69b13000 	C:\WINDOWS\SYSTEM32\WTSAPI32.dll
0x00007ffd6a4f0000 - 0x00007ffd6a528000 	C:\WINDOWS\SYSTEM32\IPHLPAPI.DLL
0x00007ffd6f220000 - 0x00007ffd6f2de000 	C:\WINDOWS\system32\OLEAUT32.dll
0x00007ffd6a4e0000 - 0x00007ffd6a4eb000 	C:\WINDOWS\SYSTEM32\WINNSI.DLL
0x00007ffd5ba70000 - 0x00007ffd5ba9c000 	C:\WINDOWS\SYSTEM32\atig6txx.dll
0x00007ffd57820000 - 0x00007ffd578b1000 	C:\WINDOWS\SYSTEM32\mscms.dll
0x00007ffd577d0000 - 0x00007ffd57812000 	C:\WINDOWS\SYSTEM32\icm32.dll
0x000000006c720000 - 0x000000006c8b8000 	C:\Program Files\Java\jre1.8.0_65\bin\awt.dll
0x00007ffd690c0000 - 0x00007ffd69138000 	C:\WINDOWS\system32\apphelp.dll
0x000000006c6d0000 - 0x000000006c717000 	C:\Program Files\Java\jre1.8.0_65\bin\fontmanager.dll
0x000000006e890000 - 0x000000006e8aa000 	C:\Program Files\Java\jre1.8.0_65\bin\net.dll
0x00007ffd6b760000 - 0x00007ffd6b7bd000 	C:\WINDOWS\system32\mswsock.dll
0x000000006e870000 - 0x000000006e881000 	C:\Program Files\Java\jre1.8.0_65\bin\nio.dll
0x00007ffd50890000 - 0x00007ffd50aa0000 	C:\WINDOWS\system32\d3d9.dll
0x000000006bdd0000 - 0x000000006be12000 	C:\Program Files\Java\jre1.8.0_65\bin\t2k.dll
0x00007ffd6b7c0000 - 0x00007ffd6b7d7000 	C:\WINDOWS\system32\CRYPTSP.dll
0x00007ffd6beb0000 - 0x00007ffd6bed8000 	C:\WINDOWS\system32\bcrypt.dll
0x00007ffd6b410000 - 0x00007ffd6b443000 	C:\WINDOWS\system32\rsaenh.dll
0x00007ffd6b910000 - 0x00007ffd6b91b000 	C:\WINDOWS\SYSTEM32\CRYPTBASE.dll
0x00007ffd6f120000 - 0x00007ffd6f13c000 	C:\WINDOWS\system32\imagehlp.dll
0x00007ffd6aea0000 - 0x00007ffd6aec3000 	C:\WINDOWS\SYSTEM32\gpapi.dll
0x00007ffd55540000 - 0x00007ffd5556f000 	C:\Windows\System32\cryptnet.dll
0x00007ffd6cd40000 - 0x00007ffd6cd9b000 	C:\WINDOWS\system32\WLDAP32.dll
0x00007ffd4d280000 - 0x00007ffd4d4c8000 	C:\PROGRA~2\Raptr\ltc_game64-106568.dll
0x00007ffd46340000 - 0x00007ffd464ca000 	C:\WINDOWS\SYSTEM32\dbghelp.dll

VM Arguments:
jvm_args: -Djava.library.path=C:\Users\Benoit\git\colonie\Colonie\lib\lwjgl-2.9.3\native\windows -Dfile.encoding=Cp1252 
java_command: fr.benoitsepe.colonie.main.Main
java_class_path (initial): C:\Users\Benoit\git\colonie\Colonie\bin;C:\Users\Benoit\git\colonie\Colonie\res;C:\Users\Benoit\git\colonie\Colonie\lib\lwjgl-2.9.3\jar\AppleJavaExtensions.jar;C:\Users\Benoit\git\colonie\Colonie\lib\lwjgl-2.9.3\jar\asm-debug-all.jar;C:\Users\Benoit\git\colonie\Colonie\lib\lwjgl-2.9.3\jar\jinput.jar;C:\Users\Benoit\git\colonie\Colonie\lib\lwjgl-2.9.3\jar\laf-plugin-7.2.1.jar;C:\Users\Benoit\git\colonie\Colonie\lib\lwjgl-2.9.3\jar\laf-widget-7.2.1.jar;C:\Users\Benoit\git\colonie\Colonie\lib\lwjgl-2.9.3\jar\log4j-api-2.0-beta9.jar;C:\Users\Benoit\git\colonie\Colonie\lib\lwjgl-2.9.3\jar\lwjgl_test.jar;C:\Users\Benoit\git\colonie\Colonie\lib\lwjgl-2.9.3\jar\lwjgl_util_applet.jar;C:\Users\Benoit\git\colonie\Colonie\lib\lwjgl-2.9.3\jar\lwjgl_util.jar;C:\Users\Benoit\git\colonie\Colonie\lib\lwjgl-2.9.3\jar\lwjgl-debug.jar;C:\Users\Benoit\git\colonie\Colonie\lib\lwjgl-2.9.3\jar\lwjgl.jar;C:\Users\Benoit\git\colonie\Colonie\lib\lwjgl-2.9.3\jar\lzma.jar;C:\Users\Benoit\git\colonie\Colonie\lib\lwjgl-2.9.3\jar\substance-7.2.1.jar;C:\Users\Benoit\git\colonie\Colonie\lib\lwjgl-2.9.3\jar\trident-7.2.1.jar
Launcher Type: SUN_STANDARD

Environment Variables:
PATH=C:/Program Files/Java/jre1.8.0_65/bin/server;C:/Program Files/Java/jre1.8.0_65/bin;C:/Program Files/Java/jre1.8.0_65/lib/amd64;C:\Program Files (x86)\Google\Chrome\Application;C:\ProgramData\Oracle\Java\javapath;C:\Program Files (x86)\NVIDIA Corporation\PhysX\Common;C:\WINDOWS\system32;C:\WINDOWS;C:\WINDOWS\System32\Wbem;C:\WINDOWS\System32\WindowsPowerShell\v1.0\;C:\Program Files (x86)\ATI Technologies\ATI.ACE\Core-Static;C:\WINDOWS\system32\config\systemprofile\.dnx\bin;C:\Program Files\Microsoft DNX\Dnvm\;C:\Program Files (x86)\Windows Kits\8.1\Windows Performance Toolkit\;C:\Program Files (x86)\Skype\Phone\;C:\Program Files\MATLAB\R2015b\bin;C:\Users\Benoit\AppData\Local\atom\bin;C:\Users\Benoit\Downloads;
USERNAME=Benoît
OS=Windows_NT
PROCESSOR_IDENTIFIER=Intel64 Family 6 Model 60 Stepping 3, GenuineIntel



---------------  S Y S T E M  ---------------

OS: Windows 10.0 , 64 bit Build 10240 (10.0.10240.16384)

CPU:total 4 (4 cores per cpu, 1 threads per core) family 6 model 60 stepping 3, cmov, cx8, fxsr, mmx, sse, sse2, sse3, ssse3, sse4.1, sse4.2, popcnt, avx, avx2, aes, clmul, erms, lzcnt, tsc, tscinvbit, bmi1, bmi2

Memory: 4k page, physical 8336240k(4032104k free), swap 9646960k(4445368k free)

vm_info: Java HotSpot(TM) 64-Bit Server VM (25.65-b01) for windows-amd64 JRE (1.8.0_65-b17), built on Oct  6 2015 16:39:20 by "java_re" with MS VC++ 10.0 (VS2010)

time: Mon Dec 28 14:59:34 2015
elapsed time: 34 seconds (0d 0h 0m 34s)

