#
# A fatal error has been detected by the Java Runtime Environment:
#
#  EXCEPTION_ACCESS_VIOLATION (0xc0000005) at pc=0x00007ffdbf912224, pid=1288, tid=1960
#
# JRE version: Java(TM) SE Runtime Environment (8.0_65-b17) (build 1.8.0_65-b17)
# Java VM: Java HotSpot(TM) 64-Bit Server VM (25.65-b01 mixed mode windows-amd64 compressed oops)
# Problematic frame:
# C  [OPENGL32.dll+0xe2224]
#
# Failed to write core dump. Minidumps are not enabled by default on client versions of Windows
#
# If you would like to submit a bug report, please visit:
#   http://bugreport.java.com/bugreport/crash.jsp
#

---------------  T H R E A D  ---------------

Current thread (0x0000000016fa8000):  VMThread [stack: 0x0000000018060000,0x0000000018160000] [id=1960]

siginfo: ExceptionCode=0xc0000005, reading address 0x0000000000000a38

Registers:
RAX=0x0000000000000000, RBX=0x0000000024752170, RCX=0x0000000000000001, RDX=0x0000000024752178
RSP=0x000000001815f2d8, RBP=0x0000000000000000, RSI=0x0000000024756550, RDI=0x0000000024756550
R8 =0x000000001815f358, R9 =0x0000000016eb67e0, R10=0x0000000000000000, R11=0x0000000000000246
R12=0x0000000000000000, R13=0x000000001ec16cc0, R14=0x000000001ec16b70, R15=0x0000000000000000
RIP=0x00007ffdbf912224, EFLAGS=0x0000000000010283

Top of Stack: (sp=0x000000001815f2d8)
0x000000001815f2d8:   00007ffdb8a1244b 000000001ec16cc0
0x000000001815f2e8:   0000000000000001 000000001ec10000
0x000000001815f2f8:   00007ffdd3d007d9 0000000000000000
0x000000001815f308:   00007ffdb8a17f17 0000000000000000
0x000000001815f318:   0000000000000000 000000001ec16ca0
0x000000001815f328:   00007ffdb8a17283 fffffffffffffffe
0x000000001815f338:   000000001815f3a0 0000000000000000
0x000000001815f348:   00007ffdb8a187c9 0000000024756550
0x000000001815f358:   00000000247570b0 0000000016eb67e0
0x000000001815f368:   00007ffdb8a95700 fffffffffffffffe
0x000000001815f378:   000000001ec191c0 0000000000000001
0x000000001815f388:   000000001ec16c98 000000001ec16b70
0x000000001815f398:   00007ffdb8a9d7ad 00007ffdb8bd65b0
0x000000001815f3a8:   00007ffdb8b01930 0000000016eb67e0
0x000000001815f3b8:   00007ffdd3d007d9 000000001ec16c98
0x000000001815f3c8:   000000001ec16b70 000000001ec16b70 

Instructions: (pc=0x00007ffdbf912224)
0x00007ffdbf912204:   cc cc cc cc cc cc 66 0f 1f 44 00 00 8b 05 f2 7d
0x00007ffdbf912214:   01 00 83 f8 40 73 0f 65 48 8b 04 c5 80 14 00 00
0x00007ffdbf912224:   ff a0 38 0a 00 00 b8 47 01 00 00 e9 ec d4 ff ff
0x00007ffdbf912234:   cc cc cc cc cc cc 66 0f 1f 44 00 00 8b 05 c2 7d 


Register to memory mapping:

RAX=0x0000000000000000 is an unknown value
RBX=0x0000000024752170 is an unknown value
RCX=0x0000000000000001 is an unknown value
RDX=0x0000000024752178 is an unknown value
RSP=0x000000001815f2d8 is an unknown value
RBP=0x0000000000000000 is an unknown value
RSI=0x0000000024756550 is an unknown value
RDI=0x0000000024756550 is an unknown value
R8 =0x000000001815f358 is an unknown value
R9 =0x0000000016eb67e0 is an unknown value
R10=0x0000000000000000 is an unknown value
R11=0x0000000000000246 is an unknown value
R12=0x0000000000000000 is an unknown value
R13=0x000000001ec16cc0 is an unknown value
R14=0x000000001ec16b70 is an unknown value
R15=0x0000000000000000 is an unknown value


Stack: [0x0000000018060000,0x0000000018160000],  sp=0x000000001815f2d8,  free space=1020k
Native frames: (J=compiled Java code, j=interpreted, Vv=VM code, C=native code)

VM_Operation (0x000000000228ef40): Exit, mode: safepoint, requested by thread 0x0000000002330800


---------------  P R O C E S S  ---------------

Java Threads: ( => current thread )
  0x0000000018b0f000 JavaThread "AWT-Shutdown" [_thread_blocked, id=7592, stack(0x0000000029d30000,0x0000000029e30000)]
  0x0000000018c5c000 JavaThread "Java2D Disposer" daemon [_thread_blocked, id=3736, stack(0x000000001f470000,0x000000001f570000)]
  0x00000000189a1800 JavaThread "Service Thread" daemon [_thread_blocked, id=3920, stack(0x0000000018d70000,0x0000000018e70000)]
  0x0000000016fe4000 JavaThread "C1 CompilerThread2" daemon [_thread_blocked, id=3716, stack(0x0000000018870000,0x0000000018970000)]
  0x0000000016fdf800 JavaThread "C2 CompilerThread1" daemon [_thread_blocked, id=2596, stack(0x0000000018770000,0x0000000018870000)]
  0x0000000016fdc000 JavaThread "C2 CompilerThread0" daemon [_thread_blocked, id=6028, stack(0x0000000018670000,0x0000000018770000)]
  0x0000000016fda000 JavaThread "Attach Listener" daemon [_thread_blocked, id=3688, stack(0x0000000018570000,0x0000000018670000)]
  0x0000000016fd9000 JavaThread "Signal Dispatcher" daemon [_thread_blocked, id=6680, stack(0x0000000018470000,0x0000000018570000)]
  0x0000000002426000 JavaThread "Finalizer" daemon [_thread_blocked, id=6872, stack(0x0000000018260000,0x0000000018360000)]
  0x000000000241d000 JavaThread "Reference Handler" daemon [_thread_blocked, id=6052, stack(0x0000000018160000,0x0000000018260000)]
  0x0000000002330800 JavaThread "main" [_thread_blocked, id=7584, stack(0x0000000002190000,0x0000000002290000)]

Other Threads:
=>0x0000000016fa8000 VMThread [stack: 0x0000000018060000,0x0000000018160000] [id=1960]

VM state:at safepoint (shutting down)

VM Mutex/Monitor currently owned by a thread:  ([mutex/lock_event])
[0x000000000232bfd0] Threads_lock - owner thread: 0x0000000016fa8000

Heap:
 PSYoungGen      total 38400K, used 5622K [0x00000000d5980000, 0x00000000d8400000, 0x0000000100000000)
  eden space 33280K, 10% used [0x00000000d5980000,0x00000000d5cd97e0,0x00000000d7a00000)
  from space 5120K, 42% used [0x00000000d7a00000,0x00000000d7c240f8,0x00000000d7f00000)
  to   space 5120K, 0% used [0x00000000d7f00000,0x00000000d7f00000,0x00000000d8400000)
 ParOldGen       total 87552K, used 8K [0x0000000080c00000, 0x0000000086180000, 0x00000000d5980000)
  object space 87552K, 0% used [0x0000000080c00000,0x0000000080c02000,0x0000000086180000)
 Metaspace       used 8617K, capacity 8755K, committed 8960K, reserved 1056768K
  class space    used 905K, capacity 966K, committed 1024K, reserved 1048576K

Card table byte_map: [0x00000000117f0000,0x0000000011bf0000] byte_map_base: 0x00000000113ea000

Marking Bits: (ParMarkBitMap*) 0x0000000051a2a5b0
 Begin Bits: [0x00000000122a0000, 0x0000000014270000)
 End Bits:   [0x0000000014270000, 0x0000000016240000)

Polling page: 0x00000000001f0000

CodeCache: size=245760Kb used=3549Kb max_used=3549Kb free=242211Kb
 bounds [0x0000000002430000, 0x00000000027b0000, 0x0000000011430000]
 total_blobs=1365 nmethods=854 adapters=424
 compilation: enabled

Compilation events (10 events):
Event: 25.669 Thread 0x0000000016fe4000  849       3       java.nio.Bits::putLongB (89 bytes)
Event: 25.670 Thread 0x0000000016fe4000 nmethod 849 0x00000000027a7450 code [0x00000000027a7660, 0x00000000027a8158]
Event: 25.670 Thread 0x0000000016fe4000  850       3       java.nio.Bits::long7 (7 bytes)
Event: 25.670 Thread 0x0000000016fe4000 nmethod 850 0x00000000027a8510 code [0x00000000027a8660, 0x00000000027a87b0]
Event: 25.670 Thread 0x0000000016fe4000  851       3       java.nio.Bits::long6 (7 bytes)
Event: 25.670 Thread 0x0000000016fe4000 nmethod 851 0x00000000027a8810 code [0x00000000027a8960, 0x00000000027a8ab0]
Event: 25.670 Thread 0x0000000016fe4000  852       3       java.nio.Bits::long5 (7 bytes)
Event: 25.670 Thread 0x0000000016fe4000 nmethod 852 0x00000000027a8b10 code [0x00000000027a8c60, 0x00000000027a8db0]
Event: 25.670 Thread 0x0000000016fe4000  853       3       java.nio.Bits::long4 (7 bytes)
Event: 25.670 Thread 0x0000000016fe4000 nmethod 853 0x00000000027a8e10 code [0x00000000027a8f60, 0x00000000027a90b0]

GC Heap History (2 events):
Event: 24.406 GC heap before
{Heap before GC invocations=1 (full 0):
 PSYoungGen      total 38400K, used 33280K [0x00000000d5980000, 0x00000000d8400000, 0x0000000100000000)
  eden space 33280K, 100% used [0x00000000d5980000,0x00000000d7a00000,0x00000000d7a00000)
  from space 5120K, 0% used [0x00000000d7f00000,0x00000000d7f00000,0x00000000d8400000)
  to   space 5120K, 0% used [0x00000000d7a00000,0x00000000d7a00000,0x00000000d7f00000)
 ParOldGen       total 87552K, used 0K [0x0000000080c00000, 0x0000000086180000, 0x00000000d5980000)
  object space 87552K, 0% used [0x0000000080c00000,0x0000000080c00000,0x0000000086180000)
 Metaspace       used 8592K, capacity 8755K, committed 8960K, reserved 1056768K
  class space    used 903K, capacity 966K, committed 1024K, reserved 1048576K
Event: 24.408 GC heap after
Heap after GC invocations=1 (full 0):
 PSYoungGen      total 38400K, used 2192K [0x00000000d5980000, 0x00000000d8400000, 0x0000000100000000)
  eden space 33280K, 0% used [0x00000000d5980000,0x00000000d5980000,0x00000000d7a00000)
  from space 5120K, 42% used [0x00000000d7a00000,0x00000000d7c240f8,0x00000000d7f00000)
  to   space 5120K, 0% used [0x00000000d7f00000,0x00000000d7f00000,0x00000000d8400000)
 ParOldGen       total 87552K, used 8K [0x0000000080c00000, 0x0000000086180000, 0x00000000d5980000)
  object space 87552K, 0% used [0x0000000080c00000,0x0000000080c02000,0x0000000086180000)
 Metaspace       used 8592K, capacity 8755K, committed 8960K, reserved 1056768K
  class space    used 903K, capacity 966K, committed 1024K, reserved 1048576K
}

Deoptimization events (7 events):
Event: 0.322 Thread 0x0000000002330800 Uncommon trap: reason=unstable_if action=reinterpret pc=0x000000000258d32c method=java.lang.String.indexOf([CII[CIII)I @ 123
Event: 0.543 Thread 0x0000000002330800 Uncommon trap: reason=unstable_if action=reinterpret pc=0x0000000002684a84 method=java.awt.image.BufferedImage.getRGB(IIII[III)[I @ 163
Event: 0.569 Thread 0x0000000002330800 Uncommon trap: reason=predicate action=maybe_recompile pc=0x00000000026abb74 method=java.awt.image.BufferedImage.getRGB(IIII[III)[I @ 181
Event: 0.569 Thread 0x0000000002330800 Uncommon trap: reason=class_check action=maybe_recompile pc=0x00000000026b0dfc method=java.awt.image.BufferedImage.getRGB(IIII[III)[I @ 202
Event: 0.569 Thread 0x0000000002330800 Uncommon trap: reason=class_check action=maybe_recompile pc=0x00000000026b0dfc method=java.awt.image.BufferedImage.getRGB(IIII[III)[I @ 202
Event: 0.569 Thread 0x0000000002330800 Uncommon trap: reason=class_check action=maybe_recompile pc=0x00000000026b0dfc method=java.awt.image.BufferedImage.getRGB(IIII[III)[I @ 202
Event: 0.569 Thread 0x0000000002330800 Uncommon trap: reason=class_check action=maybe_recompile pc=0x00000000026b0dfc method=java.awt.image.BufferedImage.getRGB(IIII[III)[I @ 202

Internal exceptions (10 events):
Event: 0.055 Thread 0x0000000002330800 Exception <a 'java/lang/NoSuchMethodError': Method sun.misc.Unsafe.defineClass(Ljava/lang/String;[BII)Ljava/lang/Class; name or signature does not match> (0x00000000d598d700) thrown at [C:\workspace\8-2-build-windows-amd64-cygwin\jdk8u65\4987\hotspot\src\sQ©«¬î«?
Event: 0.055 Thread 0x0000000002330800 Exception <a 'java/lang/NoSuchMethodError': Method sun.misc.Unsafe.prefetchRead(Ljava/lang/Object;J)V name or signature does not match> (0x00000000d598d9e8) thrown at [C:\workspace\8-2-build-windows-amd64-cygwin\jdk8u65\4987\hotspot\src\share\vm\prims\jni.r ÂÔ?
Event: 0.324 Thread 0x0000000002330800 Exception <a 'java/security/PrivilegedActionException'> (0x00000000d5f13fc0) thrown at [C:\workspace\8-2-build-windows-amd64-cygwin\jdk8u65\4987\hotspot\src\share\vm\prims\jvm.cpp, line 1386]
Event: 0.324 Thread 0x0000000002330800 Exception <a 'java/security/PrivilegedActionException'> (0x00000000d5f143b8) thrown at [C:\workspace\8-2-build-windows-amd64-cygwin\jdk8u65\4987\hotspot\src\share\vm\prims\jvm.cpp, line 1386]
Event: 0.325 Thread 0x0000000002330800 Exception <a 'java/security/PrivilegedActionException'> (0x00000000d5f18330) thrown at [C:\workspace\8-2-build-windows-amd64-cygwin\jdk8u65\4987\hotspot\src\share\vm\prims\jvm.cpp, line 1386]
Event: 0.325 Thread 0x0000000002330800 Exception <a 'java/security/PrivilegedActionException'> (0x00000000d5f18728) thrown at [C:\workspace\8-2-build-windows-amd64-cygwin\jdk8u65\4987\hotspot\src\share\vm\prims\jvm.cpp, line 1386]
Event: 0.337 Thread 0x0000000002330800 Exception <a 'java/io/FileNotFoundException'> (0x00000000d5f1b630) thrown at [C:\workspace\8-2-build-windows-amd64-cygwin\jdk8u65\4987\hotspot\src\share\vm\prims\jni.cpp, line 709]
Event: 0.359 Thread 0x0000000002330800 Exception <a 'java/lang/NoSuchFieldError': method resolution failed> (0x00000000d5fe88e0) thrown at [C:\workspace\8-2-build-windows-amd64-cygwin\jdk8u65\4987\hotspot\src\share\vm\prims\methodHandles.cpp, line 1146]
Event: 0.360 Thread 0x0000000002330800 Exception <a 'java/lang/NoSuchFieldError': method resolution failed> (0x00000000d5ff62d8) thrown at [C:\workspace\8-2-build-windows-amd64-cygwin\jdk8u65\4987\hotspot\src\share\vm\prims\methodHandles.cpp, line 1146]
Event: 0.453 Thread 0x0000000002330800 Exception <a 'java/io/FileNotFoundException'> (0x00000000d61a4a30) thrown at [C:\workspace\8-2-build-windows-amd64-cygwin\jdk8u65\4987\hotspot\src\share\vm\prims\jni.cpp, line 709]

Events (10 events):
Event: 26.620 loading class java/util/IdentityHashMap$KeySet done
Event: 26.620 loading class java/util/IdentityHashMap$KeyIterator
Event: 26.620 loading class java/util/IdentityHashMap$KeyIterator done
Event: 26.621 Thread 0x000000001ee1e800 Thread added: 0x000000001ee1e800
Event: 26.621 Thread 0x0000000018b0f000 Thread added: 0x0000000018b0f000
Event: 26.621 loading class sun/java2d/pipe/hw/AccelDeviceEventNotifier
Event: 26.621 loading class sun/java2d/pipe/hw/AccelDeviceEventNotifier done
Event: 26.640 Thread 0x000000001ee34000 Thread exited: 0x000000001ee34000
Event: 26.721 Thread 0x000000001ee1e800 Thread exited: 0x000000001ee1e800
Event: 26.722 Executing VM operation: Exit


Dynamic libraries:
0x00007ff7d5580000 - 0x00007ff7d55b7000 	C:\Program Files\Java\jre1.8.0_65\bin\javaw.exe
0x00007ffdd3ce0000 - 0x00007ffdd3ea1000 	C:\WINDOWS\SYSTEM32\ntdll.dll
0x00007ffdd24e0000 - 0x00007ffdd258d000 	C:\WINDOWS\system32\KERNEL32.DLL
0x00007ffdd0ef0000 - 0x00007ffdd10d8000 	C:\WINDOWS\system32\KERNELBASE.dll
0x00007ffdd10e0000 - 0x00007ffdd1187000 	C:\WINDOWS\system32\ADVAPI32.dll
0x00007ffdd2430000 - 0x00007ffdd24cd000 	C:\WINDOWS\system32\msvcrt.dll
0x00007ffdd23d0000 - 0x00007ffdd242b000 	C:\WINDOWS\system32\sechost.dll
0x00007ffdd20b0000 - 0x00007ffdd21cc000 	C:\WINDOWS\system32\RPCRT4.dll
0x00007ffdd1ee0000 - 0x00007ffdd2036000 	C:\WINDOWS\system32\USER32.dll
0x00007ffdd11c0000 - 0x00007ffdd1346000 	C:\WINDOWS\system32\GDI32.dll
0x00007ffdc6e70000 - 0x00007ffdc70e4000 	C:\WINDOWS\WinSxS\amd64_microsoft.windows.common-controls_6595b64144ccf1df_6.0.10586.0_none_8c15ae12515e1c22\COMCTL32.dll
0x00007ffdd1610000 - 0x00007ffdd188d000 	C:\WINDOWS\system32\combase.dll
0x00007ffdd0440000 - 0x00007ffdd04aa000 	C:\WINDOWS\system32\bcryptPrimitives.dll
0x00007ffdd1a00000 - 0x00007ffdd1a3b000 	C:\WINDOWS\system32\IMM32.DLL
0x0000000050f30000 - 0x0000000051002000 	C:\Program Files\Java\jre1.8.0_65\bin\msvcr100.dll
0x0000000051220000 - 0x0000000051aa9000 	C:\Program Files\Java\jre1.8.0_65\bin\server\jvm.dll
0x00007ffdd1890000 - 0x00007ffdd1898000 	C:\WINDOWS\system32\PSAPI.DLL
0x00007ffdc9d50000 - 0x00007ffdc9d59000 	C:\WINDOWS\SYSTEM32\WSOCK32.dll
0x00007ffdd2040000 - 0x00007ffdd20ab000 	C:\WINDOWS\system32\WS2_32.dll
0x00007ffdcdbf0000 - 0x00007ffdcdbfa000 	C:\WINDOWS\SYSTEM32\VERSION.dll
0x00007ffdcdbc0000 - 0x00007ffdcdbe3000 	C:\WINDOWS\SYSTEM32\WINMM.dll
0x00007ffdcdb90000 - 0x00007ffdcdbbc000 	C:\WINDOWS\SYSTEM32\WINMMBASE.dll
0x00007ffdd0e40000 - 0x00007ffdd0e83000 	C:\WINDOWS\system32\cfgmgr32.dll
0x0000000051130000 - 0x000000005113f000 	C:\Program Files\Java\jre1.8.0_65\bin\verify.dll
0x0000000051100000 - 0x0000000051129000 	C:\Program Files\Java\jre1.8.0_65\bin\java.dll
0x00000000510e0000 - 0x00000000510f6000 	C:\Program Files\Java\jre1.8.0_65\bin\zip.dll
0x00007ffdd2780000 - 0x00007ffdd3cdf000 	C:\WINDOWS\system32\SHELL32.dll
0x00007ffdd0540000 - 0x00007ffdd0b84000 	C:\WINDOWS\system32\windows.storage.dll
0x00007ffdd2590000 - 0x00007ffdd25e2000 	C:\WINDOWS\system32\shlwapi.dll
0x00007ffdd0380000 - 0x00007ffdd038f000 	C:\WINDOWS\system32\kernel.appcore.dll
0x00007ffdd0d80000 - 0x00007ffdd0e35000 	C:\WINDOWS\system32\shcore.dll
0x00007ffdd0300000 - 0x00007ffdd034b000 	C:\WINDOWS\system32\powrprof.dll
0x00007ffdd0360000 - 0x00007ffdd0374000 	C:\WINDOWS\system32\profapi.dll
0x0000000180000000 - 0x0000000180053000 	C:\Users\Benoit\git\colonie\Colonie\lib\lwjgl-2.9.3\native\windows\lwjgl64.dll
0x00007ffdbf830000 - 0x00007ffdbf959000 	C:\WINDOWS\SYSTEM32\OPENGL32.dll
0x00007ffdc7f20000 - 0x00007ffdc7f4e000 	C:\WINDOWS\SYSTEM32\GLU32.dll
0x00007ffdb9ce0000 - 0x00007ffdb9dda000 	C:\WINDOWS\SYSTEM32\DDRAW.dll
0x00007ffdc9b30000 - 0x00007ffdc9b38000 	C:\WINDOWS\SYSTEM32\DCIMAN32.dll
0x00007ffdcefc0000 - 0x00007ffdcf056000 	C:\WINDOWS\system32\uxtheme.dll
0x00007ffdd18a0000 - 0x00007ffdd19fa000 	C:\WINDOWS\system32\MSCTF.dll
0x00007ffdc44f0000 - 0x00007ffdc4518000 	C:\Program Files (x86)\Raptr\ltc_help64-106568.dll
0x00007ffdd0e90000 - 0x00007ffdd0ee5000 	C:\WINDOWS\system32\WINTRUST.dll
0x00007ffdd0350000 - 0x00007ffdd0360000 	C:\WINDOWS\system32\MSASN1.dll
0x00007ffdd0b90000 - 0x00007ffdd0d57000 	C:\WINDOWS\system32\CRYPT32.dll
0x00007ffdce6b0000 - 0x00007ffdce6d2000 	C:\WINDOWS\system32\dwmapi.dll
0x00007ffdc9f60000 - 0x00007ffdc9f78000 	C:\WINDOWS\SYSTEM32\atig6pxx.dll
0x0000000076160000 - 0x0000000077ff7000 	C:\WINDOWS\SYSTEM32\atio6axx.dll
0x00007ffdd1ab0000 - 0x00007ffdd1ed9000 	C:\WINDOWS\system32\SETUPAPI.dll
0x00007ffdba9d0000 - 0x00007ffdbab18000 	C:\WINDOWS\SYSTEM32\atiadlxx.dll
0x00007ffdd2280000 - 0x00007ffdd23c3000 	C:\WINDOWS\system32\ole32.dll
0x00007ffdcc100000 - 0x00007ffdcc286000 	C:\WINDOWS\SYSTEM32\PROPSYS.dll
0x00007ffdcfa60000 - 0x00007ffdcfa7f000 	C:\WINDOWS\SYSTEM32\USERENV.dll
0x00007ffdcc2c0000 - 0x00007ffdcc2d3000 	C:\WINDOWS\SYSTEM32\WTSAPI32.dll
0x00007ffdd26b0000 - 0x00007ffdd2771000 	C:\WINDOWS\system32\OLEAUT32.dll
0x00007ffdcb420000 - 0x00007ffdcb458000 	C:\WINDOWS\SYSTEM32\IPHLPAPI.DLL
0x00007ffdcf060000 - 0x00007ffdcf087000 	C:\WINDOWS\SYSTEM32\DEVOBJ.dll
0x00007ffdc5720000 - 0x00007ffdc574c000 	C:\WINDOWS\SYSTEM32\atig6txx.dll
0x00007ffdc9ea0000 - 0x00007ffdc9f31000 	C:\WINDOWS\SYSTEM32\mscms.dll
0x00007ffdc5670000 - 0x00007ffdc56b2000 	C:\WINDOWS\SYSTEM32\icm32.dll
0x0000000050d90000 - 0x0000000050f28000 	C:\Program Files\Java\jre1.8.0_65\bin\awt.dll
0x00007ffdcebb0000 - 0x00007ffdcec29000 	C:\WINDOWS\system32\apphelp.dll
0x0000000050d40000 - 0x0000000050d87000 	C:\Program Files\Java\jre1.8.0_65\bin\fontmanager.dll
0x00000000510c0000 - 0x00000000510da000 	C:\Program Files\Java\jre1.8.0_65\bin\net.dll
0x00007ffdcfbd0000 - 0x00007ffdcfc2c000 	C:\WINDOWS\system32\mswsock.dll
0x00000000510a0000 - 0x00000000510b1000 	C:\Program Files\Java\jre1.8.0_65\bin\nio.dll
0x00007ffdbb6c0000 - 0x00007ffdbb8d0000 	C:\WINDOWS\system32\d3d9.dll
0x0000000050cf0000 - 0x0000000050d32000 	C:\Program Files\Java\jre1.8.0_65\bin\t2k.dll
0x00007ffdcfc80000 - 0x00007ffdcfc97000 	C:\WINDOWS\system32\CRYPTSP.dll
0x00007ffdcf910000 - 0x00007ffdcf944000 	C:\WINDOWS\system32\rsaenh.dll
0x00007ffdd0230000 - 0x00007ffdd0259000 	C:\WINDOWS\SYSTEM32\bcrypt.dll
0x00007ffdcfda0000 - 0x00007ffdcfdab000 	C:\WINDOWS\SYSTEM32\CRYPTBASE.dll
0x00007ffdd1190000 - 0x00007ffdd11ac000 	C:\WINDOWS\system32\imagehlp.dll
0x00007ffdcf300000 - 0x00007ffdcf324000 	C:\WINDOWS\SYSTEM32\gpapi.dll
0x00007ffdc2290000 - 0x00007ffdc22bf000 	C:\Windows\System32\cryptnet.dll
0x00007ffdcb570000 - 0x00007ffdcb57b000 	C:\WINDOWS\SYSTEM32\WINNSI.DLL
0x00007ffdd24d0000 - 0x00007ffdd24d8000 	C:\WINDOWS\system32\NSI.dll
0x00007ffdb89b0000 - 0x00007ffdb8bf8000 	C:\PROGRA~2\Raptr\ltc_game64-106568.dll
0x00007ffdba4f0000 - 0x00007ffdba67c000 	C:\WINDOWS\SYSTEM32\dbghelp.dll

VM Arguments:
jvm_args: -Djava.library.path=C:\Users\Benoit\git\colonie\Colonie\lib\lwjgl-2.9.3\native\windows -Dfile.encoding=Cp1252 
java_command: fr.benoitsepe.colonie.main.Main
java_class_path (initial): C:\Users\Benoit\git\colonie\Colonie\bin;C:\Users\Benoit\git\colonie\Colonie\res;C:\Users\Benoit\git\colonie\Colonie\lib\lwjgl-2.9.3\jar\AppleJavaExtensions.jar;C:\Users\Benoit\git\colonie\Colonie\lib\lwjgl-2.9.3\jar\asm-debug-all.jar;C:\Users\Benoit\git\colonie\Colonie\lib\lwjgl-2.9.3\jar\jinput.jar;C:\Users\Benoit\git\colonie\Colonie\lib\lwjgl-2.9.3\jar\laf-plugin-7.2.1.jar;C:\Users\Benoit\git\colonie\Colonie\lib\lwjgl-2.9.3\jar\laf-widget-7.2.1.jar;C:\Users\Benoit\git\colonie\Colonie\lib\lwjgl-2.9.3\jar\log4j-api-2.0-beta9.jar;C:\Users\Benoit\git\colonie\Colonie\lib\lwjgl-2.9.3\jar\lwjgl_test.jar;C:\Users\Benoit\git\colonie\Colonie\lib\lwjgl-2.9.3\jar\lwjgl_util_applet.jar;C:\Users\Benoit\git\colonie\Colonie\lib\lwjgl-2.9.3\jar\lwjgl_util.jar;C:\Users\Benoit\git\colonie\Colonie\lib\lwjgl-2.9.3\jar\lwjgl-debug.jar;C:\Users\Benoit\git\colonie\Colonie\lib\lwjgl-2.9.3\jar\lwjgl.jar;C:\Users\Benoit\git\colonie\Colonie\lib\lwjgl-2.9.3\jar\lzma.jar;C:\Users\Benoit\git\colonie\Colonie\lib\lwjgl-2.9.3\jar\substance-7.2.1.jar;C:\Users\Benoit\git\colonie\Colonie\lib\lwjgl-2.9.3\jar\trident-7.2.1.jar
Launcher Type: SUN_STANDARD

Environment Variables:
PATH=C:/Program Files/Java/jre1.8.0_65/bin/server;C:/Program Files/Java/jre1.8.0_65/bin;C:/Program Files/Java/jre1.8.0_65/lib/amd64;C:\ProgramData\Oracle\Java\javapath;C:\Program Files (x86)\NVIDIA Corporation\PhysX\Common;C:\WINDOWS\system32;C:\WINDOWS;C:\WINDOWS\System32\Wbem;C:\WINDOWS\System32\WindowsPowerShell\v1.0\;C:\Program Files (x86)\ATI Technologies\ATI.ACE\Core-Static;C:\WINDOWS\system32\config\systemprofile\.dnx\bin;C:\Program Files\Microsoft DNX\Dnvm\;C:\Program Files (x86)\Windows Kits\8.1\Windows Performance Toolkit\;C:\Program Files (x86)\Skype\Phone\;C:\Program Files\MATLAB\R2015b\bin;C:\Users\Benoit\AppData\Local\atom\bin;C:\Users\Benoit\Desktop;
USERNAME=Benoît
OS=Windows_NT
PROCESSOR_IDENTIFIER=Intel64 Family 6 Model 60 Stepping 3, GenuineIntel



---------------  S Y S T E M  ---------------

OS: Windows 10.0 , 64 bit Build 10586 (10.0.10586.0)

CPU:total 4 (4 cores per cpu, 1 threads per core) family 6 model 60 stepping 3, cmov, cx8, fxsr, mmx, sse, sse2, sse3, ssse3, sse4.1, sse4.2, popcnt, avx, avx2, aes, clmul, erms, lzcnt, tsc, tscinvbit, bmi1, bmi2

Memory: 4k page, physical 8336240k(4797164k free), swap 9646960k(5239260k free)

vm_info: Java HotSpot(TM) 64-Bit Server VM (25.65-b01) for windows-amd64 JRE (1.8.0_65-b17), built on Oct  6 2015 16:39:20 by "java_re" with MS VC++ 10.0 (VS2010)

time: Wed Dec 30 13:12:05 2015
elapsed time: 26 seconds (0d 0h 0m 26s)

