#
# A fatal error has been detected by the Java Runtime Environment:
#
#  EXCEPTION_ACCESS_VIOLATION (0xc0000005) at pc=0x00007ffdbd862224, pid=3536, tid=5440
#
# JRE version: Java(TM) SE Runtime Environment (8.0_65-b17) (build 1.8.0_65-b17)
# Java VM: Java HotSpot(TM) 64-Bit Server VM (25.65-b01 mixed mode windows-amd64 compressed oops)
# Problematic frame:
# C  [OPENGL32.dll+0xe2224]
#
# Failed to write core dump. Minidumps are not enabled by default on client versions of Windows
#
# If you would like to submit a bug report, please visit:
#   http://bugreport.java.com/bugreport/crash.jsp
#

---------------  T H R E A D  ---------------

Current thread (0x0000000016f77000):  VMThread [stack: 0x0000000018010000,0x0000000018110000] [id=5440]

siginfo: ExceptionCode=0xc0000005, reading address 0x0000000000000a38

Registers:
RAX=0x0000000000000000, RBX=0x00000000247d21b0, RCX=0x0000000000000001, RDX=0x00000000247d21b8
RSP=0x000000001810f028, RBP=0x0000000000000000, RSI=0x00000000247d65f0, RDI=0x00000000247d65f0
R8 =0x000000001810f0a8, R9 =0x0000000016e86510, R10=0x0000000000000000, R11=0x0000000000000246
R12=0x0000000000000000, R13=0x000000001ebe6cc0, R14=0x000000001ebe6b70, R15=0x0000000000000000
RIP=0x00007ffdbd862224, EFLAGS=0x0000000000010283

Top of Stack: (sp=0x000000001810f028)
0x000000001810f028:   00007ffdb8a1244b 000000001ebe6cc0
0x000000001810f038:   0000000000000001 000000001ebe0000
0x000000001810f048:   00007ffdd3d007d9 0000000000000000
0x000000001810f058:   00007ffdb8a17f17 0000000000000000
0x000000001810f068:   0000000000000000 000000001ebe6ca0
0x000000001810f078:   00007ffdb8a17283 fffffffffffffffe
0x000000001810f088:   000000001810f0f0 0000000000000000
0x000000001810f098:   00007ffdb8a187c9 00000000247d65f0
0x000000001810f0a8:   00000000247d4d90 0000000016e86510
0x000000001810f0b8:   00007ffdb8a95700 fffffffffffffffe
0x000000001810f0c8:   000000001ebe91c0 0000000000000001
0x000000001810f0d8:   000000001ebe6c98 000000001ebe6b70
0x000000001810f0e8:   00007ffdb8a9d7ad 00007ffdb8bd65b0
0x000000001810f0f8:   00007ffdb8b01930 0000000016e86510
0x000000001810f108:   00007ffdd3d007d9 000000001ebe6c98
0x000000001810f118:   000000001ebe6b70 000000001ebe6b70 

Instructions: (pc=0x00007ffdbd862224)
0x00007ffdbd862204:   cc cc cc cc cc cc 66 0f 1f 44 00 00 8b 05 f2 7d
0x00007ffdbd862214:   01 00 83 f8 40 73 0f 65 48 8b 04 c5 80 14 00 00
0x00007ffdbd862224:   ff a0 38 0a 00 00 b8 47 01 00 00 e9 ec d4 ff ff
0x00007ffdbd862234:   cc cc cc cc cc cc 66 0f 1f 44 00 00 8b 05 c2 7d 


Register to memory mapping:

RAX=0x0000000000000000 is an unknown value
RBX=0x00000000247d21b0 is an unknown value
RCX=0x0000000000000001 is an unknown value
RDX=0x00000000247d21b8 is an unknown value
RSP=0x000000001810f028 is an unknown value
RBP=0x0000000000000000 is an unknown value
RSI=0x00000000247d65f0 is an unknown value
RDI=0x00000000247d65f0 is an unknown value
R8 =0x000000001810f0a8 is an unknown value
R9 =0x0000000016e86510 is an unknown value
R10=0x0000000000000000 is an unknown value
R11=0x0000000000000246 is an unknown value
R12=0x0000000000000000 is an unknown value
R13=0x000000001ebe6cc0 is an unknown value
R14=0x000000001ebe6b70 is an unknown value
R15=0x0000000000000000 is an unknown value


Stack: [0x0000000018010000,0x0000000018110000],  sp=0x000000001810f028,  free space=1020k
Native frames: (J=compiled Java code, j=interpreted, Vv=VM code, C=native code)

VM_Operation (0x000000000221f490): Exit, mode: safepoint, requested by thread 0x0000000002300800


---------------  P R O C E S S  ---------------

Java Threads: ( => current thread )
  0x000000001edfa000 JavaThread "AWT-Shutdown" [_thread_blocked, id=5084, stack(0x0000000029db0000,0x0000000029eb0000)]
  0x000000001ed69800 JavaThread "Java2D Disposer" daemon [_thread_blocked, id=8088, stack(0x000000001f440000,0x000000001f540000)]
  0x0000000018941800 JavaThread "Service Thread" daemon [_thread_blocked, id=6936, stack(0x0000000018d20000,0x0000000018e20000)]
  0x0000000016fba000 JavaThread "C1 CompilerThread2" daemon [_thread_blocked, id=7824, stack(0x0000000018820000,0x0000000018920000)]
  0x0000000016fb0000 JavaThread "C2 CompilerThread1" daemon [_thread_blocked, id=6500, stack(0x0000000018720000,0x0000000018820000)]
  0x0000000016fac000 JavaThread "C2 CompilerThread0" daemon [_thread_blocked, id=7860, stack(0x0000000018620000,0x0000000018720000)]
  0x0000000016faa800 JavaThread "Attach Listener" daemon [_thread_blocked, id=3916, stack(0x0000000018520000,0x0000000018620000)]
  0x0000000016fa9000 JavaThread "Signal Dispatcher" daemon [_thread_blocked, id=3648, stack(0x0000000018420000,0x0000000018520000)]
  0x00000000023f7000 JavaThread "Finalizer" daemon [_thread_blocked, id=4620, stack(0x0000000018210000,0x0000000018310000)]
  0x00000000023ee800 JavaThread "Reference Handler" daemon [_thread_blocked, id=3340, stack(0x0000000018110000,0x0000000018210000)]
  0x0000000002300800 JavaThread "main" [_thread_blocked, id=6408, stack(0x0000000002120000,0x0000000002220000)]

Other Threads:
=>0x0000000016f77000 VMThread [stack: 0x0000000018010000,0x0000000018110000] [id=5440]

VM state:at safepoint (shutting down)

VM Mutex/Monitor currently owned by a thread:  ([mutex/lock_event])
[0x00000000009bc450] Threads_lock - owner thread: 0x0000000016f77000

Heap:
 PSYoungGen      total 38400K, used 5574K [0x00000000d5980000, 0x00000000d8400000, 0x0000000100000000)
  eden space 33280K, 10% used [0x00000000d5980000,0x00000000d5cd97c8,0x00000000d7a00000)
  from space 5120K, 41% used [0x00000000d7a00000,0x00000000d7c180e8,0x00000000d7f00000)
  to   space 5120K, 0% used [0x00000000d7f00000,0x00000000d7f00000,0x00000000d8400000)
 ParOldGen       total 87552K, used 8K [0x0000000080c00000, 0x0000000086180000, 0x00000000d5980000)
  object space 87552K, 0% used [0x0000000080c00000,0x0000000080c02000,0x0000000086180000)
 Metaspace       used 8603K, capacity 8755K, committed 8960K, reserved 1056768K
  class space    used 905K, capacity 966K, committed 1024K, reserved 1048576K

Card table byte_map: [0x00000000117c0000,0x0000000011bc0000] byte_map_base: 0x00000000113ba000

Marking Bits: (ParMarkBitMap*) 0x0000000051a2a5b0
 Begin Bits: [0x0000000012270000, 0x0000000014240000)
 End Bits:   [0x0000000014240000, 0x0000000016210000)

Polling page: 0x00000000001f0000

CodeCache: size=245760Kb used=3499Kb max_used=3499Kb free=242260Kb
 bounds [0x0000000002400000, 0x0000000002770000, 0x0000000011400000]
 total_blobs=1347 nmethods=836 adapters=424
 compilation: enabled

Compilation events (10 events):
Event: 27.179 Thread 0x0000000016fba000  830       3       org.lwjgl.opengl.WindowsMouse::putMouseEventWithCoords (61 bytes)
Event: 27.180 Thread 0x0000000016fba000 nmethod 830 0x0000000002769590 code [0x0000000002769780, 0x0000000002769fc8]
Event: 27.180 Thread 0x0000000016fba000  831       3       java.nio.HeapByteBuffer::putLong (21 bytes)
Event: 27.180 Thread 0x0000000016fba000 nmethod 831 0x000000000276a390 code [0x000000000276a520, 0x000000000276a8e8]
Event: 27.363 Thread 0x0000000016fba000  832       3       org.lwjgl.opengl.WindowsDisplay::shouldGrab (26 bytes)
Event: 27.364 Thread 0x0000000016fba000 nmethod 832 0x000000000276ae10 code [0x000000000276af80, 0x000000000276b350]
Event: 27.884 Thread 0x0000000016fba000  834   !   3       org.lwjgl.opengl.WindowsDisplay::updateCursor (69 bytes)
Event: 27.884 Thread 0x0000000016fba000 nmethod 834 0x000000000276b450 code [0x000000000276b6a0, 0x000000000276c618]
Event: 27.892 Thread 0x0000000016fba000  835       3       org.lwjgl.opengl.WindowsMouse::handleMouseMoved (100 bytes)
Event: 27.892 Thread 0x0000000016fba000 nmethod 835 0x000000000276cc10 code [0x000000000276cd80, 0x000000000276d078]

GC Heap History (2 events):
Event: 25.781 GC heap before
{Heap before GC invocations=1 (full 0):
 PSYoungGen      total 38400K, used 33280K [0x00000000d5980000, 0x00000000d8400000, 0x0000000100000000)
  eden space 33280K, 100% used [0x00000000d5980000,0x00000000d7a00000,0x00000000d7a00000)
  from space 5120K, 0% used [0x00000000d7f00000,0x00000000d7f00000,0x00000000d8400000)
  to   space 5120K, 0% used [0x00000000d7a00000,0x00000000d7a00000,0x00000000d7f00000)
 ParOldGen       total 87552K, used 0K [0x0000000080c00000, 0x0000000086180000, 0x00000000d5980000)
  object space 87552K, 0% used [0x0000000080c00000,0x0000000080c00000,0x0000000086180000)
 Metaspace       used 8576K, capacity 8755K, committed 8960K, reserved 1056768K
  class space    used 903K, capacity 966K, committed 1024K, reserved 1048576K
Event: 25.783 GC heap after
Heap after GC invocations=1 (full 0):
 PSYoungGen      total 38400K, used 2144K [0x00000000d5980000, 0x00000000d8400000, 0x0000000100000000)
  eden space 33280K, 0% used [0x00000000d5980000,0x00000000d5980000,0x00000000d7a00000)
  from space 5120K, 41% used [0x00000000d7a00000,0x00000000d7c180e8,0x00000000d7f00000)
  to   space 5120K, 0% used [0x00000000d7f00000,0x00000000d7f00000,0x00000000d8400000)
 ParOldGen       total 87552K, used 8K [0x0000000080c00000, 0x0000000086180000, 0x00000000d5980000)
  object space 87552K, 0% used [0x0000000080c00000,0x0000000080c02000,0x0000000086180000)
 Metaspace       used 8576K, capacity 8755K, committed 8960K, reserved 1056768K
  class space    used 903K, capacity 966K, committed 1024K, reserved 1048576K
}

Deoptimization events (7 events):
Event: 0.273 Thread 0x0000000002300800 Uncommon trap: reason=unstable_if action=reinterpret pc=0x000000000255cfa8 method=java.lang.String.indexOf([CII[CIII)I @ 123
Event: 0.448 Thread 0x0000000002300800 Uncommon trap: reason=unstable_if action=reinterpret pc=0x0000000002655404 method=java.awt.image.BufferedImage.getRGB(IIII[III)[I @ 163
Event: 0.471 Thread 0x0000000002300800 Uncommon trap: reason=predicate action=maybe_recompile pc=0x000000000267a3f4 method=java.awt.image.BufferedImage.getRGB(IIII[III)[I @ 181
Event: 0.471 Thread 0x0000000002300800 Uncommon trap: reason=class_check action=maybe_recompile pc=0x000000000267f67c method=java.awt.image.BufferedImage.getRGB(IIII[III)[I @ 202
Event: 0.471 Thread 0x0000000002300800 Uncommon trap: reason=class_check action=maybe_recompile pc=0x000000000267f67c method=java.awt.image.BufferedImage.getRGB(IIII[III)[I @ 202
Event: 0.471 Thread 0x0000000002300800 Uncommon trap: reason=class_check action=maybe_recompile pc=0x000000000267f67c method=java.awt.image.BufferedImage.getRGB(IIII[III)[I @ 202
Event: 0.471 Thread 0x0000000002300800 Uncommon trap: reason=class_check action=maybe_recompile pc=0x000000000267f67c method=java.awt.image.BufferedImage.getRGB(IIII[III)[I @ 202

Internal exceptions (10 events):
Event: 0.027 Thread 0x0000000002300800 Exception <a 'java/lang/NoSuchMethodError': Method sun.misc.Unsafe.defineClass(Ljava/lang/String;[BII)Ljava/lang/Class; name or signature does not match> (0x00000000d598d700) thrown at [C:\workspace\8-2-build-windows-amd64-cygwin\jdk8u65\4987\hotspot\src\sU(»ã^í›?
Event: 0.027 Thread 0x0000000002300800 Exception <a 'java/lang/NoSuchMethodError': Method sun.misc.Unsafe.prefetchRead(Ljava/lang/Object;J)V name or signature does not match> (0x00000000d598d9e8) thrown at [C:\workspace\8-2-build-windows-amd64-cygwin\jdk8u65\4987\hotspot\src\share\vm\prims\jni.ß6áï—Ñ?
Event: 0.275 Thread 0x0000000002300800 Exception <a 'java/security/PrivilegedActionException'> (0x00000000d5f13f80) thrown at [C:\workspace\8-2-build-windows-amd64-cygwin\jdk8u65\4987\hotspot\src\share\vm\prims\jvm.cpp, line 1386]
Event: 0.275 Thread 0x0000000002300800 Exception <a 'java/security/PrivilegedActionException'> (0x00000000d5f14378) thrown at [C:\workspace\8-2-build-windows-amd64-cygwin\jdk8u65\4987\hotspot\src\share\vm\prims\jvm.cpp, line 1386]
Event: 0.275 Thread 0x0000000002300800 Exception <a 'java/security/PrivilegedActionException'> (0x00000000d5f182f0) thrown at [C:\workspace\8-2-build-windows-amd64-cygwin\jdk8u65\4987\hotspot\src\share\vm\prims\jvm.cpp, line 1386]
Event: 0.275 Thread 0x0000000002300800 Exception <a 'java/security/PrivilegedActionException'> (0x00000000d5f186e8) thrown at [C:\workspace\8-2-build-windows-amd64-cygwin\jdk8u65\4987\hotspot\src\share\vm\prims\jvm.cpp, line 1386]
Event: 0.278 Thread 0x0000000002300800 Exception <a 'java/io/FileNotFoundException'> (0x00000000d5f1b5f0) thrown at [C:\workspace\8-2-build-windows-amd64-cygwin\jdk8u65\4987\hotspot\src\share\vm\prims\jni.cpp, line 709]
Event: 0.298 Thread 0x0000000002300800 Exception <a 'java/lang/NoSuchFieldError': method resolution failed> (0x00000000d5fe88b0) thrown at [C:\workspace\8-2-build-windows-amd64-cygwin\jdk8u65\4987\hotspot\src\share\vm\prims\methodHandles.cpp, line 1146]
Event: 0.299 Thread 0x0000000002300800 Exception <a 'java/lang/NoSuchFieldError': method resolution failed> (0x00000000d5ff62a8) thrown at [C:\workspace\8-2-build-windows-amd64-cygwin\jdk8u65\4987\hotspot\src\share\vm\prims\methodHandles.cpp, line 1146]
Event: 0.355 Thread 0x0000000002300800 Exception <a 'java/io/FileNotFoundException'> (0x00000000d61a4a18) thrown at [C:\workspace\8-2-build-windows-amd64-cygwin\jdk8u65\4987\hotspot\src\share\vm\prims\jni.cpp, line 709]

Events (10 events):
Event: 28.409 loading class java/util/IdentityHashMap$KeySet done
Event: 28.409 loading class java/util/IdentityHashMap$KeyIterator
Event: 28.409 loading class java/util/IdentityHashMap$KeyIterator done
Event: 28.409 Thread 0x000000001edf5000 Thread added: 0x000000001edf5000
Event: 28.409 Thread 0x000000001edfa000 Thread added: 0x000000001edfa000
Event: 28.410 loading class sun/java2d/pipe/hw/AccelDeviceEventNotifier
Event: 28.410 loading class sun/java2d/pipe/hw/AccelDeviceEventNotifier done
Event: 28.423 Thread 0x000000001ee70000 Thread exited: 0x000000001ee70000
Event: 28.510 Thread 0x000000001edf5000 Thread exited: 0x000000001edf5000
Event: 28.510 Executing VM operation: Exit


Dynamic libraries:
0x00007ff7d5580000 - 0x00007ff7d55b7000 	C:\Program Files\Java\jre1.8.0_65\bin\javaw.exe
0x00007ffdd3ce0000 - 0x00007ffdd3ea1000 	C:\WINDOWS\SYSTEM32\ntdll.dll
0x00007ffdd24e0000 - 0x00007ffdd258d000 	C:\WINDOWS\system32\KERNEL32.DLL
0x00007ffdd0ef0000 - 0x00007ffdd10d8000 	C:\WINDOWS\system32\KERNELBASE.dll
0x00007ffdd10e0000 - 0x00007ffdd1187000 	C:\WINDOWS\system32\ADVAPI32.dll
0x00007ffdd2430000 - 0x00007ffdd24cd000 	C:\WINDOWS\system32\msvcrt.dll
0x00007ffdd23d0000 - 0x00007ffdd242b000 	C:\WINDOWS\system32\sechost.dll
0x00007ffdd20b0000 - 0x00007ffdd21cc000 	C:\WINDOWS\system32\RPCRT4.dll
0x00007ffdd1ee0000 - 0x00007ffdd2036000 	C:\WINDOWS\system32\USER32.dll
0x00007ffdd11c0000 - 0x00007ffdd1346000 	C:\WINDOWS\system32\GDI32.dll
0x00007ffdc6e70000 - 0x00007ffdc70e4000 	C:\WINDOWS\WinSxS\amd64_microsoft.windows.common-controls_6595b64144ccf1df_6.0.10586.0_none_8c15ae12515e1c22\COMCTL32.dll
0x00007ffdd1610000 - 0x00007ffdd188d000 	C:\WINDOWS\system32\combase.dll
0x00007ffdd0440000 - 0x00007ffdd04aa000 	C:\WINDOWS\system32\bcryptPrimitives.dll
0x00007ffdd1a00000 - 0x00007ffdd1a3b000 	C:\WINDOWS\system32\IMM32.DLL
0x0000000050f30000 - 0x0000000051002000 	C:\Program Files\Java\jre1.8.0_65\bin\msvcr100.dll
0x0000000051220000 - 0x0000000051aa9000 	C:\Program Files\Java\jre1.8.0_65\bin\server\jvm.dll
0x00007ffdd1890000 - 0x00007ffdd1898000 	C:\WINDOWS\system32\PSAPI.DLL
0x00007ffdc9d50000 - 0x00007ffdc9d59000 	C:\WINDOWS\SYSTEM32\WSOCK32.dll
0x00007ffdcdbc0000 - 0x00007ffdcdbe3000 	C:\WINDOWS\SYSTEM32\WINMM.dll
0x00007ffdd2040000 - 0x00007ffdd20ab000 	C:\WINDOWS\system32\WS2_32.dll
0x00007ffdcdbf0000 - 0x00007ffdcdbfa000 	C:\WINDOWS\SYSTEM32\VERSION.dll
0x00007ffdcdb90000 - 0x00007ffdcdbbc000 	C:\WINDOWS\SYSTEM32\WINMMBASE.dll
0x00007ffdd0e40000 - 0x00007ffdd0e83000 	C:\WINDOWS\system32\cfgmgr32.dll
0x0000000051130000 - 0x000000005113f000 	C:\Program Files\Java\jre1.8.0_65\bin\verify.dll
0x0000000051100000 - 0x0000000051129000 	C:\Program Files\Java\jre1.8.0_65\bin\java.dll
0x00000000510e0000 - 0x00000000510f6000 	C:\Program Files\Java\jre1.8.0_65\bin\zip.dll
0x00007ffdd2780000 - 0x00007ffdd3cdf000 	C:\WINDOWS\system32\SHELL32.dll
0x00007ffdd0540000 - 0x00007ffdd0b84000 	C:\WINDOWS\system32\windows.storage.dll
0x00007ffdd2590000 - 0x00007ffdd25e2000 	C:\WINDOWS\system32\shlwapi.dll
0x00007ffdd0380000 - 0x00007ffdd038f000 	C:\WINDOWS\system32\kernel.appcore.dll
0x00007ffdd0d80000 - 0x00007ffdd0e35000 	C:\WINDOWS\system32\shcore.dll
0x00007ffdd0300000 - 0x00007ffdd034b000 	C:\WINDOWS\system32\powrprof.dll
0x00007ffdd0360000 - 0x00007ffdd0374000 	C:\WINDOWS\system32\profapi.dll
0x0000000180000000 - 0x0000000180053000 	C:\Users\Benoit\git\colonie\Colonie\lib\lwjgl-2.9.3\native\windows\lwjgl64.dll
0x00007ffdbd780000 - 0x00007ffdbd8a9000 	C:\WINDOWS\SYSTEM32\OPENGL32.dll
0x00007ffdb9ce0000 - 0x00007ffdb9dda000 	C:\WINDOWS\SYSTEM32\DDRAW.dll
0x00007ffdc7f20000 - 0x00007ffdc7f4e000 	C:\WINDOWS\SYSTEM32\GLU32.dll
0x00007ffdc9b30000 - 0x00007ffdc9b38000 	C:\WINDOWS\SYSTEM32\DCIMAN32.dll
0x00007ffdcefc0000 - 0x00007ffdcf056000 	C:\WINDOWS\system32\uxtheme.dll
0x00007ffdd18a0000 - 0x00007ffdd19fa000 	C:\WINDOWS\system32\MSCTF.dll
0x00007ffdc44f0000 - 0x00007ffdc4518000 	C:\Program Files (x86)\Raptr\ltc_help64-106568.dll
0x00007ffdd0e90000 - 0x00007ffdd0ee5000 	C:\WINDOWS\system32\WINTRUST.dll
0x00007ffdd0350000 - 0x00007ffdd0360000 	C:\WINDOWS\system32\MSASN1.dll
0x00007ffdd0b90000 - 0x00007ffdd0d57000 	C:\WINDOWS\system32\CRYPT32.dll
0x00007ffdce6b0000 - 0x00007ffdce6d2000 	C:\WINDOWS\system32\dwmapi.dll
0x00007ffdc9f60000 - 0x00007ffdc9f78000 	C:\WINDOWS\SYSTEM32\atig6pxx.dll
0x0000000076160000 - 0x0000000077ff7000 	C:\WINDOWS\SYSTEM32\atio6axx.dll
0x00007ffdd1ab0000 - 0x00007ffdd1ed9000 	C:\WINDOWS\system32\SETUPAPI.dll
0x00007ffdba9d0000 - 0x00007ffdbab18000 	C:\WINDOWS\SYSTEM32\atiadlxx.dll
0x00007ffdd2280000 - 0x00007ffdd23c3000 	C:\WINDOWS\system32\ole32.dll
0x00007ffdcc2c0000 - 0x00007ffdcc2d3000 	C:\WINDOWS\SYSTEM32\WTSAPI32.dll
0x00007ffdcc100000 - 0x00007ffdcc286000 	C:\WINDOWS\SYSTEM32\PROPSYS.dll
0x00007ffdcfa60000 - 0x00007ffdcfa7f000 	C:\WINDOWS\SYSTEM32\USERENV.dll
0x00007ffdcb420000 - 0x00007ffdcb458000 	C:\WINDOWS\SYSTEM32\IPHLPAPI.DLL
0x00007ffdd26b0000 - 0x00007ffdd2771000 	C:\WINDOWS\system32\OLEAUT32.dll
0x00007ffdcf060000 - 0x00007ffdcf087000 	C:\WINDOWS\SYSTEM32\DEVOBJ.dll
0x00007ffdc5720000 - 0x00007ffdc574c000 	C:\WINDOWS\SYSTEM32\atig6txx.dll
0x00007ffdc9ea0000 - 0x00007ffdc9f31000 	C:\WINDOWS\SYSTEM32\mscms.dll
0x00007ffdc0250000 - 0x00007ffdc0292000 	C:\WINDOWS\SYSTEM32\icm32.dll
0x0000000050d90000 - 0x0000000050f28000 	C:\Program Files\Java\jre1.8.0_65\bin\awt.dll
0x00007ffdcebb0000 - 0x00007ffdcec29000 	C:\WINDOWS\system32\apphelp.dll
0x0000000050d40000 - 0x0000000050d87000 	C:\Program Files\Java\jre1.8.0_65\bin\fontmanager.dll
0x00000000510c0000 - 0x00000000510da000 	C:\Program Files\Java\jre1.8.0_65\bin\net.dll
0x00007ffdcfbd0000 - 0x00007ffdcfc2c000 	C:\WINDOWS\system32\mswsock.dll
0x00000000510a0000 - 0x00000000510b1000 	C:\Program Files\Java\jre1.8.0_65\bin\nio.dll
0x00007ffdbb6c0000 - 0x00007ffdbb8d0000 	C:\WINDOWS\system32\d3d9.dll
0x0000000050cf0000 - 0x0000000050d32000 	C:\Program Files\Java\jre1.8.0_65\bin\t2k.dll
0x00007ffdcfc80000 - 0x00007ffdcfc97000 	C:\WINDOWS\system32\CRYPTSP.dll
0x00007ffdcf910000 - 0x00007ffdcf944000 	C:\WINDOWS\system32\rsaenh.dll
0x00007ffdd0230000 - 0x00007ffdd0259000 	C:\WINDOWS\SYSTEM32\bcrypt.dll
0x00007ffdcfda0000 - 0x00007ffdcfdab000 	C:\WINDOWS\SYSTEM32\CRYPTBASE.dll
0x00007ffdd1190000 - 0x00007ffdd11ac000 	C:\WINDOWS\system32\imagehlp.dll
0x00007ffdcf300000 - 0x00007ffdcf324000 	C:\WINDOWS\SYSTEM32\gpapi.dll
0x00007ffdc2290000 - 0x00007ffdc22bf000 	C:\Windows\System32\cryptnet.dll
0x00007ffdcb570000 - 0x00007ffdcb57b000 	C:\WINDOWS\SYSTEM32\WINNSI.DLL
0x00007ffdd24d0000 - 0x00007ffdd24d8000 	C:\WINDOWS\system32\NSI.dll
0x00007ffdb89b0000 - 0x00007ffdb8bf8000 	C:\PROGRA~2\Raptr\ltc_game64-106568.dll
0x00007ffdba4f0000 - 0x00007ffdba67c000 	C:\WINDOWS\SYSTEM32\dbghelp.dll

VM Arguments:
jvm_args: -Djava.library.path=C:\Users\Benoit\git\colonie\Colonie\lib\lwjgl-2.9.3\native\windows -Dfile.encoding=Cp1252 
java_command: fr.benoitsepe.colonie.main.Main
java_class_path (initial): C:\Users\Benoit\git\colonie\Colonie\bin;C:\Users\Benoit\git\colonie\Colonie\res;C:\Users\Benoit\git\colonie\Colonie\lib\lwjgl-2.9.3\jar\AppleJavaExtensions.jar;C:\Users\Benoit\git\colonie\Colonie\lib\lwjgl-2.9.3\jar\asm-debug-all.jar;C:\Users\Benoit\git\colonie\Colonie\lib\lwjgl-2.9.3\jar\jinput.jar;C:\Users\Benoit\git\colonie\Colonie\lib\lwjgl-2.9.3\jar\laf-plugin-7.2.1.jar;C:\Users\Benoit\git\colonie\Colonie\lib\lwjgl-2.9.3\jar\laf-widget-7.2.1.jar;C:\Users\Benoit\git\colonie\Colonie\lib\lwjgl-2.9.3\jar\log4j-api-2.0-beta9.jar;C:\Users\Benoit\git\colonie\Colonie\lib\lwjgl-2.9.3\jar\lwjgl_test.jar;C:\Users\Benoit\git\colonie\Colonie\lib\lwjgl-2.9.3\jar\lwjgl_util_applet.jar;C:\Users\Benoit\git\colonie\Colonie\lib\lwjgl-2.9.3\jar\lwjgl_util.jar;C:\Users\Benoit\git\colonie\Colonie\lib\lwjgl-2.9.3\jar\lwjgl-debug.jar;C:\Users\Benoit\git\colonie\Colonie\lib\lwjgl-2.9.3\jar\lwjgl.jar;C:\Users\Benoit\git\colonie\Colonie\lib\lwjgl-2.9.3\jar\lzma.jar;C:\Users\Benoit\git\colonie\Colonie\lib\lwjgl-2.9.3\jar\substance-7.2.1.jar;C:\Users\Benoit\git\colonie\Colonie\lib\lwjgl-2.9.3\jar\trident-7.2.1.jar
Launcher Type: SUN_STANDARD

Environment Variables:
PATH=C:/Program Files/Java/jre1.8.0_65/bin/server;C:/Program Files/Java/jre1.8.0_65/bin;C:/Program Files/Java/jre1.8.0_65/lib/amd64;C:\ProgramData\Oracle\Java\javapath;C:\Program Files (x86)\NVIDIA Corporation\PhysX\Common;C:\WINDOWS\system32;C:\WINDOWS;C:\WINDOWS\System32\Wbem;C:\WINDOWS\System32\WindowsPowerShell\v1.0\;C:\Program Files (x86)\ATI Technologies\ATI.ACE\Core-Static;C:\WINDOWS\system32\config\systemprofile\.dnx\bin;C:\Program Files\Microsoft DNX\Dnvm\;C:\Program Files (x86)\Windows Kits\8.1\Windows Performance Toolkit\;C:\Program Files (x86)\Skype\Phone\;C:\Program Files\MATLAB\R2015b\bin;C:\Users\Benoit\AppData\Local\atom\bin;C:\Users\Benoit\Desktop;
USERNAME=Benoît
OS=Windows_NT
PROCESSOR_IDENTIFIER=Intel64 Family 6 Model 60 Stepping 3, GenuineIntel



---------------  S Y S T E M  ---------------

OS: Windows 10.0 , 64 bit Build 10586 (10.0.10586.0)

CPU:total 4 (4 cores per cpu, 1 threads per core) family 6 model 60 stepping 3, cmov, cx8, fxsr, mmx, sse, sse2, sse3, ssse3, sse4.1, sse4.2, popcnt, avx, avx2, aes, clmul, erms, lzcnt, tsc, tscinvbit, bmi1, bmi2

Memory: 4k page, physical 8336240k(4804852k free), swap 9646960k(5235612k free)

vm_info: Java HotSpot(TM) 64-Bit Server VM (25.65-b01) for windows-amd64 JRE (1.8.0_65-b17), built on Oct  6 2015 16:39:20 by "java_re" with MS VC++ 10.0 (VS2010)

time: Wed Dec 30 13:13:43 2015
elapsed time: 28 seconds (0d 0h 0m 28s)

