#
# A fatal error has been detected by the Java Runtime Environment:
#
#  EXCEPTION_ACCESS_VIOLATION (0xc0000005) at pc=0x00007ffdbf912224, pid=984, tid=7548
#
# JRE version: Java(TM) SE Runtime Environment (8.0_65-b17) (build 1.8.0_65-b17)
# Java VM: Java HotSpot(TM) 64-Bit Server VM (25.65-b01 mixed mode windows-amd64 compressed oops)
# Problematic frame:
# C  [OPENGL32.dll+0xe2224]
#
# Failed to write core dump. Minidumps are not enabled by default on client versions of Windows
#
# If you would like to submit a bug report, please visit:
#   http://bugreport.java.com/bugreport/crash.jsp
#

---------------  T H R E A D  ---------------

Current thread (0x0000000016d18000):  VMThread [stack: 0x0000000017db0000,0x0000000017eb0000] [id=7548]

siginfo: ExceptionCode=0xc0000005, reading address 0x0000000000000a38

Registers:
RAX=0x0000000000000000, RBX=0x00000000248b2110, RCX=0x0000000000000001, RDX=0x00000000248b2118
RSP=0x0000000017eaee88, RBP=0x0000000000000000, RSI=0x00000000248b6550, RDI=0x00000000248b6550
R8 =0x0000000017eaef08, R9 =0x0000000016c26510, R10=0x0000000000000000, R11=0x0000000000000246
R12=0x0000000000000000, R13=0x00000000246a6cc0, R14=0x00000000246a6b70, R15=0x0000000000000000
RIP=0x00007ffdbf912224, EFLAGS=0x0000000000010283

Top of Stack: (sp=0x0000000017eaee88)
0x0000000017eaee88:   00007ffdb9fa244b 00000000246a6cc0
0x0000000017eaee98:   0000000000000001 00000000246a0000
0x0000000017eaeea8:   00007ffdd3d007d9 0000000000000000
0x0000000017eaeeb8:   00007ffdb9fa7f17 0000000000000000
0x0000000017eaeec8:   0000000000000000 00000000246a6ca0
0x0000000017eaeed8:   00007ffdb9fa7283 fffffffffffffffe
0x0000000017eaeee8:   0000000017eaef50 0000000000000000
0x0000000017eaeef8:   00007ffdb9fa87c9 00000000248b6550
0x0000000017eaef08:   00000000246ab880 0000000016c26510
0x0000000017eaef18:   00007ffdba025700 fffffffffffffffe
0x0000000017eaef28:   00000000246a91c0 0000000000000001
0x0000000017eaef38:   00000000246a6c98 00000000246a6b70
0x0000000017eaef48:   00007ffdba02d7ad 00007ffdba1665b0
0x0000000017eaef58:   00007ffdba091930 0000000016c26510
0x0000000017eaef68:   00007ffdd3d007d9 00000000246a6c98
0x0000000017eaef78:   00000000246a6b70 00000000246a6b70 

Instructions: (pc=0x00007ffdbf912224)
0x00007ffdbf912204:   cc cc cc cc cc cc 66 0f 1f 44 00 00 8b 05 f2 7d
0x00007ffdbf912214:   01 00 83 f8 40 73 0f 65 48 8b 04 c5 80 14 00 00
0x00007ffdbf912224:   ff a0 38 0a 00 00 b8 47 01 00 00 e9 ec d4 ff ff
0x00007ffdbf912234:   cc cc cc cc cc cc 66 0f 1f 44 00 00 8b 05 c2 7d 


Register to memory mapping:

RAX=0x0000000000000000 is an unknown value
RBX=0x00000000248b2110 is an unknown value
RCX=0x0000000000000001 is an unknown value
RDX=0x00000000248b2118 is an unknown value
RSP=0x0000000017eaee88 is an unknown value
RBP=0x0000000000000000 is an unknown value
RSI=0x00000000248b6550 is an unknown value
RDI=0x00000000248b6550 is an unknown value
R8 =0x0000000017eaef08 is an unknown value
R9 =0x0000000016c26510 is an unknown value
R10=0x0000000000000000 is an unknown value
R11=0x0000000000000246 is an unknown value
R12=0x0000000000000000 is an unknown value
R13=0x00000000246a6cc0 is an unknown value
R14=0x00000000246a6b70 is an unknown value
R15=0x0000000000000000 is an unknown value


Stack: [0x0000000017db0000,0x0000000017eb0000],  sp=0x0000000017eaee88,  free space=1019k
Native frames: (J=compiled Java code, j=interpreted, Vv=VM code, C=native code)

VM_Operation (0x000000000209f3f0): Exit, mode: safepoint, requested by thread 0x00000000020a0800


---------------  P R O C E S S  ---------------

Java Threads: ( => current thread )
  0x000000001ed1f000 JavaThread "AWT-Shutdown" [_thread_blocked, id=3444, stack(0x0000000029e90000,0x0000000029f90000)]
  0x000000001891c800 JavaThread "Java2D Disposer" daemon [_thread_blocked, id=2820, stack(0x0000000021380000,0x0000000021480000)]
  0x00000000186e8800 JavaThread "Service Thread" daemon [_thread_blocked, id=6408, stack(0x0000000018ac0000,0x0000000018bc0000)]
  0x0000000016d56000 JavaThread "C1 CompilerThread2" daemon [_thread_blocked, id=4808, stack(0x00000000185c0000,0x00000000186c0000)]
  0x0000000016d4f800 JavaThread "C2 CompilerThread1" daemon [_thread_blocked, id=5032, stack(0x00000000184c0000,0x00000000185c0000)]
  0x0000000016d4c000 JavaThread "C2 CompilerThread0" daemon [_thread_blocked, id=3628, stack(0x00000000183c0000,0x00000000184c0000)]
  0x0000000016d4a800 JavaThread "Attach Listener" daemon [_thread_blocked, id=2808, stack(0x00000000182c0000,0x00000000183c0000)]
  0x0000000016d49000 JavaThread "Signal Dispatcher" daemon [_thread_blocked, id=5660, stack(0x00000000181c0000,0x00000000182c0000)]
  0x0000000002196000 JavaThread "Finalizer" daemon [_thread_blocked, id=276, stack(0x0000000017fb0000,0x00000000180b0000)]
  0x000000000218d000 JavaThread "Reference Handler" daemon [_thread_blocked, id=6540, stack(0x0000000017eb0000,0x0000000017fb0000)]
  0x00000000020a0800 JavaThread "main" [_thread_blocked, id=7860, stack(0x0000000001fa0000,0x00000000020a0000)]

Other Threads:
=>0x0000000016d18000 VMThread [stack: 0x0000000017db0000,0x0000000017eb0000] [id=7548]

VM state:at safepoint (shutting down)

VM Mutex/Monitor currently owned by a thread:  ([mutex/lock_event])
[0x0000000001f9c150] Threads_lock - owner thread: 0x0000000016d18000

Heap:
 PSYoungGen      total 38400K, used 25748K [0x00000000d5980000, 0x00000000d8400000, 0x0000000100000000)
  eden space 33280K, 72% used [0x00000000d5980000,0x00000000d71173f0,0x00000000d7a00000)
  from space 5120K, 31% used [0x00000000d7f00000,0x00000000d808dd68,0x00000000d8400000)
  to   space 5120K, 0% used [0x00000000d7a00000,0x00000000d7a00000,0x00000000d7f00000)
 ParOldGen       total 87552K, used 24K [0x0000000080c00000, 0x0000000086180000, 0x00000000d5980000)
  object space 87552K, 0% used [0x0000000080c00000,0x0000000080c06000,0x0000000086180000)
 Metaspace       used 8621K, capacity 8751K, committed 8960K, reserved 1056768K
  class space    used 906K, capacity 966K, committed 1024K, reserved 1048576K

Card table byte_map: [0x0000000011560000,0x0000000011960000] byte_map_base: 0x000000001115a000

Marking Bits: (ParMarkBitMap*) 0x0000000051a2a5b0
 Begin Bits: [0x0000000012010000, 0x0000000013fe0000)
 End Bits:   [0x0000000013fe0000, 0x0000000015fb0000)

Polling page: 0x00000000001f0000

CodeCache: size=245760Kb used=3895Kb max_used=3910Kb free=241864Kb
 bounds [0x00000000021a0000, 0x0000000002580000, 0x00000000111a0000]
 total_blobs=1422 nmethods=911 adapters=424
 compilation: enabled

Compilation events (10 events):
Event: 112.471 Thread 0x0000000016d56000 nmethod 905 0x0000000002569d10 code [0x0000000002569e60, 0x0000000002569f70]
Event: 112.509 Thread 0x0000000016d4f800 nmethod 907 0x0000000002572390 code [0x00000000025726a0, 0x0000000002574a80]
Event: 114.220 Thread 0x0000000016d4c000  908   !   4       org.lwjgl.input.Keyboard::isKeyDown (45 bytes)
Event: 114.222 Thread 0x0000000016d4c000 nmethod 908 0x000000000254c610 code [0x000000000254c760, 0x000000000254c9f8]
Event: 118.825 Thread 0x0000000016d4f800  909       4       org.lwjgl.opengl.WindowsDisplay::handleMessage (29 bytes)
Event: 118.826 Thread 0x0000000016d4f800 nmethod 909 0x0000000002569a50 code [0x0000000002569ba0, 0x0000000002569c48]
Event: 120.937 Thread 0x0000000016d4c000  910       4       java.nio.HeapByteBuffer::putInt (20 bytes)
Event: 120.938 Thread 0x0000000016d4c000 nmethod 910 0x0000000002560dd0 code [0x0000000002560f20, 0x0000000002561098]
Event: 125.454 Thread 0x0000000016d56000  911       1       java.nio.charset.CharsetEncoder::charset (5 bytes)
Event: 125.454 Thread 0x0000000016d56000 nmethod 911 0x000000000254c350 code [0x000000000254c4a0, 0x000000000254c5b0]

GC Heap History (4 events):
Event: 23.397 GC heap before
{Heap before GC invocations=1 (full 0):
 PSYoungGen      total 38400K, used 33280K [0x00000000d5980000, 0x00000000d8400000, 0x0000000100000000)
  eden space 33280K, 100% used [0x00000000d5980000,0x00000000d7a00000,0x00000000d7a00000)
  from space 5120K, 0% used [0x00000000d7f00000,0x00000000d7f00000,0x00000000d8400000)
  to   space 5120K, 0% used [0x00000000d7a00000,0x00000000d7a00000,0x00000000d7f00000)
 ParOldGen       total 87552K, used 0K [0x0000000080c00000, 0x0000000086180000, 0x00000000d5980000)
  object space 87552K, 0% used [0x0000000080c00000,0x0000000080c00000,0x0000000086180000)
 Metaspace       used 8582K, capacity 8751K, committed 8960K, reserved 1056768K
  class space    used 903K, capacity 966K, committed 1024K, reserved 1048576K
Event: 23.399 GC heap after
Heap after GC invocations=1 (full 0):
 PSYoungGen      total 38400K, used 2124K [0x00000000d5980000, 0x00000000d8400000, 0x0000000100000000)
  eden space 33280K, 0% used [0x00000000d5980000,0x00000000d5980000,0x00000000d7a00000)
  from space 5120K, 41% used [0x00000000d7a00000,0x00000000d7c13380,0x00000000d7f00000)
  to   space 5120K, 0% used [0x00000000d7f00000,0x00000000d7f00000,0x00000000d8400000)
 ParOldGen       total 87552K, used 16K [0x0000000080c00000, 0x0000000086180000, 0x00000000d5980000)
  object space 87552K, 0% used [0x0000000080c00000,0x0000000080c04000,0x0000000086180000)
 Metaspace       used 8582K, capacity 8751K, committed 8960K, reserved 1056768K
  class space    used 903K, capacity 966K, committed 1024K, reserved 1048576K
}
Event: 77.798 GC heap before
{Heap before GC invocations=2 (full 0):
 PSYoungGen      total 38400K, used 35404K [0x00000000d5980000, 0x00000000d8400000, 0x0000000100000000)
  eden space 33280K, 100% used [0x00000000d5980000,0x00000000d7a00000,0x00000000d7a00000)
  from space 5120K, 41% used [0x00000000d7a00000,0x00000000d7c13380,0x00000000d7f00000)
  to   space 5120K, 0% used [0x00000000d7f00000,0x00000000d7f00000,0x00000000d8400000)
 ParOldGen       total 87552K, used 16K [0x0000000080c00000, 0x0000000086180000, 0x00000000d5980000)
  object space 87552K, 0% used [0x0000000080c00000,0x0000000080c04000,0x0000000086180000)
 Metaspace       used 8593K, capacity 8751K, committed 8960K, reserved 1056768K
  class space    used 903K, capacity 966K, committed 1024K, reserved 1048576K
Event: 77.800 GC heap after
Heap after GC invocations=2 (full 0):
 PSYoungGen      total 38400K, used 1591K [0x00000000d5980000, 0x00000000d8400000, 0x0000000100000000)
  eden space 33280K, 0% used [0x00000000d5980000,0x00000000d5980000,0x00000000d7a00000)
  from space 5120K, 31% used [0x00000000d7f00000,0x00000000d808dd68,0x00000000d8400000)
  to   space 5120K, 0% used [0x00000000d7a00000,0x00000000d7a00000,0x00000000d7f00000)
 ParOldGen       total 87552K, used 24K [0x0000000080c00000, 0x0000000086180000, 0x00000000d5980000)
  object space 87552K, 0% used [0x0000000080c00000,0x0000000080c06000,0x0000000086180000)
 Metaspace       used 8593K, capacity 8751K, committed 8960K, reserved 1056768K
  class space    used 903K, capacity 966K, committed 1024K, reserved 1048576K
}

Deoptimization events (10 events):
Event: 21.931 Thread 0x00000000020a0800 Uncommon trap: reason=unstable_if action=reinterpret pc=0x00000000024eb300 method=org.lwjgl.opengl.WindowsDisplay.update()V @ 7
Event: 63.554 Thread 0x00000000020a0800 Uncommon trap: reason=unstable_if action=reinterpret pc=0x00000000025420f8 method=fr.benoitsepe.colonie.main.Gestion.update()V @ 7
Event: 73.554 Thread 0x00000000020a0800 Uncommon trap: reason=unstable_if action=reinterpret pc=0x000000000252af14 method=org.lwjgl.opengl.WindowsDisplay.update()V @ 40
Event: 95.450 Thread 0x00000000020a0800 Uncommon trap: reason=unstable_if action=reinterpret pc=0x0000000002528cfc method=org.lwjgl.opengl.WindowsDisplay.update()V @ 40
Event: 96.003 Thread 0x00000000020a0800 Uncommon trap: reason=unstable_if action=reinterpret pc=0x000000000255a7e8 method=fr.kienanbachwa.colonie.jeu.Component.tick()V @ 69
Event: 99.978 Thread 0x00000000020a0800 Uncommon trap: reason=unstable_if action=reinterpret pc=0x00000000025211a0 method=org.lwjgl.opengl.WindowsKeyboard.flushRetained()V @ 4
Event: 99.987 Thread 0x00000000020a0800 Uncommon trap: reason=unstable_if action=reinterpret pc=0x000000000254a1cc method=org.lwjgl.input.Keyboard.isKeyDown(I)Z @ 29
Event: 100.004 Thread 0x00000000020a0800 Uncommon trap: reason=unstable_if action=reinterpret pc=0x000000000250b498 method=org.lwjgl.input.Keyboard.isKeyDown(I)Z @ 29
Event: 100.137 Thread 0x00000000020a0800 Uncommon trap: reason=unstable_if action=reinterpret pc=0x00000000025248f8 method=org.lwjgl.opengl.WindowsKeyboard.flushRetained()V @ 4
Event: 101.554 Thread 0x00000000020a0800 Uncommon trap: reason=unstable_if action=reinterpret pc=0x0000000002526638 method=fr.kienanbachwa.colonie.graphics.things.Button.update(IIII)V @ 104

Internal exceptions (10 events):
Event: 0.026 Thread 0x00000000020a0800 Exception <a 'java/lang/NoSuchMethodError': Method sun.misc.Unsafe.defineClass(Ljava/lang/String;[BII)Ljava/lang/Class; name or signature does not match> (0x00000000d598d700) thrown at [C:\workspace\8-2-build-windows-amd64-cygwin\jdk8u65\4987\hotspot\src\s–6Š-Á›?
Event: 0.026 Thread 0x00000000020a0800 Exception <a 'java/lang/NoSuchMethodError': Method sun.misc.Unsafe.prefetchRead(Ljava/lang/Object;J)V name or signature does not match> (0x00000000d598d9e8) thrown at [C:\workspace\8-2-build-windows-amd64-cygwin\jdk8u65\4987\hotspot\src\share\vm\prims\jni.àºH<µYÐ?
Event: 0.255 Thread 0x00000000020a0800 Exception <a 'java/security/PrivilegedActionException'> (0x00000000d5f13ef0) thrown at [C:\workspace\8-2-build-windows-amd64-cygwin\jdk8u65\4987\hotspot\src\share\vm\prims\jvm.cpp, line 1386]
Event: 0.255 Thread 0x00000000020a0800 Exception <a 'java/security/PrivilegedActionException'> (0x00000000d5f142e8) thrown at [C:\workspace\8-2-build-windows-amd64-cygwin\jdk8u65\4987\hotspot\src\share\vm\prims\jvm.cpp, line 1386]
Event: 0.256 Thread 0x00000000020a0800 Exception <a 'java/security/PrivilegedActionException'> (0x00000000d5f18260) thrown at [C:\workspace\8-2-build-windows-amd64-cygwin\jdk8u65\4987\hotspot\src\share\vm\prims\jvm.cpp, line 1386]
Event: 0.256 Thread 0x00000000020a0800 Exception <a 'java/security/PrivilegedActionException'> (0x00000000d5f18658) thrown at [C:\workspace\8-2-build-windows-amd64-cygwin\jdk8u65\4987\hotspot\src\share\vm\prims\jvm.cpp, line 1386]
Event: 0.258 Thread 0x00000000020a0800 Exception <a 'java/io/FileNotFoundException'> (0x00000000d5f1b560) thrown at [C:\workspace\8-2-build-windows-amd64-cygwin\jdk8u65\4987\hotspot\src\share\vm\prims\jni.cpp, line 709]
Event: 0.280 Thread 0x00000000020a0800 Exception <a 'java/lang/NoSuchFieldError': method resolution failed> (0x00000000d5fe8820) thrown at [C:\workspace\8-2-build-windows-amd64-cygwin\jdk8u65\4987\hotspot\src\share\vm\prims\methodHandles.cpp, line 1146]
Event: 0.281 Thread 0x00000000020a0800 Exception <a 'java/lang/NoSuchFieldError': method resolution failed> (0x00000000d5ff6218) thrown at [C:\workspace\8-2-build-windows-amd64-cygwin\jdk8u65\4987\hotspot\src\share\vm\prims\methodHandles.cpp, line 1146]
Event: 0.337 Thread 0x00000000020a0800 Exception <a 'java/io/FileNotFoundException'> (0x00000000d61a4988) thrown at [C:\workspace\8-2-build-windows-amd64-cygwin\jdk8u65\4987\hotspot\src\share\vm\prims\jni.cpp, line 709]

Events (10 events):
Event: 130.239 loading class java/util/IdentityHashMap$KeySet done
Event: 130.239 loading class java/util/IdentityHashMap$KeyIterator
Event: 130.240 loading class java/util/IdentityHashMap$KeyIterator done
Event: 130.240 Thread 0x000000001edb6000 Thread added: 0x000000001edb6000
Event: 130.240 Thread 0x000000001ed1f000 Thread added: 0x000000001ed1f000
Event: 130.240 loading class sun/java2d/pipe/hw/AccelDeviceEventNotifier
Event: 130.240 loading class sun/java2d/pipe/hw/AccelDeviceEventNotifier done
Event: 130.249 Thread 0x000000001ed32000 Thread exited: 0x000000001ed32000
Event: 130.340 Thread 0x000000001edb6000 Thread exited: 0x000000001edb6000
Event: 130.340 Executing VM operation: Exit


Dynamic libraries:
0x00007ff7d5580000 - 0x00007ff7d55b7000 	C:\Program Files\Java\jre1.8.0_65\bin\javaw.exe
0x00007ffdd3ce0000 - 0x00007ffdd3ea1000 	C:\WINDOWS\SYSTEM32\ntdll.dll
0x00007ffdd24e0000 - 0x00007ffdd258d000 	C:\WINDOWS\system32\KERNEL32.DLL
0x00007ffdd0ef0000 - 0x00007ffdd10d8000 	C:\WINDOWS\system32\KERNELBASE.dll
0x00007ffdd10e0000 - 0x00007ffdd1187000 	C:\WINDOWS\system32\ADVAPI32.dll
0x00007ffdd2430000 - 0x00007ffdd24cd000 	C:\WINDOWS\system32\msvcrt.dll
0x00007ffdd23d0000 - 0x00007ffdd242b000 	C:\WINDOWS\system32\sechost.dll
0x00007ffdd20b0000 - 0x00007ffdd21cc000 	C:\WINDOWS\system32\RPCRT4.dll
0x00007ffdd1ee0000 - 0x00007ffdd2036000 	C:\WINDOWS\system32\USER32.dll
0x00007ffdd11c0000 - 0x00007ffdd1346000 	C:\WINDOWS\system32\GDI32.dll
0x00007ffdc6e70000 - 0x00007ffdc70e4000 	C:\WINDOWS\WinSxS\amd64_microsoft.windows.common-controls_6595b64144ccf1df_6.0.10586.0_none_8c15ae12515e1c22\COMCTL32.dll
0x00007ffdd1610000 - 0x00007ffdd188d000 	C:\WINDOWS\system32\combase.dll
0x00007ffdd0440000 - 0x00007ffdd04aa000 	C:\WINDOWS\system32\bcryptPrimitives.dll
0x00007ffdd1a00000 - 0x00007ffdd1a3b000 	C:\WINDOWS\system32\IMM32.DLL
0x0000000050f30000 - 0x0000000051002000 	C:\Program Files\Java\jre1.8.0_65\bin\msvcr100.dll
0x0000000051220000 - 0x0000000051aa9000 	C:\Program Files\Java\jre1.8.0_65\bin\server\jvm.dll
0x00007ffdd1890000 - 0x00007ffdd1898000 	C:\WINDOWS\system32\PSAPI.DLL
0x00007ffdc9d50000 - 0x00007ffdc9d59000 	C:\WINDOWS\SYSTEM32\WSOCK32.dll
0x00007ffdd2040000 - 0x00007ffdd20ab000 	C:\WINDOWS\system32\WS2_32.dll
0x00007ffdcdbc0000 - 0x00007ffdcdbe3000 	C:\WINDOWS\SYSTEM32\WINMM.dll
0x00007ffdcdb90000 - 0x00007ffdcdbbc000 	C:\WINDOWS\SYSTEM32\WINMMBASE.dll
0x00007ffdd0e40000 - 0x00007ffdd0e83000 	C:\WINDOWS\system32\cfgmgr32.dll
0x00007ffdcdbf0000 - 0x00007ffdcdbfa000 	C:\WINDOWS\SYSTEM32\VERSION.dll
0x0000000051130000 - 0x000000005113f000 	C:\Program Files\Java\jre1.8.0_65\bin\verify.dll
0x0000000051100000 - 0x0000000051129000 	C:\Program Files\Java\jre1.8.0_65\bin\java.dll
0x00000000510e0000 - 0x00000000510f6000 	C:\Program Files\Java\jre1.8.0_65\bin\zip.dll
0x00007ffdd2780000 - 0x00007ffdd3cdf000 	C:\WINDOWS\system32\SHELL32.dll
0x00007ffdd0540000 - 0x00007ffdd0b84000 	C:\WINDOWS\system32\windows.storage.dll
0x00007ffdd2590000 - 0x00007ffdd25e2000 	C:\WINDOWS\system32\shlwapi.dll
0x00007ffdd0380000 - 0x00007ffdd038f000 	C:\WINDOWS\system32\kernel.appcore.dll
0x00007ffdd0d80000 - 0x00007ffdd0e35000 	C:\WINDOWS\system32\shcore.dll
0x00007ffdd0300000 - 0x00007ffdd034b000 	C:\WINDOWS\system32\powrprof.dll
0x00007ffdd0360000 - 0x00007ffdd0374000 	C:\WINDOWS\system32\profapi.dll
0x0000000180000000 - 0x0000000180053000 	C:\Users\Benoit\git\colonie\Colonie\lib\lwjgl-2.9.3\native\windows\lwjgl64.dll
0x00007ffdbf830000 - 0x00007ffdbf959000 	C:\WINDOWS\SYSTEM32\OPENGL32.dll
0x00007ffdc7f20000 - 0x00007ffdc7f4e000 	C:\WINDOWS\SYSTEM32\GLU32.dll
0x00007ffdb9ce0000 - 0x00007ffdb9dda000 	C:\WINDOWS\SYSTEM32\DDRAW.dll
0x00007ffdc9b30000 - 0x00007ffdc9b38000 	C:\WINDOWS\SYSTEM32\DCIMAN32.dll
0x00007ffdcefc0000 - 0x00007ffdcf056000 	C:\WINDOWS\system32\uxtheme.dll
0x00007ffdd18a0000 - 0x00007ffdd19fa000 	C:\WINDOWS\system32\MSCTF.dll
0x00007ffdc44f0000 - 0x00007ffdc4518000 	C:\Program Files (x86)\Raptr\ltc_help64-106568.dll
0x00007ffdd0e90000 - 0x00007ffdd0ee5000 	C:\WINDOWS\system32\WINTRUST.dll
0x00007ffdd0350000 - 0x00007ffdd0360000 	C:\WINDOWS\system32\MSASN1.dll
0x00007ffdd0b90000 - 0x00007ffdd0d57000 	C:\WINDOWS\system32\CRYPT32.dll
0x00007ffdce6b0000 - 0x00007ffdce6d2000 	C:\WINDOWS\system32\dwmapi.dll
0x00007ffdced80000 - 0x00007ffdced98000 	C:\WINDOWS\SYSTEM32\atig6pxx.dll
0x0000000076160000 - 0x0000000077ff7000 	C:\WINDOWS\SYSTEM32\atio6axx.dll
0x00007ffdd1ab0000 - 0x00007ffdd1ed9000 	C:\WINDOWS\system32\SETUPAPI.dll
0x00007ffdba9d0000 - 0x00007ffdbab18000 	C:\WINDOWS\SYSTEM32\atiadlxx.dll
0x00007ffdd2280000 - 0x00007ffdd23c3000 	C:\WINDOWS\system32\ole32.dll
0x00007ffdcfa60000 - 0x00007ffdcfa7f000 	C:\WINDOWS\SYSTEM32\USERENV.dll
0x00007ffdcc100000 - 0x00007ffdcc286000 	C:\WINDOWS\SYSTEM32\PROPSYS.dll
0x00007ffdd26b0000 - 0x00007ffdd2771000 	C:\WINDOWS\system32\OLEAUT32.dll
0x00007ffdcc2c0000 - 0x00007ffdcc2d3000 	C:\WINDOWS\SYSTEM32\WTSAPI32.dll
0x00007ffdcb420000 - 0x00007ffdcb458000 	C:\WINDOWS\SYSTEM32\IPHLPAPI.DLL
0x00007ffdcf060000 - 0x00007ffdcf087000 	C:\WINDOWS\SYSTEM32\DEVOBJ.dll
0x00007ffdc0270000 - 0x00007ffdc029c000 	C:\WINDOWS\SYSTEM32\atig6txx.dll
0x00007ffdc9ea0000 - 0x00007ffdc9f31000 	C:\WINDOWS\SYSTEM32\mscms.dll
0x00007ffdc0130000 - 0x00007ffdc0172000 	C:\WINDOWS\SYSTEM32\icm32.dll
0x0000000050d90000 - 0x0000000050f28000 	C:\Program Files\Java\jre1.8.0_65\bin\awt.dll
0x00007ffdcebb0000 - 0x00007ffdcec29000 	C:\WINDOWS\system32\apphelp.dll
0x0000000050d40000 - 0x0000000050d87000 	C:\Program Files\Java\jre1.8.0_65\bin\fontmanager.dll
0x00000000510c0000 - 0x00000000510da000 	C:\Program Files\Java\jre1.8.0_65\bin\net.dll
0x00007ffdcfbd0000 - 0x00007ffdcfc2c000 	C:\WINDOWS\system32\mswsock.dll
0x00000000510a0000 - 0x00000000510b1000 	C:\Program Files\Java\jre1.8.0_65\bin\nio.dll
0x00007ffdbb6c0000 - 0x00007ffdbb8d0000 	C:\WINDOWS\system32\d3d9.dll
0x0000000050cf0000 - 0x0000000050d32000 	C:\Program Files\Java\jre1.8.0_65\bin\t2k.dll
0x00007ffdcfc80000 - 0x00007ffdcfc97000 	C:\WINDOWS\system32\CRYPTSP.dll
0x00007ffdcf910000 - 0x00007ffdcf944000 	C:\WINDOWS\system32\rsaenh.dll
0x00007ffdd0230000 - 0x00007ffdd0259000 	C:\WINDOWS\SYSTEM32\bcrypt.dll
0x00007ffdcfda0000 - 0x00007ffdcfdab000 	C:\WINDOWS\SYSTEM32\CRYPTBASE.dll
0x00007ffdd1190000 - 0x00007ffdd11ac000 	C:\WINDOWS\system32\imagehlp.dll
0x00007ffdcf300000 - 0x00007ffdcf324000 	C:\WINDOWS\SYSTEM32\gpapi.dll
0x00007ffdc2290000 - 0x00007ffdc22bf000 	C:\Windows\System32\cryptnet.dll
0x00007ffdcb570000 - 0x00007ffdcb57b000 	C:\WINDOWS\SYSTEM32\WINNSI.DLL
0x00007ffdd24d0000 - 0x00007ffdd24d8000 	C:\WINDOWS\system32\NSI.dll
0x00007ffdb9f40000 - 0x00007ffdba188000 	C:\PROGRA~2\Raptr\ltc_game64-106568.dll
0x00007ffdb8410000 - 0x00007ffdb859c000 	C:\WINDOWS\SYSTEM32\dbghelp.dll

VM Arguments:
jvm_args: -Djava.library.path=C:\Users\Benoit\git\colonie\Colonie\lib\lwjgl-2.9.3\native\windows -Dfile.encoding=Cp1252 
java_command: fr.benoitsepe.colonie.main.Main
java_class_path (initial): C:\Users\Benoit\git\colonie\Colonie\bin;C:\Users\Benoit\git\colonie\Colonie\res;C:\Users\Benoit\git\colonie\Colonie\lib\lwjgl-2.9.3\jar\AppleJavaExtensions.jar;C:\Users\Benoit\git\colonie\Colonie\lib\lwjgl-2.9.3\jar\asm-debug-all.jar;C:\Users\Benoit\git\colonie\Colonie\lib\lwjgl-2.9.3\jar\jinput.jar;C:\Users\Benoit\git\colonie\Colonie\lib\lwjgl-2.9.3\jar\laf-plugin-7.2.1.jar;C:\Users\Benoit\git\colonie\Colonie\lib\lwjgl-2.9.3\jar\laf-widget-7.2.1.jar;C:\Users\Benoit\git\colonie\Colonie\lib\lwjgl-2.9.3\jar\log4j-api-2.0-beta9.jar;C:\Users\Benoit\git\colonie\Colonie\lib\lwjgl-2.9.3\jar\lwjgl_test.jar;C:\Users\Benoit\git\colonie\Colonie\lib\lwjgl-2.9.3\jar\lwjgl_util_applet.jar;C:\Users\Benoit\git\colonie\Colonie\lib\lwjgl-2.9.3\jar\lwjgl_util.jar;C:\Users\Benoit\git\colonie\Colonie\lib\lwjgl-2.9.3\jar\lwjgl-debug.jar;C:\Users\Benoit\git\colonie\Colonie\lib\lwjgl-2.9.3\jar\lwjgl.jar;C:\Users\Benoit\git\colonie\Colonie\lib\lwjgl-2.9.3\jar\lzma.jar;C:\Users\Benoit\git\colonie\Colonie\lib\lwjgl-2.9.3\jar\substance-7.2.1.jar;C:\Users\Benoit\git\colonie\Colonie\lib\lwjgl-2.9.3\jar\trident-7.2.1.jar
Launcher Type: SUN_STANDARD

Environment Variables:
PATH=C:/Program Files/Java/jre1.8.0_65/bin/server;C:/Program Files/Java/jre1.8.0_65/bin;C:/Program Files/Java/jre1.8.0_65/lib/amd64;C:\ProgramData\Oracle\Java\javapath;C:\Program Files (x86)\NVIDIA Corporation\PhysX\Common;C:\WINDOWS\system32;C:\WINDOWS;C:\WINDOWS\System32\Wbem;C:\WINDOWS\System32\WindowsPowerShell\v1.0\;C:\Program Files (x86)\ATI Technologies\ATI.ACE\Core-Static;C:\WINDOWS\system32\config\systemprofile\.dnx\bin;C:\Program Files\Microsoft DNX\Dnvm\;C:\Program Files (x86)\Windows Kits\8.1\Windows Performance Toolkit\;C:\Program Files (x86)\Skype\Phone\;C:\Program Files\MATLAB\R2015b\bin;C:\Users\Benoit\AppData\Local\atom\bin;C:\Users\Benoit\Desktop;
USERNAME=Benoît
OS=Windows_NT
PROCESSOR_IDENTIFIER=Intel64 Family 6 Model 60 Stepping 3, GenuineIntel



---------------  S Y S T E M  ---------------

OS: Windows 10.0 , 64 bit Build 10586 (10.0.10586.0)

CPU:total 4 (4 cores per cpu, 1 threads per core) family 6 model 60 stepping 3, cmov, cx8, fxsr, mmx, sse, sse2, sse3, ssse3, sse4.1, sse4.2, popcnt, avx, avx2, aes, clmul, erms, lzcnt, tsc, tscinvbit, bmi1, bmi2

Memory: 4k page, physical 8336240k(4845256k free), swap 9646960k(5468288k free)

vm_info: Java HotSpot(TM) 64-Bit Server VM (25.65-b01) for windows-amd64 JRE (1.8.0_65-b17), built on Oct  6 2015 16:39:20 by "java_re" with MS VC++ 10.0 (VS2010)

time: Wed Dec 30 13:01:10 2015
elapsed time: 130 seconds (0d 0h 2m 10s)

