#
# A fatal error has been detected by the Java Runtime Environment:
#
#  EXCEPTION_ACCESS_VIOLATION (0xc0000005) at pc=0x00007ffd573e1ed4, pid=8584, tid=6484
#
# JRE version: Java(TM) SE Runtime Environment (8.0_65-b17) (build 1.8.0_65-b17)
# Java VM: Java HotSpot(TM) 64-Bit Server VM (25.65-b01 mixed mode windows-amd64 compressed oops)
# Problematic frame:
# C  [OPENGL32.dll+0xe1ed4]
#
# Failed to write core dump. Minidumps are not enabled by default on client versions of Windows
#
# If you would like to submit a bug report, please visit:
#   http://bugreport.java.com/bugreport/crash.jsp
#

---------------  T H R E A D  ---------------

Current thread (0x0000000017468000):  VMThread [stack: 0x00000000184f0000,0x00000000185f0000] [id=6484]

siginfo: ExceptionCode=0xc0000005, reading address 0x0000000000000a38

Registers:
RAX=0x0000000000000000, RBX=0x00000000255423f0, RCX=0x0000000000000001, RDX=0x00000000255423f8
RSP=0x00000000185eefa8, RBP=0x0000000000000000, RSI=0x000000001fbed310, RDI=0x000000001fbed310
R8 =0x00000000185ef028, R9 =0x0000000017376410, R10=0x0000000000000000, R11=0x0000000000000286
R12=0x0000000000000000, R13=0x000000001fbe6cc0, R14=0x000000001fbe6b70, R15=0x0000000000000000
RIP=0x00007ffd573e1ed4, EFLAGS=0x0000000000010287

Top of Stack: (sp=0x00000000185eefa8)
0x00000000185eefa8:   00007ffd4d2e244b 0000000000000000
0x00000000185eefb8:   0000000000000002 000000001fbe6cc0
0x00000000185eefc8:   0000000000000001 0000000000000000
0x00000000185eefd8:   00007ffd4d2e7f17 000000001fbe0000
0x00000000185eefe8:   000000001fbe0000 0000000000000000
0x00000000185eeff8:   0000000000000000 fffffffffffffffe
0x00000000185ef008:   00000000185ef070 0000000000000000
0x00000000185ef018:   00007ffd4d2e87c9 000000001fbed310
0x00000000185ef028:   0000000025547000 00007ffd4d3d1940
0x00000000185ef038:   00007ffd4d365700 fffffffffffffffe
0x00000000185ef048:   000000001fbe6b70 0000000000000001
0x00000000185ef058:   000000001fbe6c98 000000001fbe6b70
0x00000000185ef068:   00007ffd4d36d7ad 00007ffd4d4a65b0
0x00000000185ef078:   00007ffd4d3d1930 0000000017376410
0x00000000185ef088:   000000000284f6b0 000000001fbe6c98
0x00000000185ef098:   000000001fbe6b70 000000001fbe6b70 

Instructions: (pc=0x00007ffd573e1ed4)
0x00007ffd573e1eb4:   cc cc cc cc cc cc 66 0f 1f 44 00 00 8b 05 42 71
0x00007ffd573e1ec4:   01 00 83 f8 40 73 0f 65 48 8b 04 c5 80 14 00 00
0x00007ffd573e1ed4:   ff a0 38 0a 00 00 b8 47 01 00 00 e9 ec d4 ff ff
0x00007ffd573e1ee4:   cc cc cc cc cc cc 66 0f 1f 44 00 00 8b 05 12 71 


Register to memory mapping:

RAX=0x0000000000000000 is an unknown value
RBX=0x00000000255423f0 is an unknown value
RCX=0x0000000000000001 is an unknown value
RDX=0x00000000255423f8 is an unknown value
RSP=0x00000000185eefa8 is an unknown value
RBP=0x0000000000000000 is an unknown value
RSI=0x000000001fbed310 is an unknown value
RDI=0x000000001fbed310 is an unknown value
R8 =0x00000000185ef028 is an unknown value
R9 =0x0000000017376410 is an unknown value
R10=0x0000000000000000 is an unknown value
R11=0x0000000000000286 is an unknown value
R12=0x0000000000000000 is an unknown value
R13=0x000000001fbe6cc0 is an unknown value
R14=0x000000001fbe6b70 is an unknown value
R15=0x0000000000000000 is an unknown value


Stack: [0x00000000184f0000,0x00000000185f0000],  sp=0x00000000185eefa8,  free space=1019k
Native frames: (J=compiled Java code, j=interpreted, Vv=VM code, C=native code)

VM_Operation (0x000000000278f2d0): Exit, mode: safepoint, requested by thread 0x00000000027b0800


---------------  P R O C E S S  ---------------

Java Threads: ( => current thread )
  0x000000001f3f7000 JavaThread "AWT-Shutdown" [_thread_blocked, id=9432, stack(0x000000002b1f0000,0x000000002b2f0000)]
  0x000000001f432800 JavaThread "Java2D Disposer" daemon [_thread_blocked, id=5272, stack(0x000000001f140000,0x000000001f240000)]
  0x0000000018e2d800 JavaThread "Service Thread" daemon [_thread_blocked, id=10256, stack(0x0000000019210000,0x0000000019310000)]
  0x00000000174a7000 JavaThread "C1 CompilerThread2" daemon [_thread_blocked, id=6276, stack(0x0000000018d10000,0x0000000018e10000)]
  0x00000000174a0000 JavaThread "C2 CompilerThread1" daemon [_thread_blocked, id=12084, stack(0x0000000018c10000,0x0000000018d10000)]
  0x000000001749c800 JavaThread "C2 CompilerThread0" daemon [_thread_blocked, id=3984, stack(0x0000000018b10000,0x0000000018c10000)]
  0x000000001749b800 JavaThread "Attach Listener" daemon [_thread_blocked, id=8612, stack(0x0000000018a10000,0x0000000018b10000)]
  0x000000001749b000 JavaThread "Signal Dispatcher" daemon [_thread_blocked, id=3716, stack(0x0000000018910000,0x0000000018a10000)]
  0x00000000028a7800 JavaThread "Finalizer" daemon [_thread_blocked, id=4812, stack(0x00000000186f0000,0x00000000187f0000)]
  0x000000000289f000 JavaThread "Reference Handler" daemon [_thread_blocked, id=5756, stack(0x00000000185f0000,0x00000000186f0000)]
  0x00000000027b0800 JavaThread "main" [_thread_blocked, id=2660, stack(0x0000000002690000,0x0000000002790000)]

Other Threads:
=>0x0000000017468000 VMThread [stack: 0x00000000184f0000,0x00000000185f0000] [id=6484]

VM state:at safepoint (shutting down)

VM Mutex/Monitor currently owned by a thread:  ([mutex/lock_event])
[0x00000000027ac850] Threads_lock - owner thread: 0x0000000017468000

Heap:
 PSYoungGen      total 135680K, used 70697K [0x00000000d5980000, 0x00000000de080000, 0x0000000100000000)
  eden space 133120K, 51% used [0x00000000d5980000,0x00000000d9c94948,0x00000000ddb80000)
  from space 2560K, 78% used [0x00000000dde00000,0x00000000ddff5d68,0x00000000de080000)
  to   space 2560K, 0% used [0x00000000ddb80000,0x00000000ddb80000,0x00000000dde00000)
 ParOldGen       total 87552K, used 40K [0x0000000080c00000, 0x0000000086180000, 0x00000000d5980000)
  object space 87552K, 0% used [0x0000000080c00000,0x0000000080c0a000,0x0000000086180000)
 Metaspace       used 8619K, capacity 8755K, committed 8960K, reserved 1056768K
  class space    used 906K, capacity 966K, committed 1024K, reserved 1048576K

Card table byte_map: [0x0000000011c80000,0x0000000012080000] byte_map_base: 0x000000001187a000

Marking Bits: (ParMarkBitMap*) 0x000000006f1fa5b0
 Begin Bits: [0x0000000012730000, 0x0000000014700000)
 End Bits:   [0x0000000014700000, 0x00000000166d0000)

Polling page: 0x0000000000f50000

CodeCache: size=245760Kb used=3797Kb max_used=3806Kb free=241962Kb
 bounds [0x00000000028c0000, 0x0000000002c80000, 0x00000000118c0000]
 total_blobs=1424 nmethods=913 adapters=424
 compilation: enabled

Compilation events (10 events):
Event: 20.730 Thread 0x000000001749c800  909       4       java.nio.Buffer::nextPutIndex (38 bytes)
Event: 20.730 Thread 0x000000001749c800 nmethod 909 0x0000000002c21bd0 code [0x0000000002c21d00, 0x0000000002c21d98]
Event: 25.460 Thread 0x00000000174a0000  910       4       java.nio.HeapByteBuffer::putInt (20 bytes)
Event: 25.461 Thread 0x00000000174a0000 nmethod 910 0x0000000002c61e90 code [0x0000000002c61fe0, 0x0000000002c62158]
Event: 26.038 Thread 0x000000001749c800  911 % !   4       fr.benoitsepe.colonie.main.Gestion::selectTiles @ 199 (314 bytes)
Event: 26.049 Thread 0x000000001749c800 nmethod 911% 0x0000000002c7acd0 code [0x0000000002c7ae80, 0x0000000002c7b898]
Event: 35.491 Thread 0x00000000174a7000  912       3       java.lang.Integer::stringSize (21 bytes)
Event: 35.491 Thread 0x00000000174a7000 nmethod 912 0x0000000002c4a390 code [0x0000000002c4a500, 0x0000000002c4a710]
Event: 35.491 Thread 0x00000000174a7000  913       3       java.lang.Integer::getChars (131 bytes)
Event: 35.492 Thread 0x00000000174a7000 nmethod 913 0x0000000002c49950 code [0x0000000002c49ae0, 0x0000000002c49f50]

GC Heap History (10 events):
Event: 12.003 GC heap before
{Heap before GC invocations=2 (full 0):
 PSYoungGen      total 38400K, used 35472K [0x00000000d5980000, 0x00000000d8400000, 0x0000000100000000)
  eden space 33280K, 100% used [0x00000000d5980000,0x00000000d7a00000,0x00000000d7a00000)
  from space 5120K, 42% used [0x00000000d7a00000,0x00000000d7c240d8,0x00000000d7f00000)
  to   space 5120K, 0% used [0x00000000d7f00000,0x00000000d7f00000,0x00000000d8400000)
 ParOldGen       total 87552K, used 16K [0x0000000080c00000, 0x0000000086180000, 0x00000000d5980000)
  object space 87552K, 0% used [0x0000000080c00000,0x0000000080c04000,0x0000000086180000)
 Metaspace       used 8588K, capacity 8755K, committed 8960K, reserved 1056768K
  class space    used 903K, capacity 966K, committed 1024K, reserved 1048576K
Event: 12.005 GC heap after
Heap after GC invocations=2 (full 0):
 PSYoungGen      total 38400K, used 1623K [0x00000000d5980000, 0x00000000d8400000, 0x0000000100000000)
  eden space 33280K, 0% used [0x00000000d5980000,0x00000000d5980000,0x00000000d7a00000)
  from space 5120K, 31% used [0x00000000d7f00000,0x00000000d8095d68,0x00000000d8400000)
  to   space 5120K, 0% used [0x00000000d7a00000,0x00000000d7a00000,0x00000000d7f00000)
 ParOldGen       total 87552K, used 24K [0x0000000080c00000, 0x0000000086180000, 0x00000000d5980000)
  object space 87552K, 0% used [0x0000000080c00000,0x0000000080c06000,0x0000000086180000)
 Metaspace       used 8588K, capacity 8755K, committed 8960K, reserved 1056768K
  class space    used 903K, capacity 966K, committed 1024K, reserved 1048576K
}
Event: 12.040 GC heap before
{Heap before GC invocations=3 (full 0):
 PSYoungGen      total 38400K, used 34903K [0x00000000d5980000, 0x00000000d8400000, 0x0000000100000000)
  eden space 33280K, 100% used [0x00000000d5980000,0x00000000d7a00000,0x00000000d7a00000)
  from space 5120K, 31% used [0x00000000d7f00000,0x00000000d8095d68,0x00000000d8400000)
  to   space 5120K, 0% used [0x00000000d7a00000,0x00000000d7a00000,0x00000000d7f00000)
 ParOldGen       total 87552K, used 24K [0x0000000080c00000, 0x0000000086180000, 0x00000000d5980000)
  object space 87552K, 0% used [0x0000000080c00000,0x0000000080c06000,0x0000000086180000)
 Metaspace       used 8600K, capacity 8755K, committed 8960K, reserved 1056768K
  class space    used 903K, capacity 966K, committed 1024K, reserved 1048576K
Event: 12.042 GC heap after
Heap after GC invocations=3 (full 0):
 PSYoungGen      total 38400K, used 1783K [0x00000000d5980000, 0x00000000da480000, 0x0000000100000000)
  eden space 33280K, 0% used [0x00000000d5980000,0x00000000d5980000,0x00000000d7a00000)
  from space 5120K, 34% used [0x00000000d7a00000,0x00000000d7bbdd68,0x00000000d7f00000)
  to   space 5120K, 0% used [0x00000000d9f80000,0x00000000d9f80000,0x00000000da480000)
 ParOldGen       total 87552K, used 32K [0x0000000080c00000, 0x0000000086180000, 0x00000000d5980000)
  object space 87552K, 0% used [0x0000000080c00000,0x0000000080c08000,0x0000000086180000)
 Metaspace       used 8600K, capacity 8755K, committed 8960K, reserved 1056768K
  class space    used 903K, capacity 966K, committed 1024K, reserved 1048576K
}
Event: 12.053 GC heap before
{Heap before GC invocations=4 (full 0):
 PSYoungGen      total 38400K, used 35063K [0x00000000d5980000, 0x00000000da480000, 0x0000000100000000)
  eden space 33280K, 100% used [0x00000000d5980000,0x00000000d7a00000,0x00000000d7a00000)
  from space 5120K, 34% used [0x00000000d7a00000,0x00000000d7bbdd68,0x00000000d7f00000)
  to   space 5120K, 0% used [0x00000000d9f80000,0x00000000d9f80000,0x00000000da480000)
 ParOldGen       total 87552K, used 32K [0x0000000080c00000, 0x0000000086180000, 0x00000000d5980000)
  object space 87552K, 0% used [0x0000000080c00000,0x0000000080c08000,0x0000000086180000)
 Metaspace       used 8600K, capacity 8755K, committed 8960K, reserved 1056768K
  class space    used 903K, capacity 966K, committed 1024K, reserved 1048576K
Event: 12.054 GC heap after
Heap after GC invocations=4 (full 0):
 PSYoungGen      total 71680K, used 1847K [0x00000000d5980000, 0x00000000da480000, 0x0000000100000000)
  eden space 66560K, 0% used [0x00000000d5980000,0x00000000d5980000,0x00000000d9a80000)
  from space 5120K, 36% used [0x00000000d9f80000,0x00000000da14dd68,0x00000000da480000)
  to   space 5120K, 0% used [0x00000000d9a80000,0x00000000d9a80000,0x00000000d9f80000)
 ParOldGen       total 87552K, used 32K [0x0000000080c00000, 0x0000000086180000, 0x00000000d5980000)
  object space 87552K, 0% used [0x0000000080c00000,0x0000000080c08000,0x0000000086180000)
 Metaspace       used 8600K, capacity 8755K, committed 8960K, reserved 1056768K
  class space    used 903K, capacity 966K, committed 1024K, reserved 1048576K
}
Event: 12.080 GC heap before
{Heap before GC invocations=5 (full 0):
 PSYoungGen      total 71680K, used 68407K [0x00000000d5980000, 0x00000000da480000, 0x0000000100000000)
  eden space 66560K, 100% used [0x00000000d5980000,0x00000000d9a80000,0x00000000d9a80000)
  from space 5120K, 36% used [0x00000000d9f80000,0x00000000da14dd68,0x00000000da480000)
  to   space 5120K, 0% used [0x00000000d9a80000,0x00000000d9a80000,0x00000000d9f80000)
 ParOldGen       total 87552K, used 32K [0x0000000080c00000, 0x0000000086180000, 0x00000000d5980000)
  object space 87552K, 0% used [0x0000000080c00000,0x0000000080c08000,0x0000000086180000)
 Metaspace       used 8600K, capacity 8755K, committed 8960K, reserved 1056768K
  class space    used 903K, capacity 966K, committed 1024K, reserved 1048576K
Event: 12.082 GC heap after
Heap after GC invocations=5 (full 0):
 PSYoungGen      total 71680K, used 1911K [0x00000000d5980000, 0x00000000de080000, 0x0000000100000000)
  eden space 66560K, 0% used [0x00000000d5980000,0x00000000d5980000,0x00000000d9a80000)
  from space 5120K, 37% used [0x00000000d9a80000,0x00000000d9c5dd68,0x00000000d9f80000)
  to   space 2560K, 0% used [0x00000000dde00000,0x00000000dde00000,0x00000000de080000)
 ParOldGen       total 87552K, used 40K [0x0000000080c00000, 0x0000000086180000, 0x00000000d5980000)
  object space 87552K, 0% used [0x0000000080c00000,0x0000000080c0a000,0x0000000086180000)
 Metaspace       used 8600K, capacity 8755K, committed 8960K, reserved 1056768K
  class space    used 903K, capacity 966K, committed 1024K, reserved 1048576K
}
Event: 12.101 GC heap before
{Heap before GC invocations=6 (full 0):
 PSYoungGen      total 71680K, used 68471K [0x00000000d5980000, 0x00000000de080000, 0x0000000100000000)
  eden space 66560K, 100% used [0x00000000d5980000,0x00000000d9a80000,0x00000000d9a80000)
  from space 5120K, 37% used [0x00000000d9a80000,0x00000000d9c5dd68,0x00000000d9f80000)
  to   space 2560K, 0% used [0x00000000dde00000,0x00000000dde00000,0x00000000de080000)
 ParOldGen       total 87552K, used 40K [0x0000000080c00000, 0x0000000086180000, 0x00000000d5980000)
  object space 87552K, 0% used [0x0000000080c00000,0x0000000080c0a000,0x0000000086180000)
 Metaspace       used 8600K, capacity 8755K, committed 8960K, reserved 1056768K
  class space    used 903K, capacity 966K, committed 1024K, reserved 1048576K
Event: 12.103 GC heap after
Heap after GC invocations=6 (full 0):
 PSYoungGen      total 135680K, used 2007K [0x00000000d5980000, 0x00000000de080000, 0x0000000100000000)
  eden space 133120K, 0% used [0x00000000d5980000,0x00000000d5980000,0x00000000ddb80000)
  from space 2560K, 78% used [0x00000000dde00000,0x00000000ddff5d68,0x00000000de080000)
  to   space 2560K, 0% used [0x00000000ddb80000,0x00000000ddb80000,0x00000000dde00000)
 ParOldGen       total 87552K, used 40K [0x0000000080c00000, 0x0000000086180000, 0x00000000d5980000)
  object space 87552K, 0% used [0x0000000080c00000,0x0000000080c0a000,0x0000000086180000)
 Metaspace       used 8600K, capacity 8755K, committed 8960K, reserved 1056768K
  class space    used 903K, capacity 966K, committed 1024K, reserved 1048576K
}

Deoptimization events (10 events):
Event: 11.991 Thread 0x00000000027b0800 Uncommon trap: reason=class_check action=maybe_recompile pc=0x0000000002c3c1a8 method=fr.benoitsepe.colonie.main.Gestion.SolOuMur(II)Lfr/benoitsepe/colonie/elements/Element; @ 135
Event: 11.991 Thread 0x00000000027b0800 Uncommon trap: reason=class_check action=maybe_recompile pc=0x0000000002c3c1a8 method=fr.benoitsepe.colonie.main.Gestion.SolOuMur(II)Lfr/benoitsepe/colonie/elements/Element; @ 135
Event: 11.991 Thread 0x00000000027b0800 Uncommon trap: reason=class_check action=maybe_recompile pc=0x0000000002c3c1a8 method=fr.benoitsepe.colonie.main.Gestion.SolOuMur(II)Lfr/benoitsepe/colonie/elements/Element; @ 135
Event: 12.032 Thread 0x00000000027b0800 Uncommon trap: reason=class_check action=maybe_recompile pc=0x0000000002c5177c method=fr.benoitsepe.colonie.main.Gestion.SolOuMur(II)Lfr/benoitsepe/colonie/elements/Element; @ 135
Event: 12.110 Thread 0x00000000027b0800 Uncommon trap: reason=unstable_if action=reinterpret pc=0x0000000002c40124 method=fr.benoitsepe.colonie.main.Gestion.SolOuMur(II)Lfr/benoitsepe/colonie/elements/Element; @ 130
Event: 16.040 Thread 0x00000000027b0800 Uncommon trap: reason=unstable_if action=reinterpret pc=0x0000000002c5dfbc method=fr.benoitsepe.colonie.main.Gestion.SolOuMur(II)Lfr/benoitsepe/colonie/elements/Element; @ 162
Event: 18.172 Thread 0x00000000027b0800 Uncommon trap: reason=unstable_if action=reinterpret pc=0x0000000002c156bc method=fr.benoitsepe.colonie.main.Gestion.selectTiles()V @ 121
Event: 18.190 Thread 0x00000000027b0800 Uncommon trap: reason=predicate action=maybe_recompile pc=0x0000000002c10e8c method=java.util.ArrayList.indexOf(Ljava/lang/Object;)I @ 44
Event: 18.190 Thread 0x00000000027b0800 Uncommon trap: reason=predicate action=maybe_recompile pc=0x0000000002c094b8 method=java.util.ArrayList.indexOf(Ljava/lang/Object;)I @ 44
Event: 18.773 Thread 0x00000000027b0800 Uncommon trap: reason=unstable_if action=reinterpret pc=0x0000000002c0f7dc method=fr.benoitsepe.colonie.main.Gestion.selectTiles()V @ 247

Internal exceptions (10 events):
Event: 24.957 Thread 0x00000000027b0800 Exception <a 'java/lang/ArrayIndexOutOfBoundsException'> (0x00000000d8f45cc8) thrown at [C:\workspace\8-2-build-windows-amd64-cygwin\jdk8u65\4987\hotspot\src\share\vm\runtime\sharedRuntime.cpp, line 605]
Event: 24.971 Thread 0x00000000027b0800 Exception <a 'java/lang/ArrayIndexOutOfBoundsException'> (0x00000000d8f46ca0) thrown at [C:\workspace\8-2-build-windows-amd64-cygwin\jdk8u65\4987\hotspot\src\share\vm\runtime\sharedRuntime.cpp, line 605]
Event: 24.989 Thread 0x00000000027b0800 Exception <a 'java/lang/ArrayIndexOutOfBoundsException'> (0x00000000d8f47fd8) thrown at [C:\workspace\8-2-build-windows-amd64-cygwin\jdk8u65\4987\hotspot\src\share\vm\runtime\sharedRuntime.cpp, line 605]
Event: 25.007 Thread 0x00000000027b0800 Exception <a 'java/lang/ArrayIndexOutOfBoundsException'> (0x00000000d8f49270) thrown at [C:\workspace\8-2-build-windows-amd64-cygwin\jdk8u65\4987\hotspot\src\share\vm\runtime\sharedRuntime.cpp, line 605]
Event: 25.024 Thread 0x00000000027b0800 Exception <a 'java/lang/ArrayIndexOutOfBoundsException'> (0x00000000d8f4a508) thrown at [C:\workspace\8-2-build-windows-amd64-cygwin\jdk8u65\4987\hotspot\src\share\vm\runtime\sharedRuntime.cpp, line 605]
Event: 25.039 Thread 0x00000000027b0800 Exception <a 'java/lang/ArrayIndexOutOfBoundsException'> (0x00000000d8f4b3e0) thrown at [C:\workspace\8-2-build-windows-amd64-cygwin\jdk8u65\4987\hotspot\src\share\vm\runtime\sharedRuntime.cpp, line 605]
Event: 25.057 Thread 0x00000000027b0800 Exception <a 'java/lang/ArrayIndexOutOfBoundsException'> (0x00000000d8f4c538) thrown at [C:\workspace\8-2-build-windows-amd64-cygwin\jdk8u65\4987\hotspot\src\share\vm\runtime\sharedRuntime.cpp, line 605]
Event: 25.071 Thread 0x00000000027b0800 Exception <a 'java/lang/ArrayIndexOutOfBoundsException'> (0x00000000d8f4d310) thrown at [C:\workspace\8-2-build-windows-amd64-cygwin\jdk8u65\4987\hotspot\src\share\vm\runtime\sharedRuntime.cpp, line 605]
Event: 25.089 Thread 0x00000000027b0800 Exception <a 'java/lang/ArrayIndexOutOfBoundsException'> (0x00000000d8f4e288) thrown at [C:\workspace\8-2-build-windows-amd64-cygwin\jdk8u65\4987\hotspot\src\share\vm\runtime\sharedRuntime.cpp, line 605]
Event: 25.107 Thread 0x00000000027b0800 Exception <a 'java/lang/ArrayIndexOutOfBoundsException'> (0x00000000d8f4f160) thrown at [C:\workspace\8-2-build-windows-amd64-cygwin\jdk8u65\4987\hotspot\src\share\vm\runtime\sharedRuntime.cpp, line 605]

Events (10 events):
Event: 45.768 loading class java/util/IdentityHashMap$KeySet done
Event: 45.768 loading class java/util/IdentityHashMap$KeyIterator
Event: 45.768 loading class java/util/IdentityHashMap$KeyIterator done
Event: 45.768 Thread 0x000000001f4b0800 Thread added: 0x000000001f4b0800
Event: 45.769 Thread 0x000000001f3f7000 Thread added: 0x000000001f3f7000
Event: 45.769 loading class sun/java2d/pipe/hw/AccelDeviceEventNotifier
Event: 45.769 loading class sun/java2d/pipe/hw/AccelDeviceEventNotifier done
Event: 45.782 Thread 0x000000001915d800 Thread exited: 0x000000001915d800
Event: 45.870 Thread 0x000000001f4b0800 Thread exited: 0x000000001f4b0800
Event: 45.870 Executing VM operation: Exit


Dynamic libraries:
0x00007ff72f8e0000 - 0x00007ff72f917000 	C:\Program Files\Java\jre1.8.0_65\bin\javaw.exe
0x00007ffd6f550000 - 0x00007ffd6f711000 	C:\WINDOWS\SYSTEM32\ntdll.dll
0x00007ffd6f070000 - 0x00007ffd6f11d000 	C:\WINDOWS\system32\KERNEL32.DLL
0x00007ffd6c920000 - 0x00007ffd6cafd000 	C:\WINDOWS\system32\KERNELBASE.dll
0x00007ffd6cc90000 - 0x00007ffd6cd36000 	C:\WINDOWS\system32\ADVAPI32.dll
0x00007ffd6f2e0000 - 0x00007ffd6f37d000 	C:\WINDOWS\system32\msvcrt.dll
0x00007ffd6cf60000 - 0x00007ffd6cfbb000 	C:\WINDOWS\system32\sechost.dll
0x00007ffd6e880000 - 0x00007ffd6e9a6000 	C:\WINDOWS\system32\RPCRT4.dll
0x00007ffd6ef20000 - 0x00007ffd6f06e000 	C:\WINDOWS\system32\USER32.dll
0x00007ffd6d180000 - 0x00007ffd6d306000 	C:\WINDOWS\system32\GDI32.dll
0x00007ffd60490000 - 0x00007ffd60704000 	C:\WINDOWS\WinSxS\amd64_microsoft.windows.common-controls_6595b64144ccf1df_6.0.10240.16384_none_f41f7b285750ef43\COMCTL32.dll
0x00007ffd6d310000 - 0x00007ffd6d346000 	C:\WINDOWS\system32\IMM32.DLL
0x00007ffd6f390000 - 0x00007ffd6f4ec000 	C:\WINDOWS\system32\MSCTF.dll
0x000000006e760000 - 0x000000006e832000 	C:\Program Files\Java\jre1.8.0_65\bin\msvcr100.dll
0x000000006e9f0000 - 0x000000006f279000 	C:\Program Files\Java\jre1.8.0_65\bin\server\jvm.dll
0x00007ffd6f380000 - 0x00007ffd6f388000 	C:\WINDOWS\system32\PSAPI.DLL
0x00007ffd65ca0000 - 0x00007ffd65ca9000 	C:\WINDOWS\SYSTEM32\WSOCK32.dll
0x00007ffd6ec30000 - 0x00007ffd6ec99000 	C:\WINDOWS\system32\WS2_32.dll
0x00007ffd6cda0000 - 0x00007ffd6cda8000 	C:\WINDOWS\system32\NSI.dll
0x00007ffd67cd0000 - 0x00007ffd67cf3000 	C:\WINDOWS\SYSTEM32\WINMM.dll
0x00007ffd676b0000 - 0x00007ffd676ba000 	C:\WINDOWS\SYSTEM32\VERSION.dll
0x00007ffd67ca0000 - 0x00007ffd67ccc000 	C:\WINDOWS\SYSTEM32\WINMMBASE.dll
0x00007ffd6c700000 - 0x00007ffd6c744000 	C:\WINDOWS\system32\cfgmgr32.dll
0x00007ffd6a910000 - 0x00007ffd6a937000 	C:\WINDOWS\SYSTEM32\DEVOBJ.dll
0x000000006e900000 - 0x000000006e90f000 	C:\Program Files\Java\jre1.8.0_65\bin\verify.dll
0x000000006e8d0000 - 0x000000006e8f9000 	C:\Program Files\Java\jre1.8.0_65\bin\java.dll
0x000000006e8b0000 - 0x000000006e8c6000 	C:\Program Files\Java\jre1.8.0_65\bin\zip.dll
0x00007ffd6d350000 - 0x00007ffd6e872000 	C:\WINDOWS\system32\SHELL32.dll
0x00007ffd6c020000 - 0x00007ffd6c648000 	C:\WINDOWS\system32\windows.storage.dll
0x00007ffd6eca0000 - 0x00007ffd6ef1c000 	C:\WINDOWS\system32\combase.dll
0x00007ffd6cf00000 - 0x00007ffd6cf51000 	C:\WINDOWS\system32\shlwapi.dll
0x00007ffd6bf80000 - 0x00007ffd6bf8f000 	C:\WINDOWS\system32\kernel.appcore.dll
0x00007ffd6cb00000 - 0x00007ffd6cbb3000 	C:\WINDOWS\system32\shcore.dll
0x00007ffd6bfb0000 - 0x00007ffd6bffa000 	C:\WINDOWS\system32\powrprof.dll
0x00007ffd6c000000 - 0x00007ffd6c013000 	C:\WINDOWS\system32\profapi.dll
0x0000000180000000 - 0x0000000180053000 	C:\Users\Benoit\git\colonie\Colonie\lib\lwjgl-2.9.3\native\windows\lwjgl64.dll
0x00007ffd57300000 - 0x00007ffd57428000 	C:\WINDOWS\SYSTEM32\OPENGL32.dll
0x00007ffd5f070000 - 0x00007ffd5f09e000 	C:\WINDOWS\SYSTEM32\GLU32.dll
0x00007ffd60390000 - 0x00007ffd60486000 	C:\WINDOWS\SYSTEM32\DDRAW.dll
0x00007ffd66b10000 - 0x00007ffd66b18000 	C:\WINDOWS\SYSTEM32\DCIMAN32.dll
0x00007ffd6a850000 - 0x00007ffd6a8e6000 	C:\WINDOWS\system32\uxtheme.dll
0x00007ffd649e0000 - 0x00007ffd64a08000 	C:\Program Files (x86)\Raptr\ltc_help64-106568.dll
0x00007ffd6cbc0000 - 0x00007ffd6cc14000 	C:\WINDOWS\system32\WINTRUST.dll
0x00007ffd6bf90000 - 0x00007ffd6bfa1000 	C:\WINDOWS\system32\MSASN1.dll
0x00007ffd6c750000 - 0x00007ffd6c911000 	C:\WINDOWS\system32\CRYPT32.dll
0x00007ffd69ad0000 - 0x00007ffd69af2000 	C:\WINDOWS\system32\dwmapi.dll
0x00007ffd6bda0000 - 0x00007ffd6be0b000 	C:\WINDOWS\SYSTEM32\bcryptPrimitives.dll
0x00007ffd64ff0000 - 0x00007ffd65008000 	C:\WINDOWS\SYSTEM32\atig6pxx.dll
0x000000006c8c0000 - 0x000000006e757000 	C:\WINDOWS\SYSTEM32\atio6axx.dll
0x00007ffd6e9b0000 - 0x00007ffd6eb75000 	C:\WINDOWS\system32\SETUPAPI.dll
0x00007ffd4f670000 - 0x00007ffd4f7b8000 	C:\WINDOWS\SYSTEM32\atiadlxx.dll
0x00007ffd6cdb0000 - 0x00007ffd6cef1000 	C:\WINDOWS\system32\ole32.dll
0x00007ffd69b70000 - 0x00007ffd69cf3000 	C:\WINDOWS\SYSTEM32\PROPSYS.dll
0x00007ffd69b00000 - 0x00007ffd69b13000 	C:\WINDOWS\SYSTEM32\WTSAPI32.dll
0x00007ffd6b5f0000 - 0x00007ffd6b60f000 	C:\WINDOWS\SYSTEM32\USERENV.dll
0x00007ffd6a4f0000 - 0x00007ffd6a528000 	C:\WINDOWS\SYSTEM32\IPHLPAPI.DLL
0x00007ffd6f220000 - 0x00007ffd6f2de000 	C:\WINDOWS\system32\OLEAUT32.dll
0x00007ffd6a4e0000 - 0x00007ffd6a4eb000 	C:\WINDOWS\SYSTEM32\WINNSI.DLL
0x00007ffd5ea10000 - 0x00007ffd5ea3c000 	C:\WINDOWS\SYSTEM32\atig6txx.dll
0x00007ffd5ba00000 - 0x00007ffd5ba91000 	C:\WINDOWS\SYSTEM32\mscms.dll
0x00007ffd5ac10000 - 0x00007ffd5ac52000 	C:\WINDOWS\SYSTEM32\icm32.dll
0x000000006c720000 - 0x000000006c8b8000 	C:\Program Files\Java\jre1.8.0_65\bin\awt.dll
0x00007ffd690c0000 - 0x00007ffd69138000 	C:\WINDOWS\system32\apphelp.dll
0x000000006c6d0000 - 0x000000006c717000 	C:\Program Files\Java\jre1.8.0_65\bin\fontmanager.dll
0x000000006e890000 - 0x000000006e8aa000 	C:\Program Files\Java\jre1.8.0_65\bin\net.dll
0x00007ffd6b760000 - 0x00007ffd6b7bd000 	C:\WINDOWS\system32\mswsock.dll
0x000000006e870000 - 0x000000006e881000 	C:\Program Files\Java\jre1.8.0_65\bin\nio.dll
0x00007ffd50890000 - 0x00007ffd50aa0000 	C:\WINDOWS\system32\d3d9.dll
0x000000006bdd0000 - 0x000000006be12000 	C:\Program Files\Java\jre1.8.0_65\bin\t2k.dll
0x00007ffd6b7c0000 - 0x00007ffd6b7d7000 	C:\WINDOWS\system32\CRYPTSP.dll
0x00007ffd6beb0000 - 0x00007ffd6bed8000 	C:\WINDOWS\system32\bcrypt.dll
0x00007ffd6b410000 - 0x00007ffd6b443000 	C:\WINDOWS\system32\rsaenh.dll
0x00007ffd6b910000 - 0x00007ffd6b91b000 	C:\WINDOWS\SYSTEM32\CRYPTBASE.dll
0x00007ffd6f120000 - 0x00007ffd6f13c000 	C:\WINDOWS\system32\imagehlp.dll
0x00007ffd6aea0000 - 0x00007ffd6aec3000 	C:\WINDOWS\SYSTEM32\gpapi.dll
0x00007ffd55540000 - 0x00007ffd5556f000 	C:\Windows\System32\cryptnet.dll
0x00007ffd6cd40000 - 0x00007ffd6cd9b000 	C:\WINDOWS\system32\WLDAP32.dll
0x00007ffd4d280000 - 0x00007ffd4d4c8000 	C:\PROGRA~2\Raptr\ltc_game64-106568.dll
0x00007ffd46340000 - 0x00007ffd464ca000 	C:\WINDOWS\SYSTEM32\dbghelp.dll

VM Arguments:
jvm_args: -Djava.library.path=C:\Users\Benoit\git\colonie\Colonie\lib\lwjgl-2.9.3\native\windows -Dfile.encoding=Cp1252 
java_command: fr.benoitsepe.colonie.main.Main
java_class_path (initial): C:\Users\Benoit\git\colonie\Colonie\bin;C:\Users\Benoit\git\colonie\Colonie\res;C:\Users\Benoit\git\colonie\Colonie\lib\lwjgl-2.9.3\jar\AppleJavaExtensions.jar;C:\Users\Benoit\git\colonie\Colonie\lib\lwjgl-2.9.3\jar\asm-debug-all.jar;C:\Users\Benoit\git\colonie\Colonie\lib\lwjgl-2.9.3\jar\jinput.jar;C:\Users\Benoit\git\colonie\Colonie\lib\lwjgl-2.9.3\jar\laf-plugin-7.2.1.jar;C:\Users\Benoit\git\colonie\Colonie\lib\lwjgl-2.9.3\jar\laf-widget-7.2.1.jar;C:\Users\Benoit\git\colonie\Colonie\lib\lwjgl-2.9.3\jar\log4j-api-2.0-beta9.jar;C:\Users\Benoit\git\colonie\Colonie\lib\lwjgl-2.9.3\jar\lwjgl_test.jar;C:\Users\Benoit\git\colonie\Colonie\lib\lwjgl-2.9.3\jar\lwjgl_util_applet.jar;C:\Users\Benoit\git\colonie\Colonie\lib\lwjgl-2.9.3\jar\lwjgl_util.jar;C:\Users\Benoit\git\colonie\Colonie\lib\lwjgl-2.9.3\jar\lwjgl-debug.jar;C:\Users\Benoit\git\colonie\Colonie\lib\lwjgl-2.9.3\jar\lwjgl.jar;C:\Users\Benoit\git\colonie\Colonie\lib\lwjgl-2.9.3\jar\lzma.jar;C:\Users\Benoit\git\colonie\Colonie\lib\lwjgl-2.9.3\jar\substance-7.2.1.jar;C:\Users\Benoit\git\colonie\Colonie\lib\lwjgl-2.9.3\jar\trident-7.2.1.jar
Launcher Type: SUN_STANDARD

Environment Variables:
PATH=C:/Program Files/Java/jre1.8.0_65/bin/server;C:/Program Files/Java/jre1.8.0_65/bin;C:/Program Files/Java/jre1.8.0_65/lib/amd64;C:\ProgramData\Oracle\Java\javapath;C:\Program Files (x86)\NVIDIA Corporation\PhysX\Common;C:\WINDOWS\system32;C:\WINDOWS;C:\WINDOWS\System32\Wbem;C:\WINDOWS\System32\WindowsPowerShell\v1.0\;C:\Program Files (x86)\ATI Technologies\ATI.ACE\Core-Static;C:\WINDOWS\system32\config\systemprofile\.dnx\bin;C:\Program Files\Microsoft DNX\Dnvm\;C:\Program Files (x86)\Windows Kits\8.1\Windows Performance Toolkit\;C:\Program Files (x86)\Skype\Phone\;C:\Program Files\MATLAB\R2015b\bin;C:\Users\Benoit\AppData\Local\atom\bin;C:\Users\Benoit\Desktop;
USERNAME=Benoît
OS=Windows_NT
PROCESSOR_IDENTIFIER=Intel64 Family 6 Model 60 Stepping 3, GenuineIntel



---------------  S Y S T E M  ---------------

OS: Windows 10.0 , 64 bit Build 10240 (10.0.10240.16384)

CPU:total 4 (4 cores per cpu, 1 threads per core) family 6 model 60 stepping 3, cmov, cx8, fxsr, mmx, sse, sse2, sse3, ssse3, sse4.1, sse4.2, popcnt, avx, avx2, aes, clmul, erms, lzcnt, tsc, tscinvbit, bmi1, bmi2

Memory: 4k page, physical 8336240k(4442572k free), swap 9646960k(4520620k free)

vm_info: Java HotSpot(TM) 64-Bit Server VM (25.65-b01) for windows-amd64 JRE (1.8.0_65-b17), built on Oct  6 2015 16:39:20 by "java_re" with MS VC++ 10.0 (VS2010)

time: Mon Dec 28 21:42:56 2015
elapsed time: 45 seconds (0d 0h 0m 45s)

