#
# A fatal error has been detected by the Java Runtime Environment:
#
#  EXCEPTION_ACCESS_VIOLATION (0xc0000005) at pc=0x00007ffd579a1ed4, pid=1896, tid=12244
#
# JRE version: Java(TM) SE Runtime Environment (8.0_65-b17) (build 1.8.0_65-b17)
# Java VM: Java HotSpot(TM) 64-Bit Server VM (25.65-b01 mixed mode windows-amd64 compressed oops)
# Problematic frame:
# C  [OPENGL32.dll+0xe1ed4]
#
# Failed to write core dump. Minidumps are not enabled by default on client versions of Windows
#
# If you would like to submit a bug report, please visit:
#   http://bugreport.java.com/bugreport/crash.jsp
#

---------------  T H R E A D  ---------------

Current thread (0x0000000016e58000):  VMThread [stack: 0x0000000017ef0000,0x0000000017ff0000] [id=12244]

siginfo: ExceptionCode=0xc0000005, reading address 0x0000000000000a38

Registers:
RAX=0x0000000000000000, RBX=0x00000000247c2ea0, RCX=0x0000000000000001, RDX=0x00000000247c2ea8
RSP=0x0000000017fef238, RBP=0x0000000000000000, RSI=0x00000000247c4140, RDI=0x00000000247c4140
R8 =0x0000000017fef2b8, R9 =0x000000000223fe90, R10=0x0000000000000000, R11=0x0000000000000286
R12=0x0000000000000000, R13=0x00000000246b6e10, R14=0x00000000246b6cc0, R15=0x0000000000000000
RIP=0x00007ffd579a1ed4, EFLAGS=0x0000000000010287

Top of Stack: (sp=0x0000000017fef238)
0x0000000017fef238:   00007ffd4bc9244b 0000000000000000
0x0000000017fef248:   0000000000000002 00000000246b6e10
0x0000000017fef258:   0000000000000001 0000000000000000
0x0000000017fef268:   00007ffd4bc97f17 00000000246b0000
0x0000000017fef278:   00000000246b0000 0000000000000000
0x0000000017fef288:   0000000000000000 fffffffffffffffe
0x0000000017fef298:   0000000017fef300 0000000000000000
0x0000000017fef2a8:   00007ffd4bc987c9 00000000247c4140
0x0000000017fef2b8:   00000000247c7160 00007ffd4bd81940
0x0000000017fef2c8:   00007ffd4bd15700 fffffffffffffffe
0x0000000017fef2d8:   00000000246b6cc0 0000000000000001
0x0000000017fef2e8:   00000000246b6de8 00000000246b6cc0
0x0000000017fef2f8:   00007ffd4bd1d7ad 00007ffd4be565b0
0x0000000017fef308:   00007ffd4bd81930 000000000223fe90
0x0000000017fef318:   0000000016e58bd0 00000000246b6de8
0x0000000017fef328:   00000000246b6cc0 00000000246b6cc0 

Instructions: (pc=0x00007ffd579a1ed4)
0x00007ffd579a1eb4:   cc cc cc cc cc cc 66 0f 1f 44 00 00 8b 05 42 71
0x00007ffd579a1ec4:   01 00 83 f8 40 73 0f 65 48 8b 04 c5 80 14 00 00
0x00007ffd579a1ed4:   ff a0 38 0a 00 00 b8 47 01 00 00 e9 ec d4 ff ff
0x00007ffd579a1ee4:   cc cc cc cc cc cc 66 0f 1f 44 00 00 8b 05 12 71 


Register to memory mapping:

RAX=0x0000000000000000 is an unknown value
RBX=0x00000000247c2ea0 is an unknown value
RCX=0x0000000000000001 is an unknown value
RDX=0x00000000247c2ea8 is an unknown value
RSP=0x0000000017fef238 is an unknown value
RBP=0x0000000000000000 is an unknown value
RSI=0x00000000247c4140 is an unknown value
RDI=0x00000000247c4140 is an unknown value
R8 =0x0000000017fef2b8 is an unknown value
R9 =0x000000000223fe90 is an unknown value
R10=0x0000000000000000 is an unknown value
R11=0x0000000000000286 is an unknown value
R12=0x0000000000000000 is an unknown value
R13=0x00000000246b6e10 is an unknown value
R14=0x00000000246b6cc0 is an unknown value
R15=0x0000000000000000 is an unknown value


Stack: [0x0000000017ef0000,0x0000000017ff0000],  sp=0x0000000017fef238,  free space=1020k
Native frames: (J=compiled Java code, j=interpreted, Vv=VM code, C=native code)

VM_Operation (0x000000000218f1b0): Exit, mode: safepoint, requested by thread 0x00000000021a0800


---------------  P R O C E S S  ---------------

Java Threads: ( => current thread )
  0x0000000018930800 JavaThread "AWT-Shutdown" [_thread_blocked, id=5136, stack(0x00000000299b0000,0x0000000029ab0000)]
  0x000000001ed0b000 JavaThread "Java2D Disposer" daemon [_thread_blocked, id=6320, stack(0x000000001f340000,0x000000001f440000)]
  0x000000001882e000 JavaThread "Service Thread" daemon [_thread_blocked, id=1100, stack(0x0000000018c10000,0x0000000018d10000)]
  0x0000000016e98000 JavaThread "C1 CompilerThread2" daemon [_thread_blocked, id=4680, stack(0x0000000018710000,0x0000000018810000)]
  0x0000000016e91000 JavaThread "C2 CompilerThread1" daemon [_thread_blocked, id=7328, stack(0x0000000018610000,0x0000000018710000)]
  0x0000000016e8e000 JavaThread "C2 CompilerThread0" daemon [_thread_blocked, id=7516, stack(0x0000000018510000,0x0000000018610000)]
  0x0000000016e8b800 JavaThread "Attach Listener" daemon [_thread_blocked, id=8120, stack(0x0000000018410000,0x0000000018510000)]
  0x0000000016e8b000 JavaThread "Signal Dispatcher" daemon [_thread_blocked, id=6708, stack(0x0000000018310000,0x0000000018410000)]
  0x0000000002297800 JavaThread "Finalizer" daemon [_thread_blocked, id=12044, stack(0x00000000180f0000,0x00000000181f0000)]
  0x000000000228e000 JavaThread "Reference Handler" daemon [_thread_blocked, id=2704, stack(0x0000000017ff0000,0x00000000180f0000)]
  0x00000000021a0800 JavaThread "main" [_thread_blocked, id=6112, stack(0x0000000002090000,0x0000000002190000)]

Other Threads:
=>0x0000000016e58000 VMThread [stack: 0x0000000017ef0000,0x0000000017ff0000] [id=12244]

VM state:at safepoint (shutting down)

VM Mutex/Monitor currently owned by a thread:  ([mutex/lock_event])
[0x000000000206ca60] Threads_lock - owner thread: 0x0000000016e58000

Heap:
 PSYoungGen      total 38400K, used 30202K [0x00000000d5980000, 0x00000000d8400000, 0x0000000100000000)
  eden space 33280K, 90% used [0x00000000d5980000,0x00000000d76fe918,0x00000000d7a00000)
  from space 5120K, 0% used [0x00000000d7f00000,0x00000000d7f00000,0x00000000d8400000)
  to   space 5120K, 0% used [0x00000000d7a00000,0x00000000d7a00000,0x00000000d7f00000)
 ParOldGen       total 87552K, used 0K [0x0000000080c00000, 0x0000000086180000, 0x00000000d5980000)
  object space 87552K, 0% used [0x0000000080c00000,0x0000000080c00000,0x0000000086180000)
 Metaspace       used 8606K, capacity 8751K, committed 8960K, reserved 1056768K
  class space    used 906K, capacity 966K, committed 1024K, reserved 1048576K

Card table byte_map: [0x0000000011670000,0x0000000011a70000] byte_map_base: 0x000000001126a000

Marking Bits: (ParMarkBitMap*) 0x000000006f1fa5b0
 Begin Bits: [0x0000000012120000, 0x00000000140f0000)
 End Bits:   [0x00000000140f0000, 0x00000000160c0000)

Polling page: 0x0000000002050000

CodeCache: size=245760Kb used=3561Kb max_used=3571Kb free=242199Kb
 bounds [0x00000000022b0000, 0x0000000002640000, 0x00000000112b0000]
 total_blobs=1366 nmethods=855 adapters=424
 compilation: enabled

Compilation events (10 events):
Event: 7.239 Thread 0x0000000016e98000  851   !   3       org.lwjgl.opengl.WindowsDisplay::updateCursor (69 bytes)
Event: 7.240 Thread 0x0000000016e98000 nmethod 851 0x0000000002629210 code [0x0000000002629460, 0x000000000262a3d8]
Event: 7.499 Thread 0x0000000016e98000  852       3       sun.nio.cs.UnicodeEncoder::put (53 bytes)
Event: 7.499 Thread 0x0000000016e98000 nmethod 852 0x000000000262a9d0 code [0x000000000262ab80, 0x000000000262b078]
Event: 7.508 Thread 0x0000000016e98000  853  s    3       org.lwjgl.opengl.EventQueue::putEvent (80 bytes)
Event: 7.509 Thread 0x0000000016e98000 nmethod 853 0x000000000262b1d0 code [0x000000000262b420, 0x000000000262c4e8]
Event: 10.298 Thread 0x0000000016e8e000  854       4       java.util.ArrayList::iterator (10 bytes)
Event: 10.299 Thread 0x0000000016e8e000 nmethod 854 0x000000000262f850 code [0x000000000262f9a0, 0x000000000262fa78]
Event: 15.448 Thread 0x0000000016e91000  855   !   4       org.lwjgl.input.Keyboard::isKeyDown (45 bytes)
Event: 15.449 Thread 0x0000000016e91000 nmethod 855 0x000000000262ddd0 code [0x000000000262df20, 0x000000000262e1b8]

GC Heap History (0 events):
No events

Deoptimization events (10 events):
Event: 0.296 Thread 0x00000000021a0800 Uncommon trap: reason=unstable_if action=reinterpret pc=0x000000000240a0e8 method=java.lang.String.indexOf([CII[CIII)I @ 123
Event: 0.470 Thread 0x00000000021a0800 Uncommon trap: reason=unstable_if action=reinterpret pc=0x0000000002500e84 method=java.awt.image.BufferedImage.getRGB(IIII[III)[I @ 163
Event: 0.495 Thread 0x00000000021a0800 Uncommon trap: reason=predicate action=maybe_recompile pc=0x0000000002525cf4 method=java.awt.image.BufferedImage.getRGB(IIII[III)[I @ 181
Event: 0.495 Thread 0x00000000021a0800 Uncommon trap: reason=class_check action=maybe_recompile pc=0x000000000252c47c method=java.awt.image.BufferedImage.getRGB(IIII[III)[I @ 202
Event: 0.495 Thread 0x00000000021a0800 Uncommon trap: reason=class_check action=maybe_recompile pc=0x000000000252c47c method=java.awt.image.BufferedImage.getRGB(IIII[III)[I @ 202
Event: 0.495 Thread 0x00000000021a0800 Uncommon trap: reason=class_check action=maybe_recompile pc=0x000000000252c47c method=java.awt.image.BufferedImage.getRGB(IIII[III)[I @ 202
Event: 0.495 Thread 0x00000000021a0800 Uncommon trap: reason=class_check action=maybe_recompile pc=0x000000000252c47c method=java.awt.image.BufferedImage.getRGB(IIII[III)[I @ 202
Event: 2.831 Thread 0x00000000021a0800 Uncommon trap: reason=unstable_if action=reinterpret pc=0x00000000025d9958 method=java.util.ArrayList.indexOf(Ljava/lang/Object;)I @ 41
Event: 4.932 Thread 0x00000000021a0800 Uncommon trap: reason=predicate action=maybe_recompile pc=0x00000000025e5178 method=java.util.ArrayList.indexOf(Ljava/lang/Object;)I @ 44
Event: 5.899 Thread 0x00000000021a0800 Uncommon trap: reason=unstable_if action=reinterpret pc=0x00000000025a69b0 method=fr.benoitsepe.colonie.main.Gestion.render()V @ 54

Internal exceptions (10 events):
Event: 0.022 Thread 0x00000000021a0800 Exception <a 'java/lang/NoSuchMethodError': Method sun.misc.Unsafe.defineClass(Ljava/lang/String;[BII)Ljava/lang/Class; name or signature does not match> (0x00000000d598d690) thrown at [C:\workspace\8-2-build-windows-amd64-cygwin\jdk8u65\4987\hotspot\src\sêpTõa„ñ?
Event: 0.022 Thread 0x00000000021a0800 Exception <a 'java/lang/NoSuchMethodError': Method sun.misc.Unsafe.prefetchRead(Ljava/lang/Object;J)V name or signature does not match> (0x00000000d598d978) thrown at [C:\workspace\8-2-build-windows-amd64-cygwin\jdk8u65\4987\hotspot\src\share\vm\prims\jni./¡9YÄ”?
Event: 0.298 Thread 0x00000000021a0800 Exception <a 'java/security/PrivilegedActionException'> (0x00000000d5f15400) thrown at [C:\workspace\8-2-build-windows-amd64-cygwin\jdk8u65\4987\hotspot\src\share\vm\prims\jvm.cpp, line 1386]
Event: 0.298 Thread 0x00000000021a0800 Exception <a 'java/security/PrivilegedActionException'> (0x00000000d5f157f8) thrown at [C:\workspace\8-2-build-windows-amd64-cygwin\jdk8u65\4987\hotspot\src\share\vm\prims\jvm.cpp, line 1386]
Event: 0.298 Thread 0x00000000021a0800 Exception <a 'java/security/PrivilegedActionException'> (0x00000000d5f19770) thrown at [C:\workspace\8-2-build-windows-amd64-cygwin\jdk8u65\4987\hotspot\src\share\vm\prims\jvm.cpp, line 1386]
Event: 0.298 Thread 0x00000000021a0800 Exception <a 'java/security/PrivilegedActionException'> (0x00000000d5f19b68) thrown at [C:\workspace\8-2-build-windows-amd64-cygwin\jdk8u65\4987\hotspot\src\share\vm\prims\jvm.cpp, line 1386]
Event: 0.301 Thread 0x00000000021a0800 Exception <a 'java/io/FileNotFoundException'> (0x00000000d5f1ca70) thrown at [C:\workspace\8-2-build-windows-amd64-cygwin\jdk8u65\4987\hotspot\src\share\vm\prims\jni.cpp, line 709]
Event: 0.322 Thread 0x00000000021a0800 Exception <a 'java/lang/NoSuchFieldError': method resolution failed> (0x00000000d5fe9d50) thrown at [C:\workspace\8-2-build-windows-amd64-cygwin\jdk8u65\4987\hotspot\src\share\vm\prims\methodHandles.cpp, line 1146]
Event: 0.323 Thread 0x00000000021a0800 Exception <a 'java/lang/NoSuchFieldError': method resolution failed> (0x00000000d5ff7470) thrown at [C:\workspace\8-2-build-windows-amd64-cygwin\jdk8u65\4987\hotspot\src\share\vm\prims\methodHandles.cpp, line 1146]
Event: 0.379 Thread 0x00000000021a0800 Exception <a 'java/io/FileNotFoundException'> (0x00000000d61a3d38) thrown at [C:\workspace\8-2-build-windows-amd64-cygwin\jdk8u65\4987\hotspot\src\share\vm\prims\jni.cpp, line 709]

Events (10 events):
Event: 23.083 loading class java/util/IdentityHashMap$KeySet done
Event: 23.083 loading class java/util/IdentityHashMap$KeyIterator
Event: 23.083 loading class java/util/IdentityHashMap$KeyIterator done
Event: 23.083 Thread 0x000000001ec9b000 Thread added: 0x000000001ec9b000
Event: 23.083 Thread 0x0000000018930800 Thread added: 0x0000000018930800
Event: 23.084 loading class sun/java2d/pipe/hw/AccelDeviceEventNotifier
Event: 23.084 loading class sun/java2d/pipe/hw/AccelDeviceEventNotifier done
Event: 23.109 Thread 0x000000001ed34800 Thread exited: 0x000000001ed34800
Event: 23.184 Thread 0x000000001ec9b000 Thread exited: 0x000000001ec9b000
Event: 23.184 Executing VM operation: Exit


Dynamic libraries:
0x00007ff72f8e0000 - 0x00007ff72f917000 	C:\Program Files\Java\jre1.8.0_65\bin\javaw.exe
0x00007ffd6f550000 - 0x00007ffd6f711000 	C:\WINDOWS\SYSTEM32\ntdll.dll
0x00007ffd6f070000 - 0x00007ffd6f11d000 	C:\WINDOWS\system32\KERNEL32.DLL
0x00007ffd6c920000 - 0x00007ffd6cafd000 	C:\WINDOWS\system32\KERNELBASE.dll
0x00007ffd6cc90000 - 0x00007ffd6cd36000 	C:\WINDOWS\system32\ADVAPI32.dll
0x00007ffd6f2e0000 - 0x00007ffd6f37d000 	C:\WINDOWS\system32\msvcrt.dll
0x00007ffd6cf60000 - 0x00007ffd6cfbb000 	C:\WINDOWS\system32\sechost.dll
0x00007ffd6e880000 - 0x00007ffd6e9a6000 	C:\WINDOWS\system32\RPCRT4.dll
0x00007ffd6ef20000 - 0x00007ffd6f06e000 	C:\WINDOWS\system32\USER32.dll
0x00007ffd6d180000 - 0x00007ffd6d306000 	C:\WINDOWS\system32\GDI32.dll
0x00007ffd60490000 - 0x00007ffd60704000 	C:\WINDOWS\WinSxS\amd64_microsoft.windows.common-controls_6595b64144ccf1df_6.0.10240.16384_none_f41f7b285750ef43\COMCTL32.dll
0x00007ffd6d310000 - 0x00007ffd6d346000 	C:\WINDOWS\system32\IMM32.DLL
0x00007ffd6f390000 - 0x00007ffd6f4ec000 	C:\WINDOWS\system32\MSCTF.dll
0x000000006e760000 - 0x000000006e832000 	C:\Program Files\Java\jre1.8.0_65\bin\msvcr100.dll
0x000000006e9f0000 - 0x000000006f279000 	C:\Program Files\Java\jre1.8.0_65\bin\server\jvm.dll
0x00007ffd6f380000 - 0x00007ffd6f388000 	C:\WINDOWS\system32\PSAPI.DLL
0x00007ffd676b0000 - 0x00007ffd676ba000 	C:\WINDOWS\SYSTEM32\VERSION.dll
0x00007ffd67cd0000 - 0x00007ffd67cf3000 	C:\WINDOWS\SYSTEM32\WINMM.dll
0x00007ffd682d0000 - 0x00007ffd682d9000 	C:\WINDOWS\SYSTEM32\WSOCK32.dll
0x00007ffd6ec30000 - 0x00007ffd6ec99000 	C:\WINDOWS\system32\WS2_32.dll
0x00007ffd6cda0000 - 0x00007ffd6cda8000 	C:\WINDOWS\system32\NSI.dll
0x00007ffd67ca0000 - 0x00007ffd67ccc000 	C:\WINDOWS\SYSTEM32\WINMMBASE.dll
0x00007ffd6c700000 - 0x00007ffd6c744000 	C:\WINDOWS\system32\cfgmgr32.dll
0x00007ffd6a910000 - 0x00007ffd6a937000 	C:\WINDOWS\SYSTEM32\DEVOBJ.dll
0x000000006e900000 - 0x000000006e90f000 	C:\Program Files\Java\jre1.8.0_65\bin\verify.dll
0x000000006e8d0000 - 0x000000006e8f9000 	C:\Program Files\Java\jre1.8.0_65\bin\java.dll
0x000000006e8b0000 - 0x000000006e8c6000 	C:\Program Files\Java\jre1.8.0_65\bin\zip.dll
0x00007ffd6d350000 - 0x00007ffd6e872000 	C:\WINDOWS\system32\SHELL32.dll
0x00007ffd6c020000 - 0x00007ffd6c648000 	C:\WINDOWS\system32\windows.storage.dll
0x00007ffd6eca0000 - 0x00007ffd6ef1c000 	C:\WINDOWS\system32\combase.dll
0x00007ffd6cf00000 - 0x00007ffd6cf51000 	C:\WINDOWS\system32\shlwapi.dll
0x00007ffd6bf80000 - 0x00007ffd6bf8f000 	C:\WINDOWS\system32\kernel.appcore.dll
0x00007ffd6cb00000 - 0x00007ffd6cbb3000 	C:\WINDOWS\system32\shcore.dll
0x00007ffd6bfb0000 - 0x00007ffd6bffa000 	C:\WINDOWS\system32\powrprof.dll
0x00007ffd6c000000 - 0x00007ffd6c013000 	C:\WINDOWS\system32\profapi.dll
0x0000000180000000 - 0x0000000180053000 	C:\Users\Benoit\git\colonie\Colonie\lib\lwjgl-2.9.3\native\windows\lwjgl64.dll
0x00007ffd578c0000 - 0x00007ffd579e8000 	C:\WINDOWS\SYSTEM32\OPENGL32.dll
0x00007ffd64800000 - 0x00007ffd6482e000 	C:\WINDOWS\SYSTEM32\GLU32.dll
0x00007ffd60390000 - 0x00007ffd60486000 	C:\WINDOWS\SYSTEM32\DDRAW.dll
0x00007ffd66b10000 - 0x00007ffd66b18000 	C:\WINDOWS\SYSTEM32\DCIMAN32.dll
0x00007ffd6a850000 - 0x00007ffd6a8e6000 	C:\WINDOWS\system32\uxtheme.dll
0x00007ffd649e0000 - 0x00007ffd64a08000 	C:\Program Files (x86)\Raptr\ltc_help64-106568.dll
0x00007ffd6cbc0000 - 0x00007ffd6cc14000 	C:\WINDOWS\system32\WINTRUST.dll
0x00007ffd6bf90000 - 0x00007ffd6bfa1000 	C:\WINDOWS\system32\MSASN1.dll
0x00007ffd6c750000 - 0x00007ffd6c911000 	C:\WINDOWS\system32\CRYPT32.dll
0x00007ffd69ad0000 - 0x00007ffd69af2000 	C:\WINDOWS\system32\dwmapi.dll
0x00007ffd6bda0000 - 0x00007ffd6be0b000 	C:\WINDOWS\SYSTEM32\bcryptPrimitives.dll
0x00007ffd62420000 - 0x00007ffd62438000 	C:\WINDOWS\SYSTEM32\atig6pxx.dll
0x000000006c8c0000 - 0x000000006e757000 	C:\WINDOWS\SYSTEM32\atio6axx.dll
0x00007ffd6e9b0000 - 0x00007ffd6eb75000 	C:\WINDOWS\system32\SETUPAPI.dll
0x00007ffd4f670000 - 0x00007ffd4f7b8000 	C:\WINDOWS\SYSTEM32\atiadlxx.dll
0x00007ffd6cdb0000 - 0x00007ffd6cef1000 	C:\WINDOWS\system32\ole32.dll
0x00007ffd6b5f0000 - 0x00007ffd6b60f000 	C:\WINDOWS\SYSTEM32\USERENV.dll
0x00007ffd69b00000 - 0x00007ffd69b13000 	C:\WINDOWS\SYSTEM32\WTSAPI32.dll
0x00007ffd69b70000 - 0x00007ffd69cf3000 	C:\WINDOWS\SYSTEM32\PROPSYS.dll
0x00007ffd6a4f0000 - 0x00007ffd6a528000 	C:\WINDOWS\SYSTEM32\IPHLPAPI.DLL
0x00007ffd6f220000 - 0x00007ffd6f2de000 	C:\WINDOWS\system32\OLEAUT32.dll
0x00007ffd6a4e0000 - 0x00007ffd6a4eb000 	C:\WINDOWS\SYSTEM32\WINNSI.DLL
0x00007ffd60d80000 - 0x00007ffd60dac000 	C:\WINDOWS\SYSTEM32\atig6txx.dll
0x00007ffd57820000 - 0x00007ffd578b1000 	C:\WINDOWS\SYSTEM32\mscms.dll
0x00007ffd60d30000 - 0x00007ffd60d72000 	C:\WINDOWS\SYSTEM32\icm32.dll
0x000000006c720000 - 0x000000006c8b8000 	C:\Program Files\Java\jre1.8.0_65\bin\awt.dll
0x00007ffd690c0000 - 0x00007ffd69138000 	C:\WINDOWS\system32\apphelp.dll
0x000000006c6d0000 - 0x000000006c717000 	C:\Program Files\Java\jre1.8.0_65\bin\fontmanager.dll
0x000000006e890000 - 0x000000006e8aa000 	C:\Program Files\Java\jre1.8.0_65\bin\net.dll
0x00007ffd6b760000 - 0x00007ffd6b7bd000 	C:\WINDOWS\system32\mswsock.dll
0x000000006e870000 - 0x000000006e881000 	C:\Program Files\Java\jre1.8.0_65\bin\nio.dll
0x00007ffd50890000 - 0x00007ffd50aa0000 	C:\WINDOWS\system32\d3d9.dll
0x000000006bdd0000 - 0x000000006be12000 	C:\Program Files\Java\jre1.8.0_65\bin\t2k.dll
0x00007ffd6b7c0000 - 0x00007ffd6b7d7000 	C:\WINDOWS\system32\CRYPTSP.dll
0x00007ffd6beb0000 - 0x00007ffd6bed8000 	C:\WINDOWS\system32\bcrypt.dll
0x00007ffd6b410000 - 0x00007ffd6b443000 	C:\WINDOWS\system32\rsaenh.dll
0x00007ffd6b910000 - 0x00007ffd6b91b000 	C:\WINDOWS\SYSTEM32\CRYPTBASE.dll
0x00007ffd6f120000 - 0x00007ffd6f13c000 	C:\WINDOWS\system32\imagehlp.dll
0x00007ffd6aea0000 - 0x00007ffd6aec3000 	C:\WINDOWS\SYSTEM32\gpapi.dll
0x00007ffd55540000 - 0x00007ffd5556f000 	C:\Windows\System32\cryptnet.dll
0x00007ffd6cd40000 - 0x00007ffd6cd9b000 	C:\WINDOWS\system32\WLDAP32.dll
0x00007ffd4bc30000 - 0x00007ffd4be78000 	C:\PROGRA~2\Raptr\ltc_game64-106568.dll
0x00007ffd46340000 - 0x00007ffd464ca000 	C:\WINDOWS\SYSTEM32\dbghelp.dll

VM Arguments:
jvm_args: -Djava.library.path=C:\Users\Benoit\git\colonie\Colonie\lib\lwjgl-2.9.3\native\windows -Dfile.encoding=Cp1252 
java_command: fr.benoitsepe.colonie.main.Main
java_class_path (initial): C:\Users\Benoit\git\colonie\Colonie\bin;C:\Users\Benoit\git\colonie\Colonie\res;C:\Users\Benoit\git\colonie\Colonie\lib\lwjgl-2.9.3\jar\AppleJavaExtensions.jar;C:\Users\Benoit\git\colonie\Colonie\lib\lwjgl-2.9.3\jar\asm-debug-all.jar;C:\Users\Benoit\git\colonie\Colonie\lib\lwjgl-2.9.3\jar\jinput.jar;C:\Users\Benoit\git\colonie\Colonie\lib\lwjgl-2.9.3\jar\laf-plugin-7.2.1.jar;C:\Users\Benoit\git\colonie\Colonie\lib\lwjgl-2.9.3\jar\laf-widget-7.2.1.jar;C:\Users\Benoit\git\colonie\Colonie\lib\lwjgl-2.9.3\jar\log4j-api-2.0-beta9.jar;C:\Users\Benoit\git\colonie\Colonie\lib\lwjgl-2.9.3\jar\lwjgl_test.jar;C:\Users\Benoit\git\colonie\Colonie\lib\lwjgl-2.9.3\jar\lwjgl_util_applet.jar;C:\Users\Benoit\git\colonie\Colonie\lib\lwjgl-2.9.3\jar\lwjgl_util.jar;C:\Users\Benoit\git\colonie\Colonie\lib\lwjgl-2.9.3\jar\lwjgl-debug.jar;C:\Users\Benoit\git\colonie\Colonie\lib\lwjgl-2.9.3\jar\lwjgl.jar;C:\Users\Benoit\git\colonie\Colonie\lib\lwjgl-2.9.3\jar\lzma.jar;C:\Users\Benoit\git\colonie\Colonie\lib\lwjgl-2.9.3\jar\substance-7.2.1.jar;C:\Users\Benoit\git\colonie\Colonie\lib\lwjgl-2.9.3\jar\trident-7.2.1.jar
Launcher Type: SUN_STANDARD

Environment Variables:
PATH=C:/Program Files/Java/jre1.8.0_65/bin/server;C:/Program Files/Java/jre1.8.0_65/bin;C:/Program Files/Java/jre1.8.0_65/lib/amd64;C:\Program Files (x86)\Google\Chrome\Application;C:\ProgramData\Oracle\Java\javapath;C:\Program Files (x86)\NVIDIA Corporation\PhysX\Common;C:\WINDOWS\system32;C:\WINDOWS;C:\WINDOWS\System32\Wbem;C:\WINDOWS\System32\WindowsPowerShell\v1.0\;C:\Program Files (x86)\ATI Technologies\ATI.ACE\Core-Static;C:\WINDOWS\system32\config\systemprofile\.dnx\bin;C:\Program Files\Microsoft DNX\Dnvm\;C:\Program Files (x86)\Windows Kits\8.1\Windows Performance Toolkit\;C:\Program Files (x86)\Skype\Phone\;C:\Program Files\MATLAB\R2015b\bin;C:\Users\Benoit\AppData\Local\atom\bin;C:\Users\Benoit\Downloads;
USERNAME=BenoÓt
OS=Windows_NT
PROCESSOR_IDENTIFIER=Intel64 Family 6 Model 60 Stepping 3, GenuineIntel



---------------  S Y S T E M  ---------------

OS: Windows 10.0 , 64 bit Build 10240 (10.0.10240.16384)

CPU:total 4 (4 cores per cpu, 1 threads per core) family 6 model 60 stepping 3, cmov, cx8, fxsr, mmx, sse, sse2, sse3, ssse3, sse4.1, sse4.2, popcnt, avx, avx2, aes, clmul, erms, lzcnt, tsc, tscinvbit, bmi1, bmi2

Memory: 4k page, physical 8336240k(4157928k free), swap 9646960k(4541888k free)

vm_info: Java HotSpot(TM) 64-Bit Server VM (25.65-b01) for windows-amd64 JRE (1.8.0_65-b17), built on Oct  6 2015 16:39:20 by "java_re" with MS VC++ 10.0 (VS2010)

time: Mon Dec 28 15:15:02 2015
elapsed time: 23 seconds (0d 0h 0m 23s)

